{"/Users/macbookpro/M4_Projects/Prodaction/marque_frontend/app/layout.tsx": {"path":"/Users/macbookpro/M4_Projects/Prodaction/marque_frontend/app/layout.tsx","statementMap":{"0":{"start":{"line":82,"column":24},"end":{"line":82,"column":35}},"1":{"start":{"line":17,"column":13},"end":{"line":17,"column":21}},"2":{"start":{"line":74,"column":13},"end":{"line":74,"column":21}},"3":{"start":{"line":3,"column":22},"end":{"line":3,"column":null}},"4":{"start":{"line":4,"column":24},"end":{"line":4,"column":null}},"5":{"start":{"line":5,"column":30},"end":{"line":5,"column":null}},"6":{"start":{"line":6,"column":32},"end":{"line":6,"column":null}},"7":{"start":{"line":7,"column":37},"end":{"line":7,"column":null}},"8":{"start":{"line":8,"column":7},"end":{"line":8,"column":null}},"9":{"start":{"line":10,"column":14},"end":{"line":15,"column":null}},"10":{"start":{"line":17,"column":34},"end":{"line":72,"column":null}},"11":{"start":{"line":74,"column":34},"end":{"line":80,"column":null}}},"fnMap":{"0":{"name":"RootLayout","decl":{"start":{"line":82,"column":24},"end":{"line":82,"column":35}},"loc":{"start":{"line":86,"column":2},"end":{"line":108,"column":1}}}},"branchMap":{},"s":{"0":0,"1":0,"2":0,"3":0,"4":0,"5":0,"6":0,"7":0,"8":0,"9":0,"10":0,"11":0},"f":{"0":0},"b":{}}
,"/Users/macbookpro/M4_Projects/Prodaction/marque_frontend/app/loading.tsx": {"path":"/Users/macbookpro/M4_Projects/Prodaction/marque_frontend/app/loading.tsx","statementMap":{"0":{"start":{"line":1,"column":24},"end":{"line":1,"column":null}},"1":{"start":{"line":2,"column":2},"end":{"line":2,"column":null}}},"fnMap":{"0":{"name":"Loading","decl":{"start":{"line":1,"column":24},"end":{"line":1,"column":null}},"loc":{"start":{"line":1,"column":24},"end":{"line":3,"column":null}}}},"branchMap":{},"s":{"0":0,"1":0},"f":{"0":0},"b":{}}
,"/Users/macbookpro/M4_Projects/Prodaction/marque_frontend/app/page.tsx": {"path":"/Users/macbookpro/M4_Projects/Prodaction/marque_frontend/app/page.tsx","statementMap":{"0":{"start":{"line":20,"column":24},"end":{"line":20,"column":null}},"1":{"start":{"line":5,"column":36},"end":{"line":5,"column":null}},"2":{"start":{"line":6,"column":83},"end":{"line":6,"column":null}},"3":{"start":{"line":7,"column":23},"end":{"line":7,"column":null}},"4":{"start":{"line":8,"column":22},"end":{"line":8,"column":null}},"5":{"start":{"line":12,"column":55},"end":{"line":12,"column":null}},"6":{"start":{"line":13,"column":17},"end":{"line":13,"column":null}},"7":{"start":{"line":14,"column":43},"end":{"line":14,"column":null}},"8":{"start":{"line":15,"column":24},"end":{"line":15,"column":null}},"9":{"start":{"line":16,"column":27},"end":{"line":16,"column":null}},"10":{"start":{"line":17,"column":28},"end":{"line":17,"column":null}},"11":{"start":{"line":18,"column":40},"end":{"line":18,"column":null}},"12":{"start":{"line":21,"column":17},"end":{"line":21,"column":null}},"13":{"start":{"line":22,"column":23},"end":{"line":22,"column":null}},"14":{"start":{"line":23,"column":15},"end":{"line":23,"column":null}},"15":{"start":{"line":24,"column":25},"end":{"line":24,"column":null}},"16":{"start":{"line":25,"column":81},"end":{"line":25,"column":null}},"17":{"start":{"line":26,"column":40},"end":{"line":26,"column":null}},"18":{"start":{"line":27,"column":60},"end":{"line":27,"column":null}},"19":{"start":{"line":28,"column":40},"end":{"line":28,"column":null}},"20":{"start":{"line":29,"column":64},"end":{"line":29,"column":null}},"21":{"start":{"line":30,"column":44},"end":{"line":30,"column":null}},"22":{"start":{"line":33,"column":44},"end":{"line":33,"column":null}},"23":{"start":{"line":34,"column":50},"end":{"line":34,"column":null}},"24":{"start":{"line":35,"column":52},"end":{"line":35,"column":null}},"25":{"start":{"line":36,"column":58},"end":{"line":36,"column":null}},"26":{"start":{"line":39,"column":40},"end":{"line":39,"column":null}},"27":{"start":{"line":40,"column":40},"end":{"line":40,"column":null}},"28":{"start":{"line":41,"column":32},"end":{"line":41,"column":null}},"29":{"start":{"line":42,"column":42},"end":{"line":42,"column":null}},"30":{"start":{"line":43,"column":48},"end":{"line":43,"column":null}},"31":{"start":{"line":44,"column":46},"end":{"line":44,"column":null}},"32":{"start":{"line":45,"column":44},"end":{"line":45,"column":null}},"33":{"start":{"line":46,"column":50},"end":{"line":46,"column":null}},"34":{"start":{"line":47,"column":44},"end":{"line":47,"column":null}},"35":{"start":{"line":48,"column":56},"end":{"line":48,"column":null}},"36":{"start":{"line":49,"column":34},"end":{"line":49,"column":null}},"37":{"start":{"line":50,"column":38},"end":{"line":50,"column":null}},"38":{"start":{"line":51,"column":40},"end":{"line":51,"column":null}},"39":{"start":{"line":52,"column":48},"end":{"line":52,"column":null}},"40":{"start":{"line":54,"column":28},"end":{"line":60,"column":null}},"41":{"start":{"line":63,"column":23},"end":{"line":66,"column":null}},"42":{"start":{"line":71,"column":24},"end":{"line":80,"column":null}},"43":{"start":{"line":72,"column":4},"end":{"line":79,"column":null}},"44":{"start":{"line":73,"column":27},"end":{"line":73,"column":null}},"45":{"start":{"line":74,"column":25},"end":{"line":74,"column":null}},"46":{"start":{"line":74,"column":75},"end":{"line":74,"column":96}},"47":{"start":{"line":75,"column":6},"end":{"line":75,"column":null}},"48":{"start":{"line":77,"column":6},"end":{"line":77,"column":null}},"49":{"start":{"line":78,"column":6},"end":{"line":78,"column":null}},"50":{"start":{"line":83,"column":2},"end":{"line":129,"column":null}},"51":{"start":{"line":84,"column":28},"end":{"line":126,"column":null}},"52":{"start":{"line":85,"column":6},"end":{"line":125,"column":null}},"53":{"start":{"line":86,"column":8},"end":{"line":86,"column":null}},"54":{"start":{"line":89,"column":8},"end":{"line":97,"column":null}},"55":{"start":{"line":90,"column":31},"end":{"line":90,"column":null}},"56":{"start":{"line":91,"column":10},"end":{"line":94,"column":null}},"57":{"start":{"line":92,"column":12},"end":{"line":92,"column":null}},"58":{"start":{"line":93,"column":12},"end":{"line":93,"column":null}},"59":{"start":{"line":96,"column":10},"end":{"line":96,"column":null}},"60":{"start":{"line":100,"column":8},"end":{"line":120,"column":null}},"61":{"start":{"line":101,"column":10},"end":{"line":101,"column":null}},"62":{"start":{"line":102,"column":30},"end":{"line":102,"column":null}},"63":{"start":{"line":103,"column":10},"end":{"line":103,"column":null}},"64":{"start":{"line":105,"column":10},"end":{"line":115,"column":null}},"65":{"start":{"line":107,"column":32},"end":{"line":108,"column":null}},"66":{"start":{"line":108,"column":31},"end":{"line":108,"column":null}},"67":{"start":{"line":110,"column":12},"end":{"line":110,"column":null}},"68":{"start":{"line":111,"column":12},"end":{"line":111,"column":null}},"69":{"start":{"line":112,"column":12},"end":{"line":112,"column":null}},"70":{"start":{"line":114,"column":12},"end":{"line":114,"column":null}},"71":{"start":{"line":117,"column":10},"end":{"line":117,"column":null}},"72":{"start":{"line":118,"column":10},"end":{"line":118,"column":null}},"73":{"start":{"line":122,"column":8},"end":{"line":122,"column":null}},"74":{"start":{"line":124,"column":8},"end":{"line":124,"column":null}},"75":{"start":{"line":128,"column":4},"end":{"line":128,"column":null}},"76":{"start":{"line":132,"column":2},"end":{"line":138,"column":null}},"77":{"start":{"line":133,"column":4},"end":{"line":133,"column":null}},"78":{"start":{"line":134,"column":4},"end":{"line":134,"column":null}},"79":{"start":{"line":135,"column":4},"end":{"line":137,"column":null}},"80":{"start":{"line":136,"column":6},"end":{"line":136,"column":null}},"81":{"start":{"line":141,"column":2},"end":{"line":162,"column":null}},"82":{"start":{"line":142,"column":27},"end":{"line":160,"column":null}},"83":{"start":{"line":143,"column":6},"end":{"line":159,"column":null}},"84":{"start":{"line":144,"column":8},"end":{"line":158,"column":null}},"85":{"start":{"line":145,"column":10},"end":{"line":145,"column":null}},"86":{"start":{"line":146,"column":27},"end":{"line":146,"column":null}},"87":{"start":{"line":147,"column":10},"end":{"line":153,"column":null}},"88":{"start":{"line":148,"column":12},"end":{"line":148,"column":null}},"89":{"start":{"line":150,"column":12},"end":{"line":152,"column":null}},"90":{"start":{"line":151,"column":14},"end":{"line":151,"column":null}},"91":{"start":{"line":155,"column":10},"end":{"line":155,"column":null}},"92":{"start":{"line":157,"column":10},"end":{"line":157,"column":null}},"93":{"start":{"line":161,"column":4},"end":{"line":161,"column":null}},"94":{"start":{"line":165,"column":2},"end":{"line":183,"column":null}},"95":{"start":{"line":166,"column":30},"end":{"line":181,"column":null}},"96":{"start":{"line":167,"column":6},"end":{"line":180,"column":null}},"97":{"start":{"line":168,"column":8},"end":{"line":179,"column":null}},"98":{"start":{"line":169,"column":10},"end":{"line":169,"column":null}},"99":{"start":{"line":170,"column":27},"end":{"line":170,"column":null}},"100":{"start":{"line":171,"column":10},"end":{"line":173,"column":null}},"101":{"start":{"line":172,"column":12},"end":{"line":172,"column":null}},"102":{"start":{"line":175,"column":10},"end":{"line":175,"column":null}},"103":{"start":{"line":176,"column":10},"end":{"line":176,"column":null}},"104":{"start":{"line":178,"column":10},"end":{"line":178,"column":null}},"105":{"start":{"line":182,"column":4},"end":{"line":182,"column":null}},"106":{"start":{"line":186,"column":33},"end":{"line":190,"column":null}},"107":{"start":{"line":187,"column":4},"end":{"line":189,"column":null}},"108":{"start":{"line":188,"column":6},"end":{"line":188,"column":null}},"109":{"start":{"line":192,"column":30},"end":{"line":205,"column":null}},"110":{"start":{"line":193,"column":4},"end":{"line":193,"column":null}},"111":{"start":{"line":194,"column":4},"end":{"line":194,"column":null}},"112":{"start":{"line":196,"column":4},"end":{"line":204,"column":null}},"113":{"start":{"line":198,"column":6},"end":{"line":198,"column":null}},"114":{"start":{"line":201,"column":6},"end":{"line":203,"column":null}},"115":{"start":{"line":202,"column":8},"end":{"line":202,"column":null}},"116":{"start":{"line":207,"column":29},"end":{"line":209,"column":null}},"117":{"start":{"line":208,"column":4},"end":{"line":208,"column":null}},"118":{"start":{"line":211,"column":29},"end":{"line":215,"column":null}},"119":{"start":{"line":212,"column":18},"end":{"line":212,"column":32}},"120":{"start":{"line":213,"column":4},"end":{"line":213,"column":null}},"121":{"start":{"line":214,"column":4},"end":{"line":214,"column":null}},"122":{"start":{"line":217,"column":28},"end":{"line":221,"column":null}},"123":{"start":{"line":218,"column":4},"end":{"line":220,"column":null}},"124":{"start":{"line":219,"column":6},"end":{"line":219,"column":null}},"125":{"start":{"line":223,"column":27},"end":{"line":226,"column":null}},"126":{"start":{"line":225,"column":4},"end":{"line":225,"column":null}},"127":{"start":{"line":225,"column":21},"end":{"line":225,"column":54}},"128":{"start":{"line":228,"column":32},"end":{"line":231,"column":null}},"129":{"start":{"line":229,"column":4},"end":{"line":229,"column":null}},"130":{"start":{"line":230,"column":4},"end":{"line":230,"column":null}},"131":{"start":{"line":233,"column":27},"end":{"line":237,"column":null}},"132":{"start":{"line":234,"column":4},"end":{"line":234,"column":null}},"133":{"start":{"line":236,"column":4},"end":{"line":236,"column":null}},"134":{"start":{"line":240,"column":25},"end":{"line":338,"column":null}},"135":{"start":{"line":241,"column":4},"end":{"line":241,"column":null}},"136":{"start":{"line":241,"column":22},"end":{"line":241,"column":null}},"137":{"start":{"line":244,"column":33},"end":{"line":244,"column":null}},"138":{"start":{"line":244,"column":59},"end":{"line":244,"column":98}},"139":{"start":{"line":254,"column":29},"end":{"line":254,"column":null}},"140":{"start":{"line":267,"column":16},"end":{"line":268,"column":null}},"141":{"start":{"line":274,"column":33},"end":{"line":274,"column":null}},"142":{"start":{"line":300,"column":18},"end":{"line":301,"column":null}},"143":{"start":{"line":304,"column":35},"end":{"line":304,"column":null}},"144":{"start":{"line":340,"column":21},"end":{"line":371,"column":null}},"145":{"start":{"line":374,"column":30},"end":{"line":396,"column":null}},"146":{"start":{"line":399,"column":22},"end":{"line":399,"column":null}},"147":{"start":{"line":402,"column":46},"end":{"line":402,"column":null}},"148":{"start":{"line":405,"column":2},"end":{"line":417,"column":null}},"149":{"start":{"line":406,"column":4},"end":{"line":416,"column":null}},"150":{"start":{"line":408,"column":27},"end":{"line":414,"column":null}},"151":{"start":{"line":408,"column":71},"end":{"line":414,"column":null}},"152":{"start":{"line":415,"column":6},"end":{"line":415,"column":null}},"153":{"start":{"line":420,"column":2},"end":{"line":426,"column":null}},"154":{"start":{"line":421,"column":21},"end":{"line":423,"column":14}},"155":{"start":{"line":422,"column":6},"end":{"line":422,"column":null}},"156":{"start":{"line":422,"column":37},"end":{"line":422,"column":68}},"157":{"start":{"line":425,"column":4},"end":{"line":425,"column":null}},"158":{"start":{"line":425,"column":17},"end":{"line":425,"column":null}},"159":{"start":{"line":429,"column":28},"end":{"line":439,"column":null}},"160":{"start":{"line":431,"column":4},"end":{"line":437,"column":null}},"161":{"start":{"line":432,"column":6},"end":{"line":432,"column":null}},"162":{"start":{"line":432,"column":37},"end":{"line":432,"column":89}},"163":{"start":{"line":435,"column":9},"end":{"line":437,"column":null}},"164":{"start":{"line":436,"column":6},"end":{"line":436,"column":null}},"165":{"start":{"line":436,"column":37},"end":{"line":436,"column":68}},"166":{"start":{"line":442,"column":28},"end":{"line":449,"column":null}},"167":{"start":{"line":443,"column":20},"end":{"line":443,"column":22}},"168":{"start":{"line":444,"column":4},"end":{"line":447,"column":null}},"169":{"start":{"line":444,"column":17},"end":{"line":444,"column":20}},"170":{"start":{"line":445,"column":20},"end":{"line":445,"column":66}},"171":{"start":{"line":446,"column":6},"end":{"line":446,"column":null}},"172":{"start":{"line":448,"column":4},"end":{"line":448,"column":null}},"173":{"start":{"line":452,"column":2},"end":{"line":488,"column":null}},"174":{"start":{"line":453,"column":25},"end":{"line":484,"column":null}},"175":{"start":{"line":454,"column":6},"end":{"line":454,"column":null}},"176":{"start":{"line":454,"column":65},"end":{"line":454,"column":null}},"177":{"start":{"line":456,"column":24},"end":{"line":456,"column":80}},"178":{"start":{"line":457,"column":27},"end":{"line":457,"column":45}},"179":{"start":{"line":458,"column":29},"end":{"line":458,"column":66}},"180":{"start":{"line":461,"column":6},"end":{"line":483,"column":null}},"181":{"start":{"line":462,"column":8},"end":{"line":462,"column":null}},"182":{"start":{"line":464,"column":8},"end":{"line":482,"column":null}},"183":{"start":{"line":466,"column":28},"end":{"line":466,"column":null}},"184":{"start":{"line":468,"column":10},"end":{"line":476,"column":null}},"185":{"start":{"line":469,"column":12},"end":{"line":469,"column":null}},"186":{"start":{"line":469,"column":38},"end":{"line":469,"column":null}},"187":{"start":{"line":471,"column":12},"end":{"line":473,"column":null}},"188":{"start":{"line":472,"column":14},"end":{"line":472,"column":null}},"189":{"start":{"line":475,"column":12},"end":{"line":475,"column":null}},"190":{"start":{"line":478,"column":10},"end":{"line":478,"column":null}},"191":{"start":{"line":479,"column":10},"end":{"line":479,"column":null}},"192":{"start":{"line":481,"column":10},"end":{"line":481,"column":null}},"193":{"start":{"line":486,"column":4},"end":{"line":486,"column":null}},"194":{"start":{"line":487,"column":4},"end":{"line":487,"column":null}},"195":{"start":{"line":487,"column":17},"end":{"line":487,"column":null}},"196":{"start":{"line":491,"column":35},"end":{"line":503,"column":null}},"197":{"start":{"line":494,"column":19},"end":{"line":494,"column":21}},"198":{"start":{"line":495,"column":24},"end":{"line":495,"column":45}},"199":{"start":{"line":498,"column":4},"end":{"line":501,"column":null}},"200":{"start":{"line":498,"column":17},"end":{"line":498,"column":20}},"201":{"start":{"line":499,"column":20},"end":{"line":499,"column":null}},"202":{"start":{"line":500,"column":6},"end":{"line":500,"column":null}},"203":{"start":{"line":502,"column":4},"end":{"line":502,"column":null}},"204":{"start":{"line":547,"column":46},"end":{"line":547,"column":null}},"205":{"start":{"line":549,"column":24},"end":{"line":550,"column":null}},"206":{"start":{"line":552,"column":41},"end":{"line":552,"column":null}},"207":{"start":{"line":560,"column":44},"end":{"line":560,"column":null}},"208":{"start":{"line":661,"column":14},"end":{"line":662,"column":null}},"209":{"start":{"line":670,"column":31},"end":{"line":670,"column":null}},"210":{"start":{"line":690,"column":24},"end":{"line":690,"column":null}},"211":{"start":{"line":713,"column":16},"end":{"line":714,"column":null}},"212":{"start":{"line":730,"column":14},"end":{"line":731,"column":null}},"213":{"start":{"line":733,"column":31},"end":{"line":733,"column":null}},"214":{"start":{"line":750,"column":40},"end":{"line":750,"column":80}},"215":{"start":{"line":766,"column":16},"end":{"line":767,"column":null}},"216":{"start":{"line":788,"column":18},"end":{"line":789,"column":null}},"217":{"start":{"line":801,"column":48},"end":{"line":801,"column":null}}},"fnMap":{"0":{"name":"MarquePage","decl":{"start":{"line":20,"column":24},"end":{"line":20,"column":null}},"loc":{"start":{"line":20,"column":24},"end":{"line":857,"column":null}}},"1":{"name":"(anonymous_3)","decl":{"start":{"line":71,"column":24},"end":{"line":71,"column":null}},"loc":{"start":{"line":71,"column":24},"end":{"line":80,"column":null}}},"2":{"name":"(anonymous_4)","decl":{"start":{"line":74,"column":45},"end":{"line":74,"column":46}},"loc":{"start":{"line":74,"column":75},"end":{"line":74,"column":96}}},"3":{"name":"(anonymous_5)","decl":{"start":{"line":83,"column":12},"end":{"line":83,"column":null}},"loc":{"start":{"line":83,"column":12},"end":{"line":129,"column":5}}},"4":{"name":"(anonymous_6)","decl":{"start":{"line":84,"column":28},"end":{"line":84,"column":null}},"loc":{"start":{"line":84,"column":28},"end":{"line":126,"column":null}}},"5":{"name":"(anonymous_7)","decl":{"start":{"line":108,"column":14},"end":{"line":108,"column":15}},"loc":{"start":{"line":108,"column":31},"end":{"line":108,"column":null}}},"6":{"name":"(anonymous_8)","decl":{"start":{"line":132,"column":12},"end":{"line":132,"column":null}},"loc":{"start":{"line":132,"column":12},"end":{"line":138,"column":5}}},"7":{"name":"(anonymous_9)","decl":{"start":{"line":141,"column":12},"end":{"line":141,"column":null}},"loc":{"start":{"line":141,"column":12},"end":{"line":162,"column":5}}},"8":{"name":"(anonymous_10)","decl":{"start":{"line":142,"column":27},"end":{"line":142,"column":null}},"loc":{"start":{"line":142,"column":27},"end":{"line":160,"column":null}}},"9":{"name":"(anonymous_11)","decl":{"start":{"line":165,"column":12},"end":{"line":165,"column":null}},"loc":{"start":{"line":165,"column":12},"end":{"line":183,"column":5}}},"10":{"name":"(anonymous_12)","decl":{"start":{"line":166,"column":30},"end":{"line":166,"column":null}},"loc":{"start":{"line":166,"column":30},"end":{"line":181,"column":null}}},"11":{"name":"(anonymous_13)","decl":{"start":{"line":186,"column":33},"end":{"line":186,"column":null}},"loc":{"start":{"line":186,"column":33},"end":{"line":190,"column":null}}},"12":{"name":"(anonymous_14)","decl":{"start":{"line":187,"column":21},"end":{"line":187,"column":null}},"loc":{"start":{"line":187,"column":21},"end":{"line":189,"column":null}}},"13":{"name":"(anonymous_15)","decl":{"start":{"line":192,"column":30},"end":{"line":192,"column":31}},"loc":{"start":{"line":192,"column":52},"end":{"line":205,"column":null}}},"14":{"name":"(anonymous_16)","decl":{"start":{"line":201,"column":23},"end":{"line":201,"column":null}},"loc":{"start":{"line":201,"column":23},"end":{"line":203,"column":null}}},"15":{"name":"(anonymous_17)","decl":{"start":{"line":207,"column":29},"end":{"line":207,"column":null}},"loc":{"start":{"line":207,"column":29},"end":{"line":209,"column":null}}},"16":{"name":"(anonymous_18)","decl":{"start":{"line":211,"column":29},"end":{"line":211,"column":30}},"loc":{"start":{"line":211,"column":30},"end":{"line":215,"column":null}}},"17":{"name":"(anonymous_19)","decl":{"start":{"line":217,"column":28},"end":{"line":217,"column":null}},"loc":{"start":{"line":217,"column":28},"end":{"line":221,"column":null}}},"18":{"name":"(anonymous_20)","decl":{"start":{"line":223,"column":27},"end":{"line":223,"column":null}},"loc":{"start":{"line":223,"column":27},"end":{"line":226,"column":null}}},"19":{"name":"(anonymous_21)","decl":{"start":{"line":225,"column":15},"end":{"line":225,"column":21}},"loc":{"start":{"line":225,"column":21},"end":{"line":225,"column":54}}},"20":{"name":"(anonymous_22)","decl":{"start":{"line":228,"column":32},"end":{"line":228,"column":33}},"loc":{"start":{"line":228,"column":33},"end":{"line":231,"column":null}}},"21":{"name":"(anonymous_23)","decl":{"start":{"line":233,"column":27},"end":{"line":233,"column":28}},"loc":{"start":{"line":233,"column":48},"end":{"line":237,"column":null}}},"22":{"name":"(anonymous_24)","decl":{"start":{"line":240,"column":25},"end":{"line":240,"column":null}},"loc":{"start":{"line":240,"column":25},"end":{"line":338,"column":null}}},"23":{"name":"(anonymous_25)","decl":{"start":{"line":244,"column":52},"end":{"line":244,"column":59}},"loc":{"start":{"line":244,"column":59},"end":{"line":244,"column":98}}},"24":{"name":"(anonymous_26)","decl":{"start":{"line":254,"column":23},"end":{"line":254,"column":29}},"loc":{"start":{"line":254,"column":29},"end":{"line":254,"column":null}}},"25":{"name":"(anonymous_27)","decl":{"start":{"line":266,"column":32},"end":{"line":266,"column":33}},"loc":{"start":{"line":267,"column":16},"end":{"line":268,"column":null}}},"26":{"name":"(anonymous_28)","decl":{"start":{"line":274,"column":27},"end":{"line":274,"column":33}},"loc":{"start":{"line":274,"column":33},"end":{"line":274,"column":null}}},"27":{"name":"(anonymous_29)","decl":{"start":{"line":299,"column":37},"end":{"line":299,"column":38}},"loc":{"start":{"line":300,"column":18},"end":{"line":301,"column":null}}},"28":{"name":"(anonymous_30)","decl":{"start":{"line":304,"column":29},"end":{"line":304,"column":35}},"loc":{"start":{"line":304,"column":35},"end":{"line":304,"column":null}}},"29":{"name":"(anonymous_31)","decl":{"start":{"line":405,"column":12},"end":{"line":405,"column":null}},"loc":{"start":{"line":405,"column":12},"end":{"line":417,"column":5}}},"30":{"name":"(anonymous_32)","decl":{"start":{"line":408,"column":59},"end":{"line":408,"column":71}},"loc":{"start":{"line":408,"column":71},"end":{"line":414,"column":null}}},"31":{"name":"(anonymous_33)","decl":{"start":{"line":420,"column":12},"end":{"line":420,"column":null}},"loc":{"start":{"line":420,"column":12},"end":{"line":426,"column":5}}},"32":{"name":"(anonymous_34)","decl":{"start":{"line":421,"column":33},"end":{"line":421,"column":null}},"loc":{"start":{"line":421,"column":33},"end":{"line":423,"column":7}}},"33":{"name":"(anonymous_35)","decl":{"start":{"line":422,"column":29},"end":{"line":422,"column":37}},"loc":{"start":{"line":422,"column":37},"end":{"line":422,"column":68}}},"34":{"name":"(anonymous_36)","decl":{"start":{"line":425,"column":11},"end":{"line":425,"column":17}},"loc":{"start":{"line":425,"column":17},"end":{"line":425,"column":null}}},"35":{"name":"(anonymous_37)","decl":{"start":{"line":429,"column":28},"end":{"line":429,"column":29}},"loc":{"start":{"line":429,"column":29},"end":{"line":439,"column":null}}},"36":{"name":"(anonymous_38)","decl":{"start":{"line":432,"column":29},"end":{"line":432,"column":37}},"loc":{"start":{"line":432,"column":37},"end":{"line":432,"column":89}}},"37":{"name":"(anonymous_39)","decl":{"start":{"line":436,"column":29},"end":{"line":436,"column":37}},"loc":{"start":{"line":436,"column":37},"end":{"line":436,"column":68}}},"38":{"name":"(anonymous_40)","decl":{"start":{"line":442,"column":28},"end":{"line":442,"column":null}},"loc":{"start":{"line":442,"column":28},"end":{"line":449,"column":null}}},"39":{"name":"(anonymous_41)","decl":{"start":{"line":452,"column":12},"end":{"line":452,"column":null}},"loc":{"start":{"line":452,"column":12},"end":{"line":488,"column":5}}},"40":{"name":"(anonymous_42)","decl":{"start":{"line":453,"column":25},"end":{"line":453,"column":null}},"loc":{"start":{"line":453,"column":25},"end":{"line":484,"column":null}}},"41":{"name":"(anonymous_43)","decl":{"start":{"line":469,"column":30},"end":{"line":469,"column":38}},"loc":{"start":{"line":469,"column":38},"end":{"line":469,"column":null}}},"42":{"name":"(anonymous_44)","decl":{"start":{"line":487,"column":11},"end":{"line":487,"column":17}},"loc":{"start":{"line":487,"column":17},"end":{"line":487,"column":null}}},"43":{"name":"(anonymous_45)","decl":{"start":{"line":491,"column":35},"end":{"line":491,"column":null}},"loc":{"start":{"line":491,"column":35},"end":{"line":503,"column":null}}},"44":{"name":"(anonymous_46)","decl":{"start":{"line":547,"column":30},"end":{"line":547,"column":31}},"loc":{"start":{"line":547,"column":46},"end":{"line":547,"column":null}}},"45":{"name":"(anonymous_47)","decl":{"start":{"line":548,"column":27},"end":{"line":548,"column":28}},"loc":{"start":{"line":549,"column":24},"end":{"line":550,"column":null}}},"46":{"name":"(anonymous_48)","decl":{"start":{"line":552,"column":35},"end":{"line":552,"column":41}},"loc":{"start":{"line":552,"column":41},"end":{"line":552,"column":null}}},"47":{"name":"(anonymous_49)","decl":{"start":{"line":560,"column":37},"end":{"line":560,"column":38}},"loc":{"start":{"line":560,"column":44},"end":{"line":560,"column":null}}},"48":{"name":"(anonymous_50)","decl":{"start":{"line":660,"column":37},"end":{"line":660,"column":38}},"loc":{"start":{"line":661,"column":14},"end":{"line":662,"column":null}}},"49":{"name":"(anonymous_51)","decl":{"start":{"line":670,"column":25},"end":{"line":670,"column":31}},"loc":{"start":{"line":670,"column":31},"end":{"line":670,"column":null}}},"50":{"name":"(anonymous_52)","decl":{"start":{"line":689,"column":31},"end":{"line":689,"column":32}},"loc":{"start":{"line":689,"column":32},"end":{"line":691,"column":null}}},"51":{"name":"(anonymous_53)","decl":{"start":{"line":712,"column":31},"end":{"line":712,"column":32}},"loc":{"start":{"line":713,"column":16},"end":{"line":714,"column":null}}},"52":{"name":"(anonymous_54)","decl":{"start":{"line":729,"column":37},"end":{"line":729,"column":38}},"loc":{"start":{"line":730,"column":14},"end":{"line":731,"column":null}}},"53":{"name":"(anonymous_55)","decl":{"start":{"line":733,"column":25},"end":{"line":733,"column":31}},"loc":{"start":{"line":733,"column":31},"end":{"line":733,"column":null}}},"54":{"name":"(anonymous_56)","decl":{"start":{"line":750,"column":31},"end":{"line":750,"column":32}},"loc":{"start":{"line":750,"column":32},"end":{"line":750,"column":null}}},"55":{"name":"(anonymous_57)","decl":{"start":{"line":765,"column":31},"end":{"line":765,"column":32}},"loc":{"start":{"line":766,"column":16},"end":{"line":767,"column":null}}},"56":{"name":"(anonymous_58)","decl":{"start":{"line":787,"column":36},"end":{"line":787,"column":37}},"loc":{"start":{"line":788,"column":18},"end":{"line":789,"column":null}}},"57":{"name":"(anonymous_59)","decl":{"start":{"line":801,"column":41},"end":{"line":801,"column":42}},"loc":{"start":{"line":801,"column":48},"end":{"line":801,"column":null}}}},"branchMap":{"0":{"loc":{"start":{"line":73,"column":38},"end":{"line":73,"column":null}},"type":"binary-expr","locations":[{"start":{"line":73,"column":38},"end":{"line":73,"column":70}},{"start":{"line":73,"column":70},"end":{"line":73,"column":null}}]},"1":{"loc":{"start":{"line":91,"column":10},"end":{"line":94,"column":null}},"type":"if","locations":[{"start":{"line":91,"column":10},"end":{"line":94,"column":null}}]},"2":{"loc":{"start":{"line":91,"column":14},"end":{"line":91,"column":55}},"type":"binary-expr","locations":[{"start":{"line":91,"column":14},"end":{"line":91,"column":30}},{"start":{"line":91,"column":30},"end":{"line":91,"column":55}}]},"3":{"loc":{"start":{"line":105,"column":10},"end":{"line":115,"column":null}},"type":"if","locations":[{"start":{"line":105,"column":10},"end":{"line":115,"column":null}},{"start":{"line":113,"column":17},"end":{"line":115,"column":null}}]},"4":{"loc":{"start":{"line":105,"column":14},"end":{"line":105,"column":70}},"type":"binary-expr","locations":[{"start":{"line":105,"column":14},"end":{"line":105,"column":38}},{"start":{"line":105,"column":38},"end":{"line":105,"column":70}}]},"5":{"loc":{"start":{"line":135,"column":4},"end":{"line":137,"column":null}},"type":"if","locations":[{"start":{"line":135,"column":4},"end":{"line":137,"column":null}}]},"6":{"loc":{"start":{"line":143,"column":6},"end":{"line":159,"column":null}},"type":"if","locations":[{"start":{"line":143,"column":6},"end":{"line":159,"column":null}}]},"7":{"loc":{"start":{"line":143,"column":10},"end":{"line":143,"column":53}},"type":"binary-expr","locations":[{"start":{"line":143,"column":10},"end":{"line":143,"column":25}},{"start":{"line":143,"column":25},"end":{"line":143,"column":53}}]},"8":{"loc":{"start":{"line":147,"column":10},"end":{"line":153,"column":null}},"type":"if","locations":[{"start":{"line":147,"column":10},"end":{"line":153,"column":null}}]},"9":{"loc":{"start":{"line":147,"column":14},"end":{"line":147,"column":70}},"type":"binary-expr","locations":[{"start":{"line":147,"column":14},"end":{"line":147,"column":38}},{"start":{"line":147,"column":38},"end":{"line":147,"column":70}}]},"10":{"loc":{"start":{"line":150,"column":12},"end":{"line":152,"column":null}},"type":"if","locations":[{"start":{"line":150,"column":12},"end":{"line":152,"column":null}}]},"11":{"loc":{"start":{"line":150,"column":16},"end":{"line":150,"column":74}},"type":"binary-expr","locations":[{"start":{"line":150,"column":16},"end":{"line":150,"column":44}},{"start":{"line":150,"column":44},"end":{"line":150,"column":74}}]},"12":{"loc":{"start":{"line":167,"column":6},"end":{"line":180,"column":null}},"type":"if","locations":[{"start":{"line":167,"column":6},"end":{"line":180,"column":null}}]},"13":{"loc":{"start":{"line":171,"column":10},"end":{"line":173,"column":null}},"type":"if","locations":[{"start":{"line":171,"column":10},"end":{"line":173,"column":null}}]},"14":{"loc":{"start":{"line":196,"column":4},"end":{"line":204,"column":null}},"type":"if","locations":[{"start":{"line":196,"column":4},"end":{"line":204,"column":null}},{"start":{"line":199,"column":11},"end":{"line":204,"column":null}}]},"15":{"loc":{"start":{"line":218,"column":4},"end":{"line":220,"column":null}},"type":"if","locations":[{"start":{"line":218,"column":4},"end":{"line":220,"column":null}}]},"16":{"loc":{"start":{"line":241,"column":4},"end":{"line":241,"column":null}},"type":"if","locations":[{"start":{"line":241,"column":4},"end":{"line":241,"column":null}}]},"17":{"loc":{"start":{"line":244,"column":33},"end":{"line":244,"column":null}},"type":"binary-expr","locations":[{"start":{"line":244,"column":33},"end":{"line":244,"column":106}},{"start":{"line":244,"column":106},"end":{"line":244,"column":null}}]},"18":{"loc":{"start":{"line":264,"column":14},"end":{"line":265,"column":30}},"type":"cond-expr","locations":[{"start":{"line":264,"column":14},"end":{"line":265,"column":30}}]},"19":{"loc":{"start":{"line":266,"column":14},"end":{"line":268,"column":null}},"type":"cond-expr","locations":[{"start":{"line":266,"column":14},"end":{"line":268,"column":null}}]},"20":{"loc":{"start":{"line":270,"column":20},"end":{"line":272,"column":null}},"type":"cond-expr","locations":[{"start":{"line":271,"column":24},"end":{"line":271,"column":null}},{"start":{"line":272,"column":24},"end":{"line":272,"column":null}}]},"21":{"loc":{"start":{"line":277,"column":52},"end":{"line":277,"column":127}},"type":"cond-expr","locations":[{"start":{"line":277,"column":96},"end":{"line":277,"column":111}},{"start":{"line":277,"column":111},"end":{"line":277,"column":127}}]},"22":{"loc":{"start":{"line":268,"column":23},"end":{"line":268,"column":51}},"type":"binary-expr","locations":[{"start":{"line":268,"column":23},"end":{"line":268,"column":34}},{"start":{"line":268,"column":38},"end":{"line":268,"column":51}}]},"23":{"loc":{"start":{"line":287,"column":9},"end":{"line":287,"column":null}},"type":"binary-expr","locations":[{"start":{"line":287,"column":9},"end":{"line":287,"column":null}}]},"24":{"loc":{"start":{"line":297,"column":16},"end":{"line":298,"column":35}},"type":"cond-expr","locations":[{"start":{"line":297,"column":16},"end":{"line":298,"column":35}}]},"25":{"loc":{"start":{"line":299,"column":16},"end":{"line":301,"column":null}},"type":"cond-expr","locations":[{"start":{"line":299,"column":16},"end":{"line":301,"column":null}}]},"26":{"loc":{"start":{"line":311,"column":31},"end":{"line":311,"column":null}},"type":"binary-expr","locations":[{"start":{"line":311,"column":31},"end":{"line":311,"column":47}},{"start":{"line":311,"column":51},"end":{"line":311,"column":63}},{"start":{"line":311,"column":67},"end":{"line":311,"column":null}}]},"27":{"loc":{"start":{"line":325,"column":75},"end":{"line":325,"column":null}},"type":"binary-expr","locations":[{"start":{"line":325,"column":75},"end":{"line":325,"column":95}},{"start":{"line":325,"column":99},"end":{"line":325,"column":null}}]},"28":{"loc":{"start":{"line":301,"column":25},"end":{"line":301,"column":49}},"type":"binary-expr","locations":[{"start":{"line":301,"column":25},"end":{"line":301,"column":34}},{"start":{"line":301,"column":38},"end":{"line":301,"column":49}}]},"29":{"loc":{"start":{"line":399,"column":22},"end":{"line":399,"column":null}},"type":"cond-expr","locations":[{"start":{"line":399,"column":46},"end":{"line":399,"column":59}},{"start":{"line":399,"column":59},"end":{"line":399,"column":null}}]},"30":{"loc":{"start":{"line":406,"column":4},"end":{"line":416,"column":null}},"type":"if","locations":[{"start":{"line":406,"column":4},"end":{"line":416,"column":null}}]},"31":{"loc":{"start":{"line":410,"column":13},"end":{"line":410,"column":null}},"type":"binary-expr","locations":[{"start":{"line":410,"column":13},"end":{"line":410,"column":26}},{"start":{"line":410,"column":30},"end":{"line":410,"column":null}}]},"32":{"loc":{"start":{"line":411,"column":13},"end":{"line":411,"column":null}},"type":"binary-expr","locations":[{"start":{"line":411,"column":13},"end":{"line":411,"column":26}},{"start":{"line":411,"column":30},"end":{"line":411,"column":42}},{"start":{"line":411,"column":46},"end":{"line":411,"column":null}}]},"33":{"loc":{"start":{"line":412,"column":18},"end":{"line":412,"column":null}},"type":"binary-expr","locations":[{"start":{"line":412,"column":18},"end":{"line":412,"column":34}},{"start":{"line":412,"column":38},"end":{"line":412,"column":null}}]},"34":{"loc":{"start":{"line":413,"column":15},"end":{"line":413,"column":null}},"type":"binary-expr","locations":[{"start":{"line":413,"column":15},"end":{"line":413,"column":33}},{"start":{"line":413,"column":37},"end":{"line":413,"column":50}},{"start":{"line":413,"column":54},"end":{"line":413,"column":null}}]},"35":{"loc":{"start":{"line":431,"column":4},"end":{"line":437,"column":null}},"type":"if","locations":[{"start":{"line":431,"column":4},"end":{"line":437,"column":null}},{"start":{"line":435,"column":9},"end":{"line":437,"column":null}}]},"36":{"loc":{"start":{"line":435,"column":9},"end":{"line":437,"column":null}},"type":"if","locations":[{"start":{"line":435,"column":9},"end":{"line":437,"column":null}}]},"37":{"loc":{"start":{"line":454,"column":6},"end":{"line":454,"column":null}},"type":"if","locations":[{"start":{"line":454,"column":6},"end":{"line":454,"column":null}}]},"38":{"loc":{"start":{"line":454,"column":10},"end":{"line":454,"column":65}},"type":"binary-expr","locations":[{"start":{"line":454,"column":10},"end":{"line":454,"column":27}},{"start":{"line":454,"column":27},"end":{"line":454,"column":47}},{"start":{"line":454,"column":47},"end":{"line":454,"column":65}}]},"39":{"loc":{"start":{"line":456,"column":24},"end":{"line":456,"column":80}},"type":"binary-expr","locations":[{"start":{"line":456,"column":24},"end":{"line":456,"column":42}},{"start":{"line":456,"column":46},"end":{"line":456,"column":80}}]},"40":{"loc":{"start":{"line":461,"column":6},"end":{"line":483,"column":null}},"type":"if","locations":[{"start":{"line":461,"column":6},"end":{"line":483,"column":null}}]},"41":{"loc":{"start":{"line":468,"column":10},"end":{"line":476,"column":null}},"type":"if","locations":[{"start":{"line":468,"column":10},"end":{"line":476,"column":null}},{"start":{"line":474,"column":17},"end":{"line":476,"column":null}}]},"42":{"loc":{"start":{"line":468,"column":14},"end":{"line":468,"column":49}},"type":"binary-expr","locations":[{"start":{"line":468,"column":14},"end":{"line":468,"column":27}},{"start":{"line":468,"column":27},"end":{"line":468,"column":49}}]},"43":{"loc":{"start":{"line":471,"column":12},"end":{"line":473,"column":null}},"type":"if","locations":[{"start":{"line":471,"column":12},"end":{"line":473,"column":null}}]},"44":{"loc":{"start":{"line":544,"column":17},"end":{"line":544,"column":null}},"type":"binary-expr","locations":[{"start":{"line":544,"column":17},"end":{"line":544,"column":null}}]},"45":{"loc":{"start":{"line":575,"column":19},"end":{"line":575,"column":null}},"type":"binary-expr","locations":[{"start":{"line":575,"column":19},"end":{"line":575,"column":null}}]},"46":{"loc":{"start":{"line":585,"column":19},"end":{"line":585,"column":null}},"type":"binary-expr","locations":[{"start":{"line":585,"column":19},"end":{"line":585,"column":null}}]},"47":{"loc":{"start":{"line":587,"column":23},"end":{"line":587,"column":null}},"type":"cond-expr","locations":[{"start":{"line":587,"column":44},"end":{"line":587,"column":52}},{"start":{"line":587,"column":52},"end":{"line":587,"column":null}}]},"48":{"loc":{"start":{"line":598,"column":48},"end":{"line":598,"column":null}},"type":"cond-expr","locations":[{"start":{"line":598,"column":61},"end":{"line":598,"column":73}},{"start":{"line":598,"column":73},"end":{"line":598,"column":null}}]},"49":{"loc":{"start":{"line":613,"column":17},"end":{"line":613,"column":null}},"type":"binary-expr","locations":[{"start":{"line":613,"column":17},"end":{"line":613,"column":null}}]},"50":{"loc":{"start":{"line":621,"column":17},"end":{"line":621,"column":null}},"type":"binary-expr","locations":[{"start":{"line":621,"column":17},"end":{"line":621,"column":null}}]},"51":{"loc":{"start":{"line":664,"column":19},"end":{"line":668,"column":88}},"type":"cond-expr","locations":[{"start":{"line":665,"column":23},"end":{"line":665,"column":52}},{"start":{"line":666,"column":23},"end":{"line":668,"column":88}}]},"52":{"loc":{"start":{"line":666,"column":23},"end":{"line":668,"column":88}},"type":"cond-expr","locations":[{"start":{"line":667,"column":25},"end":{"line":667,"column":88}},{"start":{"line":668,"column":25},"end":{"line":668,"column":88}}]},"53":{"loc":{"start":{"line":672,"column":25},"end":{"line":672,"column":null}},"type":"cond-expr","locations":[{"start":{"line":672,"column":39},"end":{"line":672,"column":49}},{"start":{"line":672,"column":49},"end":{"line":672,"column":null}}]},"54":{"loc":{"start":{"line":673,"column":26},"end":{"line":673,"column":null}},"type":"cond-expr","locations":[{"start":{"line":673,"column":40},"end":{"line":673,"column":50}},{"start":{"line":673,"column":50},"end":{"line":673,"column":null}}]},"55":{"loc":{"start":{"line":674,"column":24},"end":{"line":676,"column":null}},"type":"cond-expr","locations":[{"start":{"line":674,"column":38},"end":{"line":674,"column":null}},{"start":{"line":675,"column":24},"end":{"line":676,"column":null}}]},"56":{"loc":{"start":{"line":675,"column":24},"end":{"line":676,"column":null}},"type":"cond-expr","locations":[{"start":{"line":675,"column":38},"end":{"line":675,"column":null}},{"start":{"line":676,"column":24},"end":{"line":676,"column":null}}]},"57":{"loc":{"start":{"line":677,"column":29},"end":{"line":679,"column":null}},"type":"cond-expr","locations":[{"start":{"line":677,"column":43},"end":{"line":677,"column":null}},{"start":{"line":678,"column":27},"end":{"line":679,"column":null}}]},"58":{"loc":{"start":{"line":678,"column":27},"end":{"line":679,"column":null}},"type":"cond-expr","locations":[{"start":{"line":678,"column":41},"end":{"line":678,"column":null}},{"start":{"line":679,"column":27},"end":{"line":679,"column":null}}]},"59":{"loc":{"start":{"line":686,"column":27},"end":{"line":686,"column":null}},"type":"binary-expr","locations":[{"start":{"line":686,"column":27},"end":{"line":686,"column":43}},{"start":{"line":686,"column":47},"end":{"line":686,"column":null}}]},"60":{"loc":{"start":{"line":687,"column":27},"end":{"line":687,"column":null}},"type":"binary-expr","locations":[{"start":{"line":687,"column":27},"end":{"line":687,"column":39}},{"start":{"line":687,"column":43},"end":{"line":687,"column":null}}]},"61":{"loc":{"start":{"line":697,"column":21},"end":{"line":697,"column":33}},"type":"binary-expr","locations":[{"start":{"line":697,"column":21},"end":{"line":697,"column":33}}]},"62":{"loc":{"start":{"line":700,"column":25},"end":{"line":700,"column":40}},"type":"binary-expr","locations":[{"start":{"line":700,"column":25},"end":{"line":700,"column":40}}]},"63":{"loc":{"start":{"line":716,"column":20},"end":{"line":718,"column":null}},"type":"cond-expr","locations":[{"start":{"line":717,"column":24},"end":{"line":717,"column":null}},{"start":{"line":718,"column":24},"end":{"line":718,"column":null}}]},"64":{"loc":{"start":{"line":736,"column":26},"end":{"line":736,"column":null}},"type":"cond-expr","locations":[{"start":{"line":736,"column":40},"end":{"line":736,"column":49}},{"start":{"line":736,"column":49},"end":{"line":736,"column":null}}]},"65":{"loc":{"start":{"line":737,"column":26},"end":{"line":737,"column":null}},"type":"cond-expr","locations":[{"start":{"line":737,"column":40},"end":{"line":737,"column":45}},{"start":{"line":737,"column":45},"end":{"line":737,"column":null}}]},"66":{"loc":{"start":{"line":740,"column":20},"end":{"line":741,"column":null}},"type":"cond-expr","locations":[{"start":{"line":740,"column":34},"end":{"line":740,"column":null}},{"start":{"line":741,"column":21},"end":{"line":741,"column":null}}]},"67":{"loc":{"start":{"line":741,"column":21},"end":{"line":741,"column":null}},"type":"cond-expr","locations":[{"start":{"line":741,"column":35},"end":{"line":741,"column":80}},{"start":{"line":741,"column":80},"end":{"line":741,"column":null}}]},"68":{"loc":{"start":{"line":747,"column":27},"end":{"line":747,"column":null}},"type":"binary-expr","locations":[{"start":{"line":747,"column":27},"end":{"line":747,"column":50}},{"start":{"line":747,"column":54},"end":{"line":747,"column":70}},{"start":{"line":747,"column":74},"end":{"line":747,"column":null}}]},"69":{"loc":{"start":{"line":748,"column":27},"end":{"line":748,"column":null}},"type":"binary-expr","locations":[{"start":{"line":748,"column":27},"end":{"line":748,"column":39}},{"start":{"line":748,"column":43},"end":{"line":748,"column":null}}]},"70":{"loc":{"start":{"line":754,"column":21},"end":{"line":754,"column":33}},"type":"binary-expr","locations":[{"start":{"line":754,"column":21},"end":{"line":754,"column":33}}]},"71":{"loc":{"start":{"line":769,"column":20},"end":{"line":771,"column":null}},"type":"cond-expr","locations":[{"start":{"line":770,"column":24},"end":{"line":770,"column":null}},{"start":{"line":771,"column":24},"end":{"line":771,"column":null}}]},"72":{"loc":{"start":{"line":784,"column":14},"end":{"line":786,"column":15}},"type":"cond-expr","locations":[{"start":{"line":784,"column":14},"end":{"line":786,"column":15}}]},"73":{"loc":{"start":{"line":790,"column":38},"end":{"line":790,"column":64}},"type":"binary-expr","locations":[{"start":{"line":790,"column":38},"end":{"line":790,"column":50}},{"start":{"line":790,"column":54},"end":{"line":790,"column":64}}]},"74":{"loc":{"start":{"line":795,"column":23},"end":{"line":795,"column":47}},"type":"binary-expr","locations":[{"start":{"line":795,"column":23},"end":{"line":795,"column":47}}]},"75":{"loc":{"start":{"line":802,"column":55},"end":{"line":802,"column":128}},"type":"cond-expr","locations":[{"start":{"line":802,"column":82},"end":{"line":802,"column":112}},{"start":{"line":802,"column":112},"end":{"line":802,"column":128}}]},"76":{"loc":{"start":{"line":807,"column":31},"end":{"line":807,"column":null}},"type":"binary-expr","locations":[{"start":{"line":807,"column":31},"end":{"line":807,"column":44}},{"start":{"line":807,"column":48},"end":{"line":807,"column":null}}]},"77":{"loc":{"start":{"line":808,"column":31},"end":{"line":808,"column":null}},"type":"binary-expr","locations":[{"start":{"line":808,"column":31},"end":{"line":808,"column":44}},{"start":{"line":808,"column":48},"end":{"line":808,"column":60}},{"start":{"line":808,"column":64},"end":{"line":808,"column":null}}]},"78":{"loc":{"start":{"line":817,"column":25},"end":{"line":817,"column":null}},"type":"binary-expr","locations":[{"start":{"line":817,"column":25},"end":{"line":817,"column":43}},{"start":{"line":817,"column":47},"end":{"line":817,"column":60}},{"start":{"line":817,"column":64},"end":{"line":817,"column":null}}]},"79":{"loc":{"start":{"line":820,"column":25},"end":{"line":820,"column":54}},"type":"binary-expr","locations":[{"start":{"line":820,"column":25},"end":{"line":820,"column":38}},{"start":{"line":820,"column":42},"end":{"line":820,"column":54}}]},"80":{"loc":{"start":{"line":826,"column":27},"end":{"line":826,"column":61}},"type":"binary-expr","locations":[{"start":{"line":826,"column":27},"end":{"line":826,"column":44}},{"start":{"line":826,"column":48},"end":{"line":826,"column":61}}]},"81":{"loc":{"start":{"line":828,"column":25},"end":{"line":828,"column":51}},"type":"binary-expr","locations":[{"start":{"line":828,"column":25},"end":{"line":828,"column":51}}]},"82":{"loc":{"start":{"line":836,"column":23},"end":{"line":836,"column":41}},"type":"binary-expr","locations":[{"start":{"line":836,"column":23},"end":{"line":836,"column":41}}]},"83":{"loc":{"start":{"line":846,"column":13},"end":{"line":846,"column":null}},"type":"binary-expr","locations":[{"start":{"line":846,"column":13},"end":{"line":846,"column":null}}]}},"s":{"0":0,"1":0,"2":0,"3":0,"4":0,"5":0,"6":0,"7":0,"8":0,"9":0,"10":0,"11":0,"12":0,"13":0,"14":0,"15":0,"16":0,"17":0,"18":0,"19":0,"20":0,"21":0,"22":0,"23":0,"24":0,"25":0,"26":0,"27":0,"28":0,"29":0,"30":0,"31":0,"32":0,"33":0,"34":0,"35":0,"36":0,"37":0,"38":0,"39":0,"40":0,"41":0,"42":0,"43":0,"44":0,"45":0,"46":0,"47":0,"48":0,"49":0,"50":0,"51":0,"52":0,"53":0,"54":0,"55":0,"56":0,"57":0,"58":0,"59":0,"60":0,"61":0,"62":0,"63":0,"64":0,"65":0,"66":0,"67":0,"68":0,"69":0,"70":0,"71":0,"72":0,"73":0,"74":0,"75":0,"76":0,"77":0,"78":0,"79":0,"80":0,"81":0,"82":0,"83":0,"84":0,"85":0,"86":0,"87":0,"88":0,"89":0,"90":0,"91":0,"92":0,"93":0,"94":0,"95":0,"96":0,"97":0,"98":0,"99":0,"100":0,"101":0,"102":0,"103":0,"104":0,"105":0,"106":0,"107":0,"108":0,"109":0,"110":0,"111":0,"112":0,"113":0,"114":0,"115":0,"116":0,"117":0,"118":0,"119":0,"120":0,"121":0,"122":0,"123":0,"124":0,"125":0,"126":0,"127":0,"128":0,"129":0,"130":0,"131":0,"132":0,"133":0,"134":0,"135":0,"136":0,"137":0,"138":0,"139":0,"140":0,"141":0,"142":0,"143":0,"144":0,"145":0,"146":0,"147":0,"148":0,"149":0,"150":0,"151":0,"152":0,"153":0,"154":0,"155":0,"156":0,"157":0,"158":0,"159":0,"160":0,"161":0,"162":0,"163":0,"164":0,"165":0,"166":0,"167":0,"168":0,"169":0,"170":0,"171":0,"172":0,"173":0,"174":0,"175":0,"176":0,"177":0,"178":0,"179":0,"180":0,"181":0,"182":0,"183":0,"184":0,"185":0,"186":0,"187":0,"188":0,"189":0,"190":0,"191":0,"192":0,"193":0,"194":0,"195":0,"196":0,"197":0,"198":0,"199":0,"200":0,"201":0,"202":0,"203":0,"204":0,"205":0,"206":0,"207":0,"208":0,"209":0,"210":0,"211":0,"212":0,"213":0,"214":0,"215":0,"216":0,"217":0},"f":{"0":0,"1":0,"2":0,"3":0,"4":0,"5":0,"6":0,"7":0,"8":0,"9":0,"10":0,"11":0,"12":0,"13":0,"14":0,"15":0,"16":0,"17":0,"18":0,"19":0,"20":0,"21":0,"22":0,"23":0,"24":0,"25":0,"26":0,"27":0,"28":0,"29":0,"30":0,"31":0,"32":0,"33":0,"34":0,"35":0,"36":0,"37":0,"38":0,"39":0,"40":0,"41":0,"42":0,"43":0,"44":0,"45":0,"46":0,"47":0,"48":0,"49":0,"50":0,"51":0,"52":0,"53":0,"54":0,"55":0,"56":0,"57":0},"b":{"0":[0,0],"1":[0],"2":[0,0],"3":[0,0],"4":[0,0],"5":[0],"6":[0],"7":[0,0],"8":[0],"9":[0,0],"10":[0],"11":[0,0],"12":[0],"13":[0],"14":[0,0],"15":[0],"16":[0],"17":[0,0],"18":[0],"19":[0],"20":[0,0],"21":[0,0],"22":[0,0],"23":[0],"24":[0],"25":[0],"26":[0,0,0],"27":[0,0],"28":[0,0],"29":[0,0],"30":[0],"31":[0,0],"32":[0,0,0],"33":[0,0],"34":[0,0,0],"35":[0,0],"36":[0],"37":[0],"38":[0,0,0],"39":[0,0],"40":[0],"41":[0,0],"42":[0,0],"43":[0],"44":[0],"45":[0],"46":[0],"47":[0,0],"48":[0,0],"49":[0],"50":[0],"51":[0,0],"52":[0,0],"53":[0,0],"54":[0,0],"55":[0,0],"56":[0,0],"57":[0,0],"58":[0,0],"59":[0,0],"60":[0,0],"61":[0],"62":[0],"63":[0,0],"64":[0,0],"65":[0,0],"66":[0,0],"67":[0,0],"68":[0,0,0],"69":[0,0],"70":[0],"71":[0,0],"72":[0],"73":[0,0],"74":[0],"75":[0,0],"76":[0,0],"77":[0,0,0],"78":[0,0,0],"79":[0,0],"80":[0,0],"81":[0],"82":[0],"83":[0]}}
,"/Users/macbookpro/M4_Projects/Prodaction/marque_frontend/app/admin/loading.tsx": {"path":"/Users/macbookpro/M4_Projects/Prodaction/marque_frontend/app/admin/loading.tsx","statementMap":{"0":{"start":{"line":1,"column":24},"end":{"line":1,"column":null}},"1":{"start":{"line":2,"column":2},"end":{"line":2,"column":null}}},"fnMap":{"0":{"name":"Loading","decl":{"start":{"line":1,"column":24},"end":{"line":1,"column":null}},"loc":{"start":{"line":1,"column":24},"end":{"line":3,"column":null}}}},"branchMap":{},"s":{"0":0,"1":0},"f":{"0":0},"b":{}}
,"/Users/macbookpro/M4_Projects/Prodaction/marque_frontend/app/admin/page.tsx": {"path":"/Users/macbookpro/M4_Projects/Prodaction/marque_frontend/app/admin/page.tsx","statementMap":{"0":{"start":{"line":14,"column":24},"end":{"line":14,"column":null}},"1":{"start":{"line":3,"column":25},"end":{"line":3,"column":null}},"2":{"start":{"line":4,"column":99},"end":{"line":4,"column":null}},"3":{"start":{"line":5,"column":23},"end":{"line":5,"column":null}},"4":{"start":{"line":6,"column":22},"end":{"line":6,"column":null}},"5":{"start":{"line":7,"column":34},"end":{"line":7,"column":null}},"6":{"start":{"line":8,"column":22},"end":{"line":8,"column":null}},"7":{"start":{"line":9,"column":65},"end":{"line":9,"column":null}},"8":{"start":{"line":10,"column":43},"end":{"line":10,"column":null}},"9":{"start":{"line":11,"column":22},"end":{"line":11,"column":null}},"10":{"start":{"line":12,"column":23},"end":{"line":12,"column":null}},"11":{"start":{"line":15,"column":40},"end":{"line":17,"column":null}},"12":{"start":{"line":18,"column":44},"end":{"line":18,"column":null}},"13":{"start":{"line":19,"column":40},"end":{"line":19,"column":null}},"14":{"start":{"line":20,"column":40},"end":{"line":20,"column":null}},"15":{"start":{"line":21,"column":52},"end":{"line":21,"column":null}},"16":{"start":{"line":22,"column":56},"end":{"line":22,"column":null}},"17":{"start":{"line":23,"column":48},"end":{"line":23,"column":null}},"18":{"start":{"line":24,"column":34},"end":{"line":24,"column":null}},"19":{"start":{"line":25,"column":30},"end":{"line":25,"column":null}},"20":{"start":{"line":26,"column":56},"end":{"line":26,"column":null}},"21":{"start":{"line":27,"column":56},"end":{"line":27,"column":null}},"22":{"start":{"line":28,"column":56},"end":{"line":28,"column":null}},"23":{"start":{"line":29,"column":50},"end":{"line":29,"column":null}},"24":{"start":{"line":30,"column":38},"end":{"line":30,"column":null}},"25":{"start":{"line":31,"column":58},"end":{"line":36,"column":null}},"26":{"start":{"line":38,"column":17},"end":{"line":151,"column":null}},"27":{"start":{"line":153,"column":22},"end":{"line":184,"column":null}},"28":{"start":{"line":186,"column":25},"end":{"line":199,"column":null}},"29":{"start":{"line":188,"column":6},"end":{"line":191,"column":null}},"30":{"start":{"line":194,"column":6},"end":{"line":196,"column":null}},"31":{"start":{"line":198,"column":4},"end":{"line":198,"column":null}},"32":{"start":{"line":201,"column":28},"end":{"line":201,"column":117}},"33":{"start":{"line":201,"column":53},"end":{"line":201,"column":111}},"34":{"start":{"line":203,"column":27},"end":{"line":207,"column":null}},"35":{"start":{"line":204,"column":4},"end":{"line":204,"column":null}},"36":{"start":{"line":205,"column":4},"end":{"line":205,"column":null}},"37":{"start":{"line":206,"column":4},"end":{"line":206,"column":null}},"38":{"start":{"line":209,"column":29},"end":{"line":212,"column":null}},"39":{"start":{"line":210,"column":4},"end":{"line":210,"column":null}},"40":{"start":{"line":211,"column":4},"end":{"line":211,"column":null}},"41":{"start":{"line":214,"column":28},"end":{"line":221,"column":null}},"42":{"start":{"line":215,"column":4},"end":{"line":215,"column":null}},"43":{"start":{"line":216,"column":4},"end":{"line":216,"column":null}},"44":{"start":{"line":217,"column":4},"end":{"line":220,"column":null}},"45":{"start":{"line":218,"column":6},"end":{"line":218,"column":null}},"46":{"start":{"line":219,"column":6},"end":{"line":219,"column":null}},"47":{"start":{"line":223,"column":28},"end":{"line":230,"column":null}},"48":{"start":{"line":224,"column":4},"end":{"line":224,"column":null}},"49":{"start":{"line":225,"column":4},"end":{"line":225,"column":null}},"50":{"start":{"line":226,"column":4},"end":{"line":229,"column":null}},"51":{"start":{"line":227,"column":6},"end":{"line":227,"column":null}},"52":{"start":{"line":228,"column":6},"end":{"line":228,"column":null}},"53":{"start":{"line":232,"column":31},"end":{"line":235,"column":null}},"54":{"start":{"line":233,"column":4},"end":{"line":233,"column":null}},"55":{"start":{"line":234,"column":4},"end":{"line":234,"column":null}},"56":{"start":{"line":237,"column":23},"end":{"line":240,"column":null}},"57":{"start":{"line":242,"column":23},"end":{"line":246,"column":null}},"58":{"start":{"line":243,"column":4},"end":{"line":243,"column":null}},"59":{"start":{"line":244,"column":4},"end":{"line":244,"column":null}},"60":{"start":{"line":248,"column":35},"end":{"line":253,"column":null}},"61":{"start":{"line":249,"column":4},"end":{"line":252,"column":null}},"62":{"start":{"line":249,"column":39},"end":{"line":252,"column":null}},"63":{"start":{"line":255,"column":2},"end":{"line":332,"column":null}},"64":{"start":{"line":264,"column":61},"end":{"line":264,"column":null}},"65":{"start":{"line":271,"column":92},"end":{"line":271,"column":null}},"66":{"start":{"line":294,"column":27},"end":{"line":294,"column":null}},"67":{"start":{"line":314,"column":92},"end":{"line":314,"column":null}},"68":{"start":{"line":334,"column":2},"end":{"line":434,"column":null}},"69":{"start":{"line":340,"column":63},"end":{"line":340,"column":null}},"70":{"start":{"line":393,"column":16},"end":{"line":394,"column":null}},"71":{"start":{"line":410,"column":16},"end":{"line":410,"column":34}},"72":{"start":{"line":436,"column":2},"end":{"line":570,"column":null}},"73":{"start":{"line":442,"column":63},"end":{"line":442,"column":null}},"74":{"start":{"line":450,"column":61},"end":{"line":450,"column":null}},"75":{"start":{"line":464,"column":31},"end":{"line":464,"column":null}},"76":{"start":{"line":472,"column":14},"end":{"line":473,"column":null}},"77":{"start":{"line":479,"column":31},"end":{"line":479,"column":null}},"78":{"start":{"line":489,"column":12},"end":{"line":490,"column":null}},"79":{"start":{"line":492,"column":29},"end":{"line":492,"column":null}},"80":{"start":{"line":512,"column":20},"end":{"line":513,"column":null}},"81":{"start":{"line":546,"column":35},"end":{"line":546,"column":null}},"82":{"start":{"line":558,"column":35},"end":{"line":558,"column":null}},"83":{"start":{"line":572,"column":2},"end":{"line":706,"column":null}},"84":{"start":{"line":578,"column":63},"end":{"line":578,"column":null}},"85":{"start":{"line":586,"column":61},"end":{"line":586,"column":null}},"86":{"start":{"line":600,"column":31},"end":{"line":600,"column":null}},"87":{"start":{"line":608,"column":14},"end":{"line":609,"column":null}},"88":{"start":{"line":615,"column":31},"end":{"line":615,"column":null}},"89":{"start":{"line":625,"column":12},"end":{"line":626,"column":null}},"90":{"start":{"line":628,"column":29},"end":{"line":628,"column":null}},"91":{"start":{"line":648,"column":20},"end":{"line":649,"column":null}},"92":{"start":{"line":682,"column":35},"end":{"line":682,"column":null}},"93":{"start":{"line":694,"column":35},"end":{"line":694,"column":null}},"94":{"start":{"line":708,"column":2},"end":{"line":859,"column":null}},"95":{"start":{"line":714,"column":63},"end":{"line":714,"column":null}},"96":{"start":{"line":730,"column":16},"end":{"line":730,"column":33}},"97":{"start":{"line":769,"column":29},"end":{"line":769,"column":null}},"98":{"start":{"line":778,"column":31},"end":{"line":778,"column":null}},"99":{"start":{"line":786,"column":31},"end":{"line":786,"column":null}},"100":{"start":{"line":826,"column":33},"end":{"line":826,"column":null}},"101":{"start":{"line":846,"column":33},"end":{"line":846,"column":null}},"102":{"start":{"line":861,"column":2},"end":{"line":1008,"column":null}},"103":{"start":{"line":867,"column":63},"end":{"line":867,"column":null}},"104":{"start":{"line":892,"column":16},"end":{"line":893,"column":null}},"105":{"start":{"line":899,"column":33},"end":{"line":899,"column":null}},"106":{"start":{"line":930,"column":50},"end":{"line":930,"column":null}},"107":{"start":{"line":942,"column":50},"end":{"line":942,"column":null}},"108":{"start":{"line":954,"column":50},"end":{"line":954,"column":null}},"109":{"start":{"line":966,"column":50},"end":{"line":966,"column":null}},"110":{"start":{"line":979,"column":29},"end":{"line":979,"column":null}},"111":{"start":{"line":995,"column":33},"end":{"line":995,"column":null}},"112":{"start":{"line":1015,"column":61},"end":{"line":1015,"column":null}},"113":{"start":{"line":1034,"column":29},"end":{"line":1034,"column":null}},"114":{"start":{"line":1042,"column":12},"end":{"line":1043,"column":null}},"115":{"start":{"line":1049,"column":29},"end":{"line":1049,"column":null}},"116":{"start":{"line":1059,"column":10},"end":{"line":1060,"column":null}},"117":{"start":{"line":1062,"column":27},"end":{"line":1062,"column":null}},"118":{"start":{"line":1082,"column":18},"end":{"line":1083,"column":null}},"119":{"start":{"line":1116,"column":33},"end":{"line":1116,"column":null}},"120":{"start":{"line":1128,"column":33},"end":{"line":1128,"column":null}}},"fnMap":{"0":{"name":"AdminDashboard","decl":{"start":{"line":14,"column":24},"end":{"line":14,"column":null}},"loc":{"start":{"line":14,"column":24},"end":{"line":1140,"column":null}}},"1":{"name":"(anonymous_2)","decl":{"start":{"line":186,"column":39},"end":{"line":186,"column":40}},"loc":{"start":{"line":186,"column":40},"end":{"line":199,"column":null}}},"2":{"name":"(anonymous_3)","decl":{"start":{"line":201,"column":42},"end":{"line":201,"column":43}},"loc":{"start":{"line":201,"column":53},"end":{"line":201,"column":111}}},"3":{"name":"(anonymous_4)","decl":{"start":{"line":203,"column":27},"end":{"line":203,"column":28}},"loc":{"start":{"line":203,"column":28},"end":{"line":207,"column":null}}},"4":{"name":"(anonymous_5)","decl":{"start":{"line":209,"column":29},"end":{"line":209,"column":30}},"loc":{"start":{"line":209,"column":47},"end":{"line":212,"column":null}}},"5":{"name":"(anonymous_6)","decl":{"start":{"line":214,"column":28},"end":{"line":214,"column":null}},"loc":{"start":{"line":214,"column":28},"end":{"line":221,"column":null}}},"6":{"name":"(anonymous_7)","decl":{"start":{"line":223,"column":28},"end":{"line":223,"column":null}},"loc":{"start":{"line":223,"column":28},"end":{"line":230,"column":null}}},"7":{"name":"(anonymous_8)","decl":{"start":{"line":232,"column":31},"end":{"line":232,"column":null}},"loc":{"start":{"line":232,"column":31},"end":{"line":235,"column":null}}},"8":{"name":"(anonymous_9)","decl":{"start":{"line":242,"column":23},"end":{"line":242,"column":null}},"loc":{"start":{"line":242,"column":23},"end":{"line":246,"column":null}}},"9":{"name":"(anonymous_10)","decl":{"start":{"line":248,"column":35},"end":{"line":248,"column":36}},"loc":{"start":{"line":248,"column":53},"end":{"line":253,"column":null}}},"10":{"name":"(anonymous_11)","decl":{"start":{"line":249,"column":28},"end":{"line":249,"column":29}},"loc":{"start":{"line":249,"column":39},"end":{"line":252,"column":null}}},"11":{"name":"(anonymous_12)","decl":{"start":{"line":264,"column":55},"end":{"line":264,"column":61}},"loc":{"start":{"line":264,"column":61},"end":{"line":264,"column":null}}},"12":{"name":"(anonymous_13)","decl":{"start":{"line":271,"column":86},"end":{"line":271,"column":92}},"loc":{"start":{"line":271,"column":92},"end":{"line":271,"column":null}}},"13":{"name":"(anonymous_14)","decl":{"start":{"line":294,"column":21},"end":{"line":294,"column":27}},"loc":{"start":{"line":294,"column":27},"end":{"line":294,"column":null}}},"14":{"name":"(anonymous_15)","decl":{"start":{"line":314,"column":86},"end":{"line":314,"column":92}},"loc":{"start":{"line":314,"column":92},"end":{"line":314,"column":null}}},"15":{"name":"(anonymous_16)","decl":{"start":{"line":340,"column":57},"end":{"line":340,"column":63}},"loc":{"start":{"line":340,"column":63},"end":{"line":340,"column":null}}},"16":{"name":"(anonymous_17)","decl":{"start":{"line":392,"column":45},"end":{"line":392,"column":46}},"loc":{"start":{"line":393,"column":16},"end":{"line":394,"column":null}}},"17":{"name":"(anonymous_18)","decl":{"start":{"line":409,"column":44},"end":{"line":409,"column":45}},"loc":{"start":{"line":410,"column":16},"end":{"line":410,"column":34}}},"18":{"name":"(anonymous_19)","decl":{"start":{"line":442,"column":57},"end":{"line":442,"column":63}},"loc":{"start":{"line":442,"column":63},"end":{"line":442,"column":null}}},"19":{"name":"(anonymous_20)","decl":{"start":{"line":450,"column":55},"end":{"line":450,"column":61}},"loc":{"start":{"line":450,"column":61},"end":{"line":450,"column":null}}},"20":{"name":"(anonymous_21)","decl":{"start":{"line":464,"column":24},"end":{"line":464,"column":25}},"loc":{"start":{"line":464,"column":31},"end":{"line":464,"column":null}}},"21":{"name":"(anonymous_22)","decl":{"start":{"line":471,"column":61},"end":{"line":471,"column":62}},"loc":{"start":{"line":472,"column":14},"end":{"line":473,"column":null}}},"22":{"name":"(anonymous_23)","decl":{"start":{"line":479,"column":25},"end":{"line":479,"column":31}},"loc":{"start":{"line":479,"column":31},"end":{"line":479,"column":null}}},"23":{"name":"(anonymous_24)","decl":{"start":{"line":488,"column":30},"end":{"line":488,"column":31}},"loc":{"start":{"line":489,"column":12},"end":{"line":490,"column":null}}},"24":{"name":"(anonymous_25)","decl":{"start":{"line":492,"column":23},"end":{"line":492,"column":29}},"loc":{"start":{"line":492,"column":29},"end":{"line":492,"column":null}}},"25":{"name":"(anonymous_26)","decl":{"start":{"line":511,"column":47},"end":{"line":511,"column":48}},"loc":{"start":{"line":512,"column":20},"end":{"line":513,"column":null}}},"26":{"name":"(anonymous_27)","decl":{"start":{"line":546,"column":28},"end":{"line":546,"column":29}},"loc":{"start":{"line":546,"column":35},"end":{"line":546,"column":null}}},"27":{"name":"(anonymous_28)","decl":{"start":{"line":558,"column":28},"end":{"line":558,"column":29}},"loc":{"start":{"line":558,"column":35},"end":{"line":558,"column":null}}},"28":{"name":"(anonymous_29)","decl":{"start":{"line":578,"column":57},"end":{"line":578,"column":63}},"loc":{"start":{"line":578,"column":63},"end":{"line":578,"column":null}}},"29":{"name":"(anonymous_30)","decl":{"start":{"line":586,"column":55},"end":{"line":586,"column":61}},"loc":{"start":{"line":586,"column":61},"end":{"line":586,"column":null}}},"30":{"name":"(anonymous_31)","decl":{"start":{"line":600,"column":24},"end":{"line":600,"column":25}},"loc":{"start":{"line":600,"column":31},"end":{"line":600,"column":null}}},"31":{"name":"(anonymous_32)","decl":{"start":{"line":607,"column":61},"end":{"line":607,"column":62}},"loc":{"start":{"line":608,"column":14},"end":{"line":609,"column":null}}},"32":{"name":"(anonymous_33)","decl":{"start":{"line":615,"column":25},"end":{"line":615,"column":31}},"loc":{"start":{"line":615,"column":31},"end":{"line":615,"column":null}}},"33":{"name":"(anonymous_34)","decl":{"start":{"line":624,"column":30},"end":{"line":624,"column":31}},"loc":{"start":{"line":625,"column":12},"end":{"line":626,"column":null}}},"34":{"name":"(anonymous_35)","decl":{"start":{"line":628,"column":23},"end":{"line":628,"column":29}},"loc":{"start":{"line":628,"column":29},"end":{"line":628,"column":null}}},"35":{"name":"(anonymous_36)","decl":{"start":{"line":647,"column":47},"end":{"line":647,"column":48}},"loc":{"start":{"line":648,"column":20},"end":{"line":649,"column":null}}},"36":{"name":"(anonymous_37)","decl":{"start":{"line":682,"column":28},"end":{"line":682,"column":29}},"loc":{"start":{"line":682,"column":35},"end":{"line":682,"column":null}}},"37":{"name":"(anonymous_38)","decl":{"start":{"line":694,"column":28},"end":{"line":694,"column":29}},"loc":{"start":{"line":694,"column":35},"end":{"line":694,"column":null}}},"38":{"name":"(anonymous_39)","decl":{"start":{"line":714,"column":57},"end":{"line":714,"column":63}},"loc":{"start":{"line":714,"column":63},"end":{"line":714,"column":null}}},"39":{"name":"(anonymous_40)","decl":{"start":{"line":729,"column":39},"end":{"line":729,"column":40}},"loc":{"start":{"line":730,"column":16},"end":{"line":730,"column":33}}},"40":{"name":"(anonymous_41)","decl":{"start":{"line":769,"column":23},"end":{"line":769,"column":29}},"loc":{"start":{"line":769,"column":29},"end":{"line":769,"column":null}}},"41":{"name":"(anonymous_42)","decl":{"start":{"line":778,"column":25},"end":{"line":778,"column":31}},"loc":{"start":{"line":778,"column":31},"end":{"line":778,"column":null}}},"42":{"name":"(anonymous_43)","decl":{"start":{"line":786,"column":25},"end":{"line":786,"column":31}},"loc":{"start":{"line":786,"column":31},"end":{"line":786,"column":null}}},"43":{"name":"(anonymous_44)","decl":{"start":{"line":826,"column":27},"end":{"line":826,"column":33}},"loc":{"start":{"line":826,"column":33},"end":{"line":826,"column":null}}},"44":{"name":"(anonymous_45)","decl":{"start":{"line":846,"column":27},"end":{"line":846,"column":33}},"loc":{"start":{"line":846,"column":33},"end":{"line":846,"column":null}}},"45":{"name":"(anonymous_46)","decl":{"start":{"line":867,"column":57},"end":{"line":867,"column":63}},"loc":{"start":{"line":867,"column":63},"end":{"line":867,"column":null}}},"46":{"name":"(anonymous_47)","decl":{"start":{"line":891,"column":54},"end":{"line":891,"column":55}},"loc":{"start":{"line":892,"column":16},"end":{"line":893,"column":null}}},"47":{"name":"(anonymous_48)","decl":{"start":{"line":899,"column":27},"end":{"line":899,"column":33}},"loc":{"start":{"line":899,"column":33},"end":{"line":899,"column":null}}},"48":{"name":"(anonymous_49)","decl":{"start":{"line":930,"column":39},"end":{"line":930,"column":40}},"loc":{"start":{"line":930,"column":50},"end":{"line":930,"column":null}}},"49":{"name":"(anonymous_50)","decl":{"start":{"line":942,"column":39},"end":{"line":942,"column":40}},"loc":{"start":{"line":942,"column":50},"end":{"line":942,"column":null}}},"50":{"name":"(anonymous_51)","decl":{"start":{"line":954,"column":39},"end":{"line":954,"column":40}},"loc":{"start":{"line":954,"column":50},"end":{"line":954,"column":null}}},"51":{"name":"(anonymous_52)","decl":{"start":{"line":966,"column":39},"end":{"line":966,"column":40}},"loc":{"start":{"line":966,"column":50},"end":{"line":966,"column":null}}},"52":{"name":"(anonymous_53)","decl":{"start":{"line":979,"column":23},"end":{"line":979,"column":29}},"loc":{"start":{"line":979,"column":29},"end":{"line":979,"column":null}}},"53":{"name":"(anonymous_54)","decl":{"start":{"line":995,"column":27},"end":{"line":995,"column":33}},"loc":{"start":{"line":995,"column":33},"end":{"line":995,"column":null}}},"54":{"name":"(anonymous_55)","decl":{"start":{"line":1015,"column":55},"end":{"line":1015,"column":61}},"loc":{"start":{"line":1015,"column":61},"end":{"line":1015,"column":null}}},"55":{"name":"(anonymous_56)","decl":{"start":{"line":1034,"column":22},"end":{"line":1034,"column":23}},"loc":{"start":{"line":1034,"column":29},"end":{"line":1034,"column":null}}},"56":{"name":"(anonymous_57)","decl":{"start":{"line":1041,"column":59},"end":{"line":1041,"column":60}},"loc":{"start":{"line":1042,"column":12},"end":{"line":1043,"column":null}}},"57":{"name":"(anonymous_58)","decl":{"start":{"line":1049,"column":23},"end":{"line":1049,"column":29}},"loc":{"start":{"line":1049,"column":29},"end":{"line":1049,"column":null}}},"58":{"name":"(anonymous_59)","decl":{"start":{"line":1058,"column":28},"end":{"line":1058,"column":29}},"loc":{"start":{"line":1059,"column":10},"end":{"line":1060,"column":null}}},"59":{"name":"(anonymous_60)","decl":{"start":{"line":1062,"column":21},"end":{"line":1062,"column":27}},"loc":{"start":{"line":1062,"column":27},"end":{"line":1062,"column":null}}},"60":{"name":"(anonymous_61)","decl":{"start":{"line":1081,"column":45},"end":{"line":1081,"column":46}},"loc":{"start":{"line":1082,"column":18},"end":{"line":1083,"column":null}}},"61":{"name":"(anonymous_62)","decl":{"start":{"line":1116,"column":26},"end":{"line":1116,"column":27}},"loc":{"start":{"line":1116,"column":33},"end":{"line":1116,"column":null}}},"62":{"name":"(anonymous_63)","decl":{"start":{"line":1128,"column":26},"end":{"line":1128,"column":27}},"loc":{"start":{"line":1128,"column":33},"end":{"line":1128,"column":null}}}},"branchMap":{"0":{"loc":{"start":{"line":188,"column":6},"end":{"line":191,"column":null}},"type":"binary-expr","locations":[{"start":{"line":188,"column":6},"end":{"line":188,"column":null}},{"start":{"line":189,"column":7},"end":{"line":189,"column":37}},{"start":{"line":189,"column":37},"end":{"line":189,"column":null}},{"start":{"line":190,"column":7},"end":{"line":190,"column":35}},{"start":{"line":190,"column":35},"end":{"line":190,"column":null}},{"start":{"line":191,"column":7},"end":{"line":191,"column":39}},{"start":{"line":191,"column":39},"end":{"line":191,"column":null}}]},"1":{"loc":{"start":{"line":194,"column":6},"end":{"line":196,"column":null}},"type":"binary-expr","locations":[{"start":{"line":194,"column":6},"end":{"line":194,"column":null}},{"start":{"line":195,"column":6},"end":{"line":195,"column":null}},{"start":{"line":196,"column":6},"end":{"line":196,"column":null}}]},"2":{"loc":{"start":{"line":198,"column":11},"end":{"line":198,"column":null}},"type":"binary-expr","locations":[{"start":{"line":198,"column":11},"end":{"line":198,"column":28}},{"start":{"line":198,"column":28},"end":{"line":198,"column":null}}]},"3":{"loc":{"start":{"line":201,"column":53},"end":{"line":201,"column":111}},"type":"binary-expr","locations":[{"start":{"line":201,"column":53},"end":{"line":201,"column":84}},{"start":{"line":201,"column":84},"end":{"line":201,"column":111}}]},"4":{"loc":{"start":{"line":217,"column":4},"end":{"line":220,"column":null}},"type":"if","locations":[{"start":{"line":217,"column":4},"end":{"line":220,"column":null}}]},"5":{"loc":{"start":{"line":226,"column":4},"end":{"line":229,"column":null}},"type":"if","locations":[{"start":{"line":226,"column":4},"end":{"line":229,"column":null}}]},"6":{"loc":{"start":{"line":255,"column":2},"end":{"line":332,"column":null}},"type":"if","locations":[{"start":{"line":255,"column":2},"end":{"line":332,"column":null}}]},"7":{"loc":{"start":{"line":334,"column":2},"end":{"line":434,"column":null}},"type":"if","locations":[{"start":{"line":334,"column":2},"end":{"line":434,"column":null}}]},"8":{"loc":{"start":{"line":396,"column":20},"end":{"line":396,"column":null}},"type":"cond-expr","locations":[{"start":{"line":396,"column":41},"end":{"line":396,"column":70}},{"start":{"line":396,"column":70},"end":{"line":396,"column":null}}]},"9":{"loc":{"start":{"line":436,"column":2},"end":{"line":570,"column":null}},"type":"if","locations":[{"start":{"line":436,"column":2},"end":{"line":570,"column":null}}]},"10":{"loc":{"start":{"line":475,"column":18},"end":{"line":477,"column":null}},"type":"cond-expr","locations":[{"start":{"line":476,"column":22},"end":{"line":476,"column":null}},{"start":{"line":477,"column":22},"end":{"line":477,"column":null}}]},"11":{"loc":{"start":{"line":514,"column":27},"end":{"line":514,"column":null}},"type":"binary-expr","locations":[{"start":{"line":514,"column":27},"end":{"line":514,"column":37}},{"start":{"line":514,"column":41},"end":{"line":514,"column":null}}]},"12":{"loc":{"start":{"line":519,"column":19},"end":{"line":519,"column":null}},"type":"binary-expr","locations":[{"start":{"line":519,"column":19},"end":{"line":519,"column":null}}]},"13":{"loc":{"start":{"line":572,"column":2},"end":{"line":706,"column":null}},"type":"if","locations":[{"start":{"line":572,"column":2},"end":{"line":706,"column":null}}]},"14":{"loc":{"start":{"line":611,"column":18},"end":{"line":613,"column":null}},"type":"cond-expr","locations":[{"start":{"line":612,"column":22},"end":{"line":612,"column":null}},{"start":{"line":613,"column":22},"end":{"line":613,"column":null}}]},"15":{"loc":{"start":{"line":650,"column":27},"end":{"line":650,"column":null}},"type":"binary-expr","locations":[{"start":{"line":650,"column":27},"end":{"line":650,"column":37}},{"start":{"line":650,"column":41},"end":{"line":650,"column":null}}]},"16":{"loc":{"start":{"line":655,"column":19},"end":{"line":655,"column":null}},"type":"binary-expr","locations":[{"start":{"line":655,"column":19},"end":{"line":655,"column":null}}]},"17":{"loc":{"start":{"line":708,"column":2},"end":{"line":859,"column":null}},"type":"if","locations":[{"start":{"line":708,"column":2},"end":{"line":859,"column":null}}]},"18":{"loc":{"start":{"line":708,"column":6},"end":{"line":708,"column":55}},"type":"binary-expr","locations":[{"start":{"line":708,"column":6},"end":{"line":708,"column":40}},{"start":{"line":708,"column":40},"end":{"line":708,"column":55}}]},"19":{"loc":{"start":{"line":732,"column":25},"end":{"line":732,"column":null}},"type":"binary-expr","locations":[{"start":{"line":732,"column":25},"end":{"line":732,"column":35}},{"start":{"line":732,"column":39},"end":{"line":732,"column":null}}]},"20":{"loc":{"start":{"line":738,"column":21},"end":{"line":738,"column":30}},"type":"binary-expr","locations":[{"start":{"line":738,"column":21},"end":{"line":738,"column":30}}]},"21":{"loc":{"start":{"line":739,"column":21},"end":{"line":739,"column":31}},"type":"binary-expr","locations":[{"start":{"line":739,"column":21},"end":{"line":739,"column":31}}]},"22":{"loc":{"start":{"line":740,"column":21},"end":{"line":740,"column":31}},"type":"binary-expr","locations":[{"start":{"line":740,"column":21},"end":{"line":740,"column":31}}]},"23":{"loc":{"start":{"line":775,"column":14},"end":{"line":783,"column":15}},"type":"cond-expr","locations":[{"start":{"line":775,"column":14},"end":{"line":783,"column":15}}]},"24":{"loc":{"start":{"line":861,"column":2},"end":{"line":1008,"column":null}},"type":"if","locations":[{"start":{"line":861,"column":2},"end":{"line":1008,"column":null}}]},"25":{"loc":{"start":{"line":895,"column":20},"end":{"line":897,"column":null}},"type":"cond-expr","locations":[{"start":{"line":896,"column":24},"end":{"line":896,"column":null}},{"start":{"line":897,"column":24},"end":{"line":897,"column":null}}]},"26":{"loc":{"start":{"line":912,"column":32},"end":{"line":912,"column":78}},"type":"cond-expr","locations":[{"start":{"line":912,"column":32},"end":{"line":912,"column":78}}]},"27":{"loc":{"start":{"line":1045,"column":16},"end":{"line":1047,"column":null}},"type":"cond-expr","locations":[{"start":{"line":1046,"column":20},"end":{"line":1046,"column":null}},{"start":{"line":1047,"column":20},"end":{"line":1047,"column":null}}]},"28":{"loc":{"start":{"line":1084,"column":25},"end":{"line":1084,"column":null}},"type":"binary-expr","locations":[{"start":{"line":1084,"column":25},"end":{"line":1084,"column":35}},{"start":{"line":1084,"column":39},"end":{"line":1084,"column":null}}]},"29":{"loc":{"start":{"line":1089,"column":17},"end":{"line":1089,"column":null}},"type":"binary-expr","locations":[{"start":{"line":1089,"column":17},"end":{"line":1089,"column":null}}]}},"s":{"0":0,"1":0,"2":0,"3":0,"4":0,"5":0,"6":0,"7":0,"8":0,"9":0,"10":0,"11":0,"12":0,"13":0,"14":0,"15":0,"16":0,"17":0,"18":0,"19":0,"20":0,"21":0,"22":0,"23":0,"24":0,"25":0,"26":0,"27":0,"28":0,"29":0,"30":0,"31":0,"32":0,"33":0,"34":0,"35":0,"36":0,"37":0,"38":0,"39":0,"40":0,"41":0,"42":0,"43":0,"44":0,"45":0,"46":0,"47":0,"48":0,"49":0,"50":0,"51":0,"52":0,"53":0,"54":0,"55":0,"56":0,"57":0,"58":0,"59":0,"60":0,"61":0,"62":0,"63":0,"64":0,"65":0,"66":0,"67":0,"68":0,"69":0,"70":0,"71":0,"72":0,"73":0,"74":0,"75":0,"76":0,"77":0,"78":0,"79":0,"80":0,"81":0,"82":0,"83":0,"84":0,"85":0,"86":0,"87":0,"88":0,"89":0,"90":0,"91":0,"92":0,"93":0,"94":0,"95":0,"96":0,"97":0,"98":0,"99":0,"100":0,"101":0,"102":0,"103":0,"104":0,"105":0,"106":0,"107":0,"108":0,"109":0,"110":0,"111":0,"112":0,"113":0,"114":0,"115":0,"116":0,"117":0,"118":0,"119":0,"120":0},"f":{"0":0,"1":0,"2":0,"3":0,"4":0,"5":0,"6":0,"7":0,"8":0,"9":0,"10":0,"11":0,"12":0,"13":0,"14":0,"15":0,"16":0,"17":0,"18":0,"19":0,"20":0,"21":0,"22":0,"23":0,"24":0,"25":0,"26":0,"27":0,"28":0,"29":0,"30":0,"31":0,"32":0,"33":0,"34":0,"35":0,"36":0,"37":0,"38":0,"39":0,"40":0,"41":0,"42":0,"43":0,"44":0,"45":0,"46":0,"47":0,"48":0,"49":0,"50":0,"51":0,"52":0,"53":0,"54":0,"55":0,"56":0,"57":0,"58":0,"59":0,"60":0,"61":0,"62":0},"b":{"0":[0,0,0,0,0,0,0],"1":[0,0,0],"2":[0,0],"3":[0,0],"4":[0],"5":[0],"6":[0],"7":[0],"8":[0,0],"9":[0],"10":[0,0],"11":[0,0],"12":[0],"13":[0],"14":[0,0],"15":[0,0],"16":[0],"17":[0],"18":[0,0],"19":[0,0],"20":[0],"21":[0],"22":[0],"23":[0],"24":[0],"25":[0,0],"26":[0],"27":[0,0],"28":[0,0],"29":[0]}}
,"/Users/macbookpro/M4_Projects/Prodaction/marque_frontend/app/cart/loading.tsx": {"path":"/Users/macbookpro/M4_Projects/Prodaction/marque_frontend/app/cart/loading.tsx","statementMap":{"0":{"start":{"line":1,"column":24},"end":{"line":1,"column":null}},"1":{"start":{"line":2,"column":2},"end":{"line":2,"column":null}}},"fnMap":{"0":{"name":"Loading","decl":{"start":{"line":1,"column":24},"end":{"line":1,"column":null}},"loc":{"start":{"line":1,"column":24},"end":{"line":3,"column":null}}}},"branchMap":{},"s":{"0":0,"1":0},"f":{"0":0},"b":{}}
[...]
column":null}}},"2":{"name":"(anonymous_11)","decl":{"start":{"line":39,"column":35},"end":{"line":39,"column":36}},"loc":{"start":{"line":39,"column":48},"end":{"line":43,"column":null}}},"3":{"name":"(anonymous_12)","decl":{"start":{"line":88,"column":48},"end":{"line":88,"column":49}},"loc":{"start":{"line":88,"column":60},"end":{"line":88,"column":65}}},"4":{"name":"(anonymous_13)","decl":{"start":{"line":131,"column":20},"end":{"line":131,"column":21}},"loc":{"start":{"line":132,"column":4},"end":{"line":137,"column":null}}},"5":{"name":"(anonymous_14)","decl":{"start":{"line":140,"column":14},"end":{"line":140,"column":15}},"loc":{"start":{"line":141,"column":4},"end":{"line":159,"column":null}}},"6":{"name":"(anonymous_15)","decl":{"start":{"line":161,"column":14},"end":{"line":161,"column":null}},"loc":{"start":{"line":162,"column":4},"end":{"line":169,"column":null}}},"7":{"name":"(anonymous_16)","decl":{"start":{"line":171,"column":10},"end":{"line":171,"column":null}},"loc":{"start":{"line":172,"column":4},"end":{"line":175,"column":null}}},"8":{"name":"(anonymous_17)","decl":{"start":{"line":180,"column":18},"end":{"line":180,"column":19}},"loc":{"start":{"line":181,"column":4},"end":{"line":183,"column":null}}},"9":{"name":"(anonymous_18)","decl":{"start":{"line":185,"column":10},"end":{"line":185,"column":11}},"loc":{"start":{"line":197,"column":4},"end":{"line":212,"column":null}}},"10":{"name":"(anonymous_19)","decl":{"start":{"line":214,"column":13},"end":{"line":214,"column":14}},"loc":{"start":{"line":215,"column":4},"end":{"line":215,"column":null}}},"11":{"name":"(anonymous_20)","decl":{"start":{"line":220,"column":10},"end":{"line":220,"column":null}},"loc":{"start":{"line":221,"column":4},"end":{"line":221,"column":null}}},"12":{"name":"(anonymous_21)","decl":{"start":{"line":223,"column":13},"end":{"line":223,"column":14}},"loc":{"start":{"line":224,"column":4},"end":{"line":224,"column":null}}},"13":{"name":"(anonymous_22)","decl":{"start":{"line":226,"column":20},"end":{"line":226,"column":21}},"loc":{"start":{"line":227,"column":4},"end":{"line":227,"column":null}}},"14":{"name":"(anonymous_23)","decl":{"start":{"line":229,"column":26},"end":{"line":229,"column":null}},"loc":{"start":{"line":243,"column":4},"end":{"line":245,"column":null}}},"15":{"name":"(anonymous_24)","decl":{"start":{"line":251,"column":7},"end":{"line":251,"column":null}},"loc":{"start":{"line":252,"column":4},"end":{"line":258,"column":null}}},"16":{"name":"(anonymous_25)","decl":{"start":{"line":260,"column":7},"end":{"line":260,"column":8}},"loc":{"start":{"line":261,"column":4},"end":{"line":265,"column":null}}},"17":{"name":"(anonymous_26)","decl":{"start":{"line":267,"column":18},"end":{"line":267,"column":19}},"loc":{"start":{"line":268,"column":4},"end":{"line":272,"column":null}}},"18":{"name":"(anonymous_27)","decl":{"start":{"line":274,"column":10},"end":{"line":274,"column":11}},"loc":{"start":{"line":275,"column":4},"end":{"line":278,"column":null}}},"19":{"name":"(anonymous_28)","decl":{"start":{"line":280,"column":9},"end":{"line":280,"column":null}},"loc":{"start":{"line":281,"column":4},"end":{"line":284,"column":null}}},"20":{"name":"(anonymous_29)","decl":{"start":{"line":289,"column":7},"end":{"line":289,"column":null}},"loc":{"start":{"line":290,"column":4},"end":{"line":294,"column":null}}},"21":{"name":"(anonymous_30)","decl":{"start":{"line":296,"column":7},"end":{"line":296,"column":8}},"loc":{"start":{"line":297,"column":4},"end":{"line":301,"column":null}}},"22":{"name":"(anonymous_31)","decl":{"start":{"line":303,"column":10},"end":{"line":303,"column":11}},"loc":{"start":{"line":304,"column":4},"end":{"line":307,"column":null}}},"23":{"name":"(anonymous_32)","decl":{"start":{"line":309,"column":9},"end":{"line":309,"column":null}},"loc":{"start":{"line":310,"column":4},"end":{"line":313,"column":null}}},"24":{"name":"(anonymous_33)","decl":{"start":{"line":319,"column":10},"end":{"line":319,"column":null}},"loc":{"start":{"line":320,"column":4},"end":{"line":322,"column":null}}},"25":{"name":"(anonymous_34)","decl":{"start":{"line":325,"column":11},"end":{"line":325,"column":null}},"loc":{"start":{"line":326,"column":4},"end":{"line":326,"column":null}}},"26":{"name":"(anonymous_35)","decl":{"start":{"line":329,"column":12},"end":{"line":329,"column":null}},"loc":{"start":{"line":330,"column":4},"end":{"line":330,"column":null}}},"27":{"name":"(anonymous_36)","decl":{"start":{"line":334,"column":12},"end":{"line":334,"column":null}},"loc":{"start":{"line":335,"column":6},"end":{"line":337,"column":null}}},"28":{"name":"(anonymous_37)","decl":{"start":{"line":339,"column":12},"end":{"line":339,"column":13}},"loc":{"start":{"line":349,"column":6},"end":{"line":353,"column":null}}},"29":{"name":"(anonymous_38)","decl":{"start":{"line":355,"column":13},"end":{"line":355,"column":14}},"loc":{"start":{"line":356,"column":6},"end":{"line":358,"column":null}}},"30":{"name":"(anonymous_39)","decl":{"start":{"line":360,"column":12},"end":{"line":360,"column":13}},"loc":{"start":{"line":361,"column":6},"end":{"line":365,"column":null}}},"31":{"name":"(anonymous_40)","decl":{"start":{"line":367,"column":12},"end":{"line":367,"column":13}},"loc":{"start":{"line":368,"column":6},"end":{"line":371,"column":null}}},"32":{"name":"(anonymous_41)","decl":{"start":{"line":373,"column":12},"end":{"line":373,"column":13}},"loc":{"start":{"line":374,"column":6},"end":{"line":377,"column":null}}}},"branchMap":{"0":{"loc":{"start":{"line":29,"column":2},"end":{"line":29,"column":33}},"type":"default-arg","locations":[{"start":{"line":29,"column":31},"end":{"line":29,"column":33}}]},"1":{"loc":{"start":{"line":31,"column":10},"end":{"line":31,"column":30}},"type":"default-arg","locations":[{"start":{"line":31,"column":25},"end":{"line":31,"column":30}}]},"2":{"loc":{"start":{"line":37,"column":2},"end":{"line":48,"column":null}},"type":"if","locations":[{"start":{"line":37,"column":2},"end":{"line":48,"column":null}}]},"3":{"loc":{"start":{"line":40,"column":6},"end":{"line":42,"column":null}},"type":"if","locations":[{"start":{"line":40,"column":6},"end":{"line":42,"column":null}}]},"4":{"loc":{"start":{"line":40,"column":10},"end":{"line":40,"column":49}},"type":"binary-expr","locations":[{"start":{"line":40,"column":10},"end":{"line":40,"column":28}},{"start":{"line":40,"column":28},"end":{"line":40,"column":49}}]},"5":{"loc":{"start":{"line":45,"column":4},"end":{"line":47,"column":null}},"type":"if","locations":[{"start":{"line":45,"column":4},"end":{"line":47,"column":null}}]},"6":{"loc":{"start":{"line":57,"column":2},"end":{"line":59,"column":null}},"type":"if","locations":[{"start":{"line":57,"column":2},"end":{"line":59,"column":null}}]},"7":{"loc":{"start":{"line":62,"column":2},"end":{"line":68,"column":null}},"type":"if","locations":[{"start":{"line":62,"column":2},"end":{"line":68,"column":null}}]},"8":{"loc":{"start":{"line":64,"column":4},"end":{"line":66,"column":null}},"type":"if","locations":[{"start":{"line":64,"column":4},"end":{"line":66,"column":null}}]},"9":{"loc":{"start":{"line":80,"column":4},"end":{"line":105,"column":null}},"type":"if","locations":[{"start":{"line":80,"column":4},"end":{"line":105,"column":null}}]},"10":{"loc":{"start":{"line":83,"column":6},"end":{"line":98,"column":null}},"type":"if","locations":[{"start":{"line":83,"column":6},"end":{"line":98,"column":null}}]},"11":{"loc":{"start":{"line":87,"column":8},"end":{"line":90,"column":null}},"type":"if","locations":[{"start":{"line":87,"column":8},"end":{"line":90,"column":null}}]},"12":{"loc":{"start":{"line":95,"column":10},"end":{"line":95,"column":null}},"type":"binary-expr","locations":[{"start":{"line":95,"column":10},"end":{"line":95,"column":26}},{"start":{"line":95,"column":30},"end":{"line":95,"column":47}},{"start":{"line":95,"column":51},"end":{"line":95,"column":null}}]},"13":{"loc":{"start":{"line":109,"column":4},"end":{"line":111,"column":null}},"type":"if","locations":[{"start":{"line":109,"column":4},"end":{"line":111,"column":null}}]},"14":{"loc":{"start":{"line":115,"column":4},"end":{"line":117,"column":null}},"type":"if","locations":[{"start":{"line":115,"column":4},"end":{"line":117,"column":null}}]},"15":{"loc":{"start":{"line":182,"column":14},"end":{"line":182,"column":null}},"type":"cond-expr","locations":[{"start":{"line":182,"column":22},"end":{"line":182,"column":34}},{"start":{"line":182,"column":34},"end":{"line":182,"column":null}}]}},"s":{"0":2,"1":7,"2":2,"3":3,"4":2,"5":3,"6":5,"7":2,"8":3,"9":10,"10":10,"11":10,"12":10,"13":10,"14":10,"15":10,"16":10,"17":2,"18":2,"19":7,"20":4,"21":2,"22":2,"23":2,"24":10,"25":10,"26":0,"27":10,"28":1,"29":1,"30":1,"31":0,"32":9,"33":9,"34":8,"35":1,"36":0,"37":0,"38":0,"39":0,"40":0,"41":0,"42":0,"43":0,"44":7,"45":0,"46":0,"47":0,"48":9,"49":0,"50":9,"51":9,"52":3,"53":0,"54":0,"55":0,"56":0,"57":3,"58":1,"59":1,"60":1,"61":3,"62":1,"63":0,"64":0,"65":0,"66":3,"67":0,"68":0,"69":0,"70":0,"71":0,"72":3,"73":0,"74":0,"75":0,"76":0,"77":3,"78":1,"79":0,"80":0,"81":0,"82":0,"83":0,"84":0,"85":0,"86":0},"f":{"0":10,"1":10,"2":7,"3":0,"4":0,"5":0,"6":0,"7":0,"8":1,"9":1,"10":1,"11":1,"12":0,"13":0,"14":0,"15":0,"16":0,"17":0,"18":0,"19":0,"20":0,"21":0,"22":0,"23":0,"24":1,"25":0,"26":0,"27":0,"28":0,"29":0,"30":0,"31":0,"32":0},"b":{"0":[6],"1":[9],"2":[2],"3":[4],"4":[7,7],"5":[2],"6":[0],"7":[1],"8":[1],"9":[1],"10":[0],"11":[0],"12":[0,0,0],"13":[0],"14":[0],"15":[1,0]}}
,"/Users/macbookpro/M4_Projects/Prodaction/marque_frontend/lib/config.ts": {"path":"/Users/macbookpro/M4_Projects/Prodaction/marque_frontend/lib/config.ts","statementMap":{"0":{"start":{"line":2,"column":13},"end":{"line":2,"column":23}},"1":{"start":{"line":43,"column":13},"end":{"line":43,"column":23}},"2":{"start":{"line":53,"column":13},"end":{"line":53,"column":24}},"3":{"start":{"line":60,"column":13},"end":{"line":60,"column":25}},"4":{"start":{"line":2,"column":26},"end":{"line":40,"column":null}},"5":{"start":{"line":43,"column":26},"end":{"line":50,"column":null}},"6":{"start":{"line":53,"column":27},"end":{"line":57,"column":null}},"7":{"start":{"line":60,"column":28},"end":{"line":65,"column":null}}},"fnMap":{},"branchMap":{"0":{"loc":{"start":{"line":3,"column":12},"end":{"line":3,"column":null}},"type":"binary-expr","locations":[{"start":{"line":3,"column":12},"end":{"line":3,"column":43}},{"start":{"line":3,"column":47},"end":{"line":3,"column":null}}]},"1":{"loc":{"start":{"line":44,"column":11},"end":{"line":44,"column":null}},"type":"binary-expr","locations":[{"start":{"line":44,"column":11},"end":{"line":44,"column":42}},{"start":{"line":44,"column":46},"end":{"line":44,"column":null}}]}},"s":{"0":15,"1":0,"2":0,"3":0,"4":3,"5":3,"6":3,"7":3},"f":{},"b":{"0":[3,3],"1":[3,3]}}
,"/Users/macbookpro/M4_Projects/Prodaction/marque_frontend/lib/products.ts": {"path":"/Users/macbookpro/M4_Projects/Prodaction/marque_frontend/lib/products.ts","statementMap":{"0":{"start":{"line":25,"column":13},"end":{"line":25,"column":24}},"1":{"start":{"line":320,"column":13},"end":{"line":320,"column":30}},"2":{"start":{"line":325,"column":13},"end":{"line":325,"column":24}},"3":{"start":{"line":297,"column":13},"end":{"line":297,"column":32}},"4":{"start":{"line":315,"column":13},"end":{"line":315,"column":27}},"5":{"start":{"line":290,"column":13},"end":{"line":290,"column":34}},"6":{"start":{"line":284,"column":13},"end":{"line":284,"column":31}},"7":{"start":{"line":330,"column":13},"end":{"line":330,"column":21}},"8":{"start":{"line":304,"column":13},"end":{"line":304,"column":27}},"9":{"start":{"line":25,"column":38},"end":{"line":281,"column":null}},"10":{"start":{"line":284,"column":34},"end":{"line":287,"column":null}},"11":{"start":{"line":285,"column":25},"end":{"line":285,"column":null}},"12":{"start":{"line":285,"column":57},"end":{"line":285,"column":84}},"13":{"start":{"line":286,"column":2},"end":{"line":286,"column":null}},"14":{"start":{"line":290,"column":37},"end":{"line":294,"column":null}},"15":{"start":{"line":291,"column":2},"end":{"line":292,"column":null}},"16":{"start":{"line":292,"column":4},"end":{"line":292,"column":null}},"17":{"start":{"line":297,"column":35},"end":{"line":301,"column":null}},"18":{"start":{"line":298,"column":2},"end":{"line":300,"column":null}},"19":{"start":{"line":299,"column":23},"end":{"line":299,"column":null}},"20":{"start":{"line":304,"column":30},"end":{"line":312,"column":null}},"21":{"start":{"line":305,"column":25},"end":{"line":305,"column":null}},"22":{"start":{"line":306,"column":2},"end":{"line":310,"column":null}},"23":{"start":{"line":307,"column":4},"end":{"line":310,"column":null}},"24":{"start":{"line":315,"column":30},"end":{"line":317,"column":null}},"25":{"start":{"line":316,"column":2},"end":{"line":316,"column":null}},"26":{"start":{"line":316,"column":37},"end":{"line":316,"column":null}},"27":{"start":{"line":320,"column":33},"end":{"line":322,"column":null}},"28":{"start":{"line":321,"column":2},"end":{"line":321,"column":null}},"29":{"start":{"line":325,"column":27},"end":{"line":327,"column":null}},"30":{"start":{"line":326,"column":2},"end":{"line":326,"column":null}},"31":{"start":{"line":330,"column":24},"end":{"line":332,"column":null}},"32":{"start":{"line":331,"column":2},"end":{"line":331,"column":73}}},"fnMap":{"0":{"name":"(anonymous_10)","decl":{"start":{"line":284,"column":34},"end":{"line":284,"column":35}},"loc":{"start":{"line":284,"column":35},"end":{"line":287,"column":null}}},"1":{"name":"(anonymous_11)","decl":{"start":{"line":285,"column":47},"end":{"line":285,"column":48}},"loc":{"start":{"line":285,"column":57},"end":{"line":285,"column":84}}},"2":{"name":"(anonymous_12)","decl":{"start":{"line":290,"column":37},"end":{"line":290,"column":38}},"loc":{"start":{"line":290,"column":38},"end":{"line":294,"column":null}}},"3":{"name":"(anonymous_13)","decl":{"start":{"line":291,"column":28},"end":{"line":291,"column":null}},"loc":{"start":{"line":292,"column":4},"end":{"line":292,"column":null}}},"4":{"name":"(anonymous_14)","decl":{"start":{"line":297,"column":35},"end":{"line":297,"column":36}},"loc":{"start":{"line":297,"column":54},"end":{"line":301,"column":null}}},"5":{"name":"(anonymous_15)","decl":{"start":{"line":299,"column":12},"end":{"line":299,"column":23}},"loc":{"start":{"line":299,"column":23},"end":{"line":299,"column":null}}},"6":{"name":"(anonymous_16)","decl":{"start":{"line":304,"column":30},"end":{"line":304,"column":31}},"loc":{"start":{"line":304,"column":31},"end":{"line":312,"column":null}}},"7":{"name":"(anonymous_17)","decl":{"start":{"line":306,"column":28},"end":{"line":306,"column":null}},"loc":{"start":{"line":307,"column":4},"end":{"line":310,"column":null}}},"8":{"name":"(anonymous_18)","decl":{"start":{"line":315,"column":30},"end":{"line":315,"column":31}},"loc":{"start":{"line":315,"column":31},"end":{"line":317,"column":null}}},"9":{"name":"(anonymous_19)","decl":{"start":{"line":316,"column":26},"end":{"line":316,"column":37}},"loc":{"start":{"line":316,"column":37},"end":{"line":316,"column":null}}},"10":{"name":"(anonymous_20)","decl":{"start":{"line":320,"column":33},"end":{"line":320,"column":34}},"loc":{"start":{"line":320,"column":57},"end":{"line":322,"column":null}}},"11":{"name":"(anonymous_21)","decl":{"start":{"line":325,"column":27},"end":{"line":325,"column":28}},"loc":{"start":{"line":325,"column":67},"end":{"line":327,"column":null}}},"12":{"name":"(anonymous_22)","decl":{"start":{"line":330,"column":24},"end":{"line":330,"column":25}},"loc":{"start":{"line":330,"column":25},"end":{"line":332,"column":null}}}},"branchMap":{"0":{"loc":{"start":{"line":286,"column":9},"end":{"line":286,"column":null}},"type":"cond-expr","locations":[{"start":{"line":286,"column":17},"end":{"line":286,"column":50}},{"start":{"line":286,"column":50},"end":{"line":286,"column":null}}]},"1":{"loc":{"start":{"line":297,"column":36},"end":{"line":297,"column":54}},"type":"default-arg","locations":[{"start":{"line":297,"column":52},"end":{"line":297,"column":54}}]},"2":{"loc":{"start":{"line":299,"column":23},"end":{"line":299,"column":null}},"type":"binary-expr","locations":[{"start":{"line":299,"column":23},"end":{"line":299,"column":39}},{"start":{"line":299,"column":43},"end":{"line":299,"column":null}}]},"3":{"loc":{"start":{"line":307,"column":4},"end":{"line":310,"column":null}},"type":"binary-expr","locations":[{"start":{"line":307,"column":4},"end":{"line":307,"column":null}},{"start":{"line":308,"column":4},"end":{"line":308,"column":null}},{"start":{"line":309,"column":4},"end":{"line":309,"column":null}},{"start":{"line":310,"column":5},"end":{"line":310,"column":24}},{"start":{"line":310,"column":28},"end":{"line":310,"column":null}}]},"4":{"loc":{"start":{"line":325,"column":43},"end":{"line":325,"column":67}},"type":"default-arg","locations":[{"start":{"line":325,"column":62},"end":{"line":325,"column":67}}]},"5":{"loc":{"start":{"line":331,"column":12},"end":{"line":331,"column":73}},"type":"binary-expr","locations":[{"start":{"line":331,"column":12},"end":{"line":331,"column":33}},{"start":{"line":331,"column":37},"end":{"line":331,"column":73}}]}},"s":{"0":0,"1":0,"2":0,"3":0,"4":0,"5":0,"6":0,"7":0,"8":0,"9":0,"10":0,"11":0,"12":0,"13":0,"14":0,"15":0,"16":0,"17":0,"18":0,"19":0,"20":0,"21":0,"22":0,"23":0,"24":0,"25":0,"26":0,"27":0,"28":0,"29":0,"30":0,"31":0,"32":0},"f":{"0":0,"1":0,"2":0,"3":0,"4":0,"5":0,"6":0,"7":0,"8":0,"9":0,"10":0,"11":0,"12":0},"b":{"0":[0,0],"1":[0],"2":[0,0],"3":[0,0,0,0,0],"4":[0],"5":[0,0]}}
,"/Users/macbookpro/M4_Projects/Prodaction/marque_frontend/lib/toast.ts": {"path":"/Users/macbookpro/M4_Projects/Prodaction/marque_frontend/lib/toast.ts","statementMap":{"0":{"start":{"line":8,"column":13},"end":{"line":8,"column":21}},"1":{"start":{"line":6,"column":37},"end":{"line":6,"column":null}},"2":{"start":{"line":8,"column":21},"end":{"line":36,"column":null}},"3":{"start":{"line":10,"column":4},"end":{"line":13,"column":null}},"4":{"start":{"line":16,"column":4},"end":{"line":19,"column":null}},"5":{"start":{"line":21,"column":32},"end":{"line":21,"column":null}},"6":{"start":{"line":26,"column":4},"end":{"line":29,"column":null}},"7":{"start":{"line":32,"column":4},"end":{"line":35,"column":null}}},"fnMap":{"0":{"name":"(anonymous_1)","decl":{"start":{"line":9,"column":11},"end":{"line":9,"column":12}},"loc":{"start":{"line":10,"column":4},"end":{"line":13,"column":null}}},"1":{"name":"(anonymous_2)","decl":{"start":{"line":15,"column":9},"end":{"line":15,"column":10}},"loc":{"start":{"line":16,"column":4},"end":{"line":19,"column":null}}},"2":{"name":"(anonymous_3)","decl":{"start":{"line":21,"column":11},"end":{"line":21,"column":12}},"loc":{"start":{"line":21,"column":32},"end":{"line":21,"column":null}}},"3":{"name":"(anonymous_4)","decl":{"start":{"line":25,"column":8},"end":{"line":25,"column":9}},"loc":{"start":{"line":26,"column":4},"end":{"line":29,"column":null}}},"4":{"name":"(anonymous_5)","decl":{"start":{"line":31,"column":11},"end":{"line":31,"column":12}},"loc":{"start":{"line":32,"column":4},"end":{"line":35,"column":null}}}},"branchMap":{},"s":{"0":2,"1":2,"2":2,"3":0,"4":0,"5":0,"6":0,"7":0},"f":{"0":0,"1":0,"2":0,"3":0,"4":0},"b":{}}
,"/Users/macbookpro/M4_Projects/Prodaction/marque_frontend/lib/utils.ts": {"path":"/Users/macbookpro/M4_Projects/Prodaction/marque_frontend/lib/utils.ts","statementMap":{"0":{"start":{"line":4,"column":16},"end":{"line":4,"column":19}},"1":{"start":{"line":1,"column":38},"end":{"line":1,"column":null}},"2":{"start":{"line":2,"column":24},"end":{"line":2,"column":null}},"3":{"start":{"line":5,"column":2},"end":{"line":5,"column":null}}},"fnMap":{"0":{"name":"cn","decl":{"start":{"line":4,"column":16},"end":{"line":4,"column":19}},"loc":{"start":{"line":4,"column":42},"end":{"line":6,"column":null}}}},"branchMap":{},"s":{"0":0,"1":0,"2":0,"3":0},"f":{"0":0},"b":{}}
}
