TN:
SF:app/layout.tsx
FN:82,RootLayout
FNF:1
FNH:0
FNDA:0,RootLayout
DA:3,0
DA:4,0
DA:5,0
DA:6,0
DA:7,0
DA:8,0
DA:10,0
DA:17,0
DA:74,0
DA:82,0
LF:10
LH:0
BRF:0
BRH:0
end_of_record
TN:
SF:app/loading.tsx
FN:1,Loading
FNF:1
FNH:0
FNDA:0,Loading
DA:1,0
DA:2,0
LF:2
LH:0
BRF:0
BRH:0
end_of_record
TN:
SF:app/page.tsx
FN:20,MarquePage
FN:71,(anonymous_3)
FN:74,(anonymous_4)
FN:83,(anonymous_5)
FN:84,(anonymous_6)
FN:108,(anonymous_7)
FN:132,(anonymous_8)
FN:141,(anonymous_9)
FN:142,(anonymous_10)
FN:165,(anonymous_11)
FN:166,(anonymous_12)
FN:186,(anonymous_13)
FN:187,(anonymous_14)
FN:192,(anonymous_15)
FN:201,(anonymous_16)
FN:207,(anonymous_17)
FN:211,(anonymous_18)
FN:217,(anonymous_19)
FN:223,(anonymous_20)
FN:225,(anonymous_21)
FN:228,(anonymous_22)
FN:233,(anonymous_23)
FN:240,(anonymous_24)
FN:244,(anonymous_25)
FN:254,(anonymous_26)
FN:266,(anonymous_27)
FN:274,(anonymous_28)
FN:299,(anonymous_29)
FN:304,(anonymous_30)
FN:405,(anonymous_31)
FN:408,(anonymous_32)
FN:420,(anonymous_33)
FN:421,(anonymous_34)
FN:422,(anonymous_35)
FN:425,(anonymous_36)
FN:429,(anonymous_37)
FN:432,(anonymous_38)
FN:436,(anonymous_39)
FN:442,(anonymous_40)
FN:452,(anonymous_41)
FN:453,(anonymous_42)
FN:469,(anonymous_43)
FN:487,(anonymous_44)
FN:491,(anonymous_45)
FN:547,(anonymous_46)
FN:548,(anonymous_47)
FN:552,(anonymous_48)
FN:560,(anonymous_49)
FN:660,(anonymous_50)
FN:670,(anonymous_51)
FN:689,(anonymous_52)
FN:712,(anonymous_53)
FN:729,(anonymous_54)
FN:733,(anonymous_55)
FN:750,(anonymous_56)
FN:765,(anonymous_57)
FN:787,(anonymous_58)
FN:801,(anonymous_59)
FNF:58
FNH:0
FNDA:0,MarquePage
FNDA:0,(anonymous_3)
FNDA:0,(anonymous_4)
FNDA:0,(anonymous_5)
FNDA:0,(anonymous_6)
FNDA:0,(anonymous_7)
FNDA:0,(anonymous_8)
FNDA:0,(anonymous_9)
FNDA:0,(anonymous_10)
FNDA:0,(anonymous_11)
FNDA:0,(anonymous_12)
FNDA:0,(anonymous_13)
FNDA:0,(anonymous_14)
FNDA:0,(anonymous_15)
FNDA:0,(anonymous_16)
FNDA:0,(anonymous_17)
FNDA:0,(anonymous_18)
FNDA:0,(anonymous_19)
FNDA:0,(anonymous_20)
FNDA:0,(anonymous_21)
FNDA:0,(anonymous_22)
FNDA:0,(anonymous_23)
FNDA:0,(anonymous_24)
FNDA:0,(anonymous_25)
FNDA:0,(anonymous_26)
FNDA:0,(anonymous_27)
FNDA:0,(anonymous_28)
FNDA:0,(anonymous_29)
FNDA:0,(anonymous_30)
FNDA:0,(anonymous_31)
FNDA:0,(anonymous_32)
FNDA:0,(anonymous_33)
FNDA:0,(anonymous_34)
FNDA:0,(anonymous_35)
FNDA:0,(anonymous_36)
FNDA:0,(anonymous_37)
FNDA:0,(anonymous_38)
FNDA:0,(anonymous_39)
FNDA:0,(anonymous_40)
FNDA:0,(anonymous_41)
FNDA:0,(anonymous_42)
FNDA:0,(anonymous_43)
FNDA:0,(anonymous_44)
FNDA:0,(anonymous_45)
FNDA:0,(anonymous_46)
FNDA:0,(anonymous_47)
FNDA:0,(anonymous_48)
FNDA:0,(anonymous_49)
FNDA:0,(anonymous_50)
FNDA:0,(anonymous_51)
FNDA:0,(anonymous_52)
FNDA:0,(anonymous_53)
FNDA:0,(anonymous_54)
FNDA:0,(anonymous_55)
FNDA:0,(anonymous_56)
FNDA:0,(anonymous_57)
FNDA:0,(anonymous_58)
FNDA:0,(anonymous_59)
DA:5,0
DA:6,0
DA:7,0
DA:8,0
DA:12,0
DA:13,0
DA:14,0
DA:15,0
DA:16,0
DA:17,0
DA:18,0
DA:20,0
DA:21,0
DA:22,0
DA:23,0
DA:24,0
DA:25,0
DA:26,0
DA:27,0
DA:28,0
DA:29,0
DA:30,0
DA:33,0
DA:34,0
DA:35,0
DA:36,0
DA:39,0
DA:40,0
DA:41,0
DA:42,0
DA:43,0
DA:44,0
DA:45,0
DA:46,0
DA:47,0
DA:48,0
DA:49,0
DA:50,0
DA:51,0
DA:52,0
DA:54,0
DA:63,0
DA:71,0
DA:72,0
DA:73,0
DA:74,0
DA:75,0
DA:77,0
DA:78,0
DA:83,0
DA:84,0
DA:85,0
DA:86,0
DA:89,0
DA:90,0
DA:91,0
DA:92,0
DA:93,0
DA:96,0
DA:100,0
DA:101,0
DA:102,0
DA:103,0
DA:105,0
DA:107,0
DA:108,0
DA:110,0
DA:111,0
DA:112,0
DA:114,0
DA:117,0
DA:118,0
DA:122,0
DA:124,0
DA:128,0
DA:132,0
DA:133,0
DA:134,0
DA:135,0
DA:136,0
DA:141,0
DA:142,0
DA:143,0
DA:144,0
DA:145,0
DA:146,0
DA:147,0
DA:148,0
DA:150,0
DA:151,0
DA:155,0
DA:157,0
DA:161,0
DA:165,0
DA:166,0
DA:167,0
DA:168,0
DA:169,0
DA:170,0
DA:171,0
DA:172,0
DA:175,0
DA:176,0
DA:178,0
DA:182,0
DA:186,0
DA:187,0
DA:188,0
DA:192,0
DA:193,0
DA:194,0
DA:196,0
DA:198,0
DA:201,0
DA:202,0
DA:207,0
DA:208,0
DA:211,0
DA:212,0
DA:213,0
DA:214,0
DA:217,0
DA:218,0
DA:219,0
DA:223,0
DA:225,0
DA:228,0
DA:229,0
DA:230,0
DA:233,0
DA:234,0
DA:236,0
DA:240,0
DA:241,0
DA:244,0
DA:254,0
DA:267,0
DA:274,0
DA:300,0
DA:304,0
DA:340,0
DA:374,0
DA:399,0
DA:402,0
DA:405,0
DA:406,0
DA:408,0
DA:415,0
DA:420,0
DA:421,0
DA:422,0
DA:425,0
DA:429,0
DA:431,0
DA:432,0
DA:435,0
DA:436,0
DA:442,0
DA:443,0
DA:444,0
DA:445,0
DA:446,0
DA:448,0
DA:452,0
DA:453,0
DA:454,0
DA:456,0
DA:457,0
DA:458,0
DA:461,0
DA:462,0
DA:464,0
DA:466,0
DA:468,0
DA:469,0
DA:471,0
DA:472,0
DA:475,0
DA:478,0
DA:479,0
DA:481,0
DA:486,0
DA:487,0
DA:491,0
DA:494,0
DA:495,0
DA:498,0
DA:499,0
DA:500,0
DA:502,0
DA:547,0
DA:549,0
DA:552,0
DA:560,0
DA:661,0
DA:670,0
DA:690,0
DA:713,0
DA:730,0
DA:733,0
DA:750,0
DA:766,0
DA:788,0
DA:801,0
LF:204
LH:0
BRDA:73,0,0,0
BRDA:73,0,1,0
BRDA:91,1,0,0
BRDA:91,2,0,0
BRDA:91,2,1,0
BRDA:105,3,0,0
BRDA:105,3,1,0
BRDA:105,4,0,0
BRDA:105,4,1,0
BRDA:135,5,0,0
BRDA:143,6,0,0
BRDA:143,7,0,0
BRDA:143,7,1,0
BRDA:147,8,0,0
BRDA:147,9,0,0
BRDA:147,9,1,0
BRDA:150,10,0,0
BRDA:150,11,0,0
BRDA:150,11,1,0
BRDA:167,12,0,0
BRDA:171,13,0,0
BRDA:196,14,0,0
BRDA:196,14,1,0
BRDA:218,15,0,0
BRDA:241,16,0,0
BRDA:244,17,0,0
BRDA:244,17,1,0
BRDA:264,18,0,0
BRDA:266,19,0,0
BRDA:270,20,0,0
BRDA:270,20,1,0
BRDA:277,21,0,0
BRDA:277,21,1,0
BRDA:268,22,0,0
BRDA:268,22,1,0
BRDA:287,23,0,0
BRDA:297,24,0,0
BRDA:299,25,0,0
BRDA:311,26,0,0
BRDA:311,26,1,0
BRDA:311,26,2,0
BRDA:325,27,0,0
BRDA:325,27,1,0
BRDA:301,28,0,0
BRDA:301,28,1,0
BRDA:399,29,0,0
BRDA:399,29,1,0
BRDA:406,30,0,0
BRDA:410,31,0,0
BRDA:410,31,1,0
BRDA:411,32,0,0
BRDA:411,32,1,0
BRDA:411,32,2,0
BRDA:412,33,0,0
BRDA:412,33,1,0
BRDA:413,34,0,0
BRDA:413,34,1,0
BRDA:413,34,2,0
BRDA:431,35,0,0
BRDA:431,35,1,0
BRDA:435,36,0,0
BRDA:454,37,0,0
BRDA:454,38,0,0
BRDA:454,38,1,0
BRDA:454,38,2,0
BRDA:456,39,0,0
BRDA:456,39,1,0
BRDA:461,40,0,0
BRDA:468,41,0,0
BRDA:468,41,1,0
BRDA:468,42,0,0
BRDA:468,42,1,0
BRDA:471,43,0,0
BRDA:544,44,0,0
BRDA:575,45,0,0
BRDA:585,46,0,0
BRDA:587,47,0,0
BRDA:587,47,1,0
BRDA:598,48,0,0
BRDA:598,48,1,0
BRDA:613,49,0,0
BRDA:621,50,0,0
BRDA:664,51,0,0
BRDA:664,51,1,0
BRDA:666,52,0,0
BRDA:666,52,1,0
BRDA:672,53,0,0
BRDA:672,53,1,0
BRDA:673,54,0,0
BRDA:673,54,1,0
BRDA:674,55,0,0
BRDA:674,55,1,0
BRDA:675,56,0,0
BRDA:675,56,1,0
BRDA:677,57,0,0
BRDA:677,57,1,0
BRDA:678,58,0,0
BRDA:678,58,1,0
BRDA:686,59,0,0
BRDA:686,59,1,0
BRDA:687,60,0,0
BRDA:687,60,1,0
BRDA:697,61,0,0
BRDA:700,62,0,0
BRDA:716,63,0,0
BRDA:716,63,1,0
BRDA:736,64,0,0
BRDA:736,64,1,0
BRDA:737,65,0,0
BRDA:737,65,1,0
BRDA:740,66,0,0
BRDA:740,66,1,0
BRDA:741,67,0,0
BRDA:741,67,1,0
BRDA:747,68,0,0
BRDA:747,68,1,0
BRDA:747,68,2,0
BRDA:748,69,0,0
BRDA:748,69,1,0
BRDA:754,70,0,0
BRDA:769,71,0,0
BRDA:769,71,1,0
BRDA:784,72,0,0
BRDA:790,73,0,0
BRDA:790,73,1,0
BRDA:795,74,0,0
BRDA:802,75,0,0
BRDA:802,75,1,0
BRDA:807,76,0,0
BRDA:807,76,1,0
BRDA:808,77,0,0
BRDA:808,77,1,0
BRDA:808,77,2,0
BRDA:817,78,0,0
BRDA:817,78,1,0
BRDA:817,78,2,0
BRDA:820,79,0,0
BRDA:820,79,1,0
BRDA:826,80,0,0
BRDA:826,80,1,0
BRDA:828,81,0,0
BRDA:836,82,0,0
BRDA:846,83,0,0
BRF:143
BRH:0
end_of_record
TN:
SF:app/admin/loading.tsx
FN:1,Loading
FNF:1
FNH:0
FNDA:0,Loading
DA:1,0
DA:2,0
LF:2
LH:0
BRF:0
BRH:0
end_of_record
TN:
SF:app/admin/page.tsx
FN:14,AdminDashboard
FN:186,(anonymous_2)
FN:201,(anonymous_3)
FN:203,(anonymous_4)
FN:209,(anonymous_5)
FN:214,(anonymous_6)
FN:223,(anonymous_7)
FN:232,(anonymous_8)
FN:242,(anonymous_9)
FN:248,(anonymous_10)
FN:249,(anonymous_11)
FN:264,(anonymous_12)
FN:271,(anonymous_13)
FN:294,(anonymous_14)
FN:314,(anonymous_15)
FN:340,(anonymous_16)
FN:392,(anonymous_17)
FN:409,(anonymous_18)
FN:442,(anonymous_19)
FN:450,(anonymous_20)
FN:464,(anonymous_21)
FN:471,(anonymous_22)
FN:479,(anonymous_23)
FN:488,(anonymous_24)
FN:492,(anonymous_25)
FN:511,(anonymous_26)
FN:546,(anonymous_27)
FN:558,(anonymous_28)
FN:578,(anonymous_29)
FN:586,(anonymous_30)
FN:600,(anonymous_31)
FN:607,(anonymous_32)
FN:615,(anonymous_33)
FN:624,(anonymous_34)
FN:628,(anonymous_35)
FN:647,(anonymous_36)
FN:682,(anonymous_37)
FN:694,(anonymous_38)
FN:714,(anonymous_39)
FN:729,(anonymous_40)
FN:769,(anonymous_41)
FN:778,(anonymous_42)
FN:786,(anonymous_43)
FN:826,(anonymous_44)
FN:846,(anonymous_45)
FN:867,(anonymous_46)
FN:891,(anonymous_47)
FN:899,(anonymous_48)
FN:930,(anonymous_49)
FN:942,(anonymous_50)
FN:954,(anonymous_51)
FN:966,(anonymous_52)
FN:979,(anonymous_53)
FN:995,(anonymous_54)
FN:1015,(anonymous_55)
FN:1034,(anonymous_56)
FN:1041,(anonymous_57)
FN:1049,(anonymous_58)
FN:1058,(anonymous_59)
FN:1062,(anonymous_60)
FN:1081,(anonymous_61)
FN:1116,(anonymous_62)
FN:1128,(anonymous_63)
FNF:63
FNH:0
FNDA:0,AdminDashboard
FNDA:0,(anonymous_2)
FNDA:0,(anonymous_3)
FNDA:0,(anonymous_4)
FNDA:0,(anonymous_5)
FNDA:0,(anonymous_6)
FNDA:0,(anonymous_7)
FNDA:0,(anonymous_8)
FNDA:0,(anonymous_9)
FNDA:0,(anonymous_10)
FNDA:0,(anonymous_11)
FNDA:0,(anonymous_12)
FNDA:0,(anonymous_13)
FNDA:0,(anonymous_14)
FNDA:0,(anonymous_15)
FNDA:0,(anonymous_16)
FNDA:0,(anonymous_17)
FNDA:0,(anonymous_18)
FNDA:0,(anonymous_19)
FNDA:0,(anonymous_20)
FNDA:0,(anonymous_21)
FNDA:0,(anonymous_22)
FNDA:0,(anonymous_23)
FNDA:0,(anonymous_24)
FNDA:0,(anonymous_25)
FNDA:0,(anonymous_26)
FNDA:0,(anonymous_27)
FNDA:0,(anonymous_28)
FNDA:0,(anonymous_29)
FNDA:0,(anonymous_30)
FNDA:0,(anonymous_31)
FNDA:0,(anonymous_32)
FNDA:0,(anonymous_33)
FNDA:0,(anonymous_34)
FNDA:0,(anonymous_35)
FNDA:0,(anonymous_36)
FNDA:0,(anonymous_37)
FNDA:0,(anonymous_38)
FNDA:0,(anonymous_39)
FNDA:0,(anonymous_40)
FNDA:0,(anonymous_41)
FNDA:0,(anonymous_42)
FNDA:0,(anonymous_43)
FNDA:0,(anonymous_44)
FNDA:0,(anonymous_45)
FNDA:0,(anonymous_46)
FNDA:0,(anonymous_47)
FNDA:0,(anonymous_48)
FNDA:0,(anonymous_49)
FNDA:0,(anonymous_50)
FNDA:0,(anonymous_51)
FNDA:0,(anonymous_52)
FNDA:0,(anonymous_53)
FNDA:0,(anonymous_54)
FNDA:0,(anonymous_55)
FNDA:0,(anonymous_56)
FNDA:0,(anonymous_57)
FNDA:0,(anonymous_58)
FNDA:0,(anonymous_59)
FNDA:0,(anonymous_60)
FNDA:0,(anonymous_61)
FNDA:0,(anonymous_62)
FNDA:0,(anonymous_63)
DA:3,0
DA:4,0
DA:5,0
DA:6,0
DA:7,0
DA:8,0
DA:9,0
DA:10,0
DA:11,0
DA:12,0
DA:14,0
DA:15,0
DA:18,0
DA:19,0
DA:20,0
DA:21,0
DA:22,0
DA:23,0
DA:24,0
DA:25,0
DA:26,0
DA:27,0
DA:28,0
DA:29,0
DA:30,0
DA:31,0
DA:38,0
DA:153,0
DA:186,0
DA:188,0
DA:194,0
DA:198,0
DA:201,0
DA:203,0
DA:204,0
DA:205,0
DA:206,0
DA:209,0
DA:210,0
DA:211,0
DA:214,0
DA:215,0
DA:216,0
DA:217,0
DA:218,0
DA:219,0
DA:223,0
DA:224,0
DA:225,0
DA:226,0
DA:227,0
DA:228,0
DA:232,0
DA:233,0
DA:234,0
DA:237,0
DA:242,0
DA:243,0
DA:244,0
DA:248,0
DA:249,0
DA:255,0
DA:264,0
DA:271,0
DA:294,0
DA:314,0
DA:334,0
DA:340,0
DA:393,0
DA:410,0
DA:436,0
DA:442,0
DA:450,0
DA:464,0
DA:472,0
DA:479,0
DA:489,0
DA:492,0
DA:512,0
DA:546,0
DA:558,0
DA:572,0
DA:578,0
DA:586,0
DA:600,0
DA:608,0
DA:615,0
DA:625,0
DA:628,0
DA:648,0
DA:682,0
DA:694,0
DA:708,0
DA:714,0
DA:730,0
DA:769,0
DA:778,0
DA:786,0
DA:826,0
DA:846,0
DA:861,0
DA:867,0
DA:892,0
DA:899,0
DA:930,0
DA:942,0
DA:954,0
DA:966,0
DA:979,0
DA:995,0
DA:1015,0
DA:1034,0
DA:1042,0
DA:1049,0
DA:1059,0
DA:1062,0
DA:1082,0
DA:1116,0
DA:1128,0
LF:119
LH:0
BRDA:188,0,0,0
BRDA:188,0,1,0
BRDA:188,0,2,0
BRDA:188,0,3,0
BRDA:188,0,4,0
BRDA:188,0,5,0
BRDA:188,0,6,0
BRDA:194,1,0,0
BRDA:194,1,1,0
BRDA:194,1,2,0
BRDA:198,2,0,0
BRDA:198,2,1,0
BRDA:201,3,0,0
BRDA:201,3,1,0
BRDA:217,4,0,0
BRDA:226,5,0,0
BRDA:255,6,0,0
BRDA:334,7,0,0
BRDA:396,8,0,0
BRDA:396,8,1,0
BRDA:436,9,0,0
BRDA:475,10,0,0
BRDA:475,10,1,0
BRDA:514,11,0,0
BRDA:514,11,1,0
BRDA:519,12,0,0
BRDA:572,13,0,0
BRDA:611,14,0,0
BRDA:611,14,1,0
BRDA:650,15,0,0
BRDA:650,15,1,0
BRDA:655,16,0,0
BRDA:708,17,0,0
BRDA:708,18,0,0
BRDA:708,18,1,0
BRDA:732,19,0,0
BRDA:732,19,1,0
BRDA:738,20,0,0
BRDA:739,21,0,0
BRDA:740,22,0,0
BRDA:775,23,0,0
BRDA:861,24,0,0
BRDA:895,25,0,0
BRDA:895,25,1,0
BRDA:912,26,0,0
BRDA:1045,27,0,0
BRDA:1045,27,1,0
BRDA:1084,28,0,0
BRDA:1084,28,1,0
BRDA:1089,29,0,0
BRF:50
BRH:0
end_of_record
TN:
SF:app/cart/loading.tsx
FN:1,Loading
FNF:1
FNH:0
FNDA:0,Loading
DA:1,0
DA:2,0
LF:2
LH:0
BRF:0
BRH:0
end_of_record
TN:
SF:app/cart/page.tsx
FN:14,CartPage
FN:31,(anonymous_3)
FN:35,(anonymous_4)
FN:37,(anonymous_5)
FN:43,(anonymous_6)
FN:44,(anonymous_7)
FN:49,(anonymous_8)
FN:55,(anonymous_9)
FN:61,(anonymous_10)
FN:101,(anonymous_11)
FN:125,(anonymous_12)
FN:138,(anonymous_13)
FN:147,(anonymous_14)
FN:178,(anonymous_15)
FN:186,(anonymous_16)
FN:287,(anonymous_17)
FN:297,(anonymous_18)
FN:322,(anonymous_19)
FN:335,(anonymous_20)
FN:346,(anonymous_21)
FN:357,(anonymous_22)
FN:385,(anonymous_23)
FNF:22
FNH:0
FNDA:0,CartPage
FNDA:0,(anonymous_3)
FNDA:0,(anonymous_4)
FNDA:0,(anonymous_5)
FNDA:0,(anonymous_6)
FNDA:0,(anonymous_7)
FNDA:0,(anonymous_8)
FNDA:0,(anonymous_9)
FNDA:0,(anonymous_10)
FNDA:0,(anonymous_11)
FNDA:0,(anonymous_12)
FNDA:0,(anonymous_13)
FNDA:0,(anonymous_14)
FNDA:0,(anonymous_15)
FNDA:0,(anonymous_16)
FNDA:0,(anonymous_17)
FNDA:0,(anonymous_18)
FNDA:0,(anonymous_19)
FNDA:0,(anonymous_20)
FNDA:0,(anonymous_21)
FNDA:0,(anonymous_22)
FNDA:0,(anonymous_23)
DA:2,0
DA:3,0
DA:4,0
DA:5,0
DA:6,0
DA:7,0
DA:8,0
DA:9,0
DA:10,0
DA:11,0
DA:12,0
DA:14,0
DA:15,0
DA:16,0
DA:17,0
DA:19,0
DA:21,0
DA:23,0
DA:24,0
DA:25,0
DA:27,0
DA:28,0
DA:29,0
DA:31,0
DA:32,0
DA:35,0
DA:36,0
DA:37,0
DA:38,0
DA:39,0
DA:41,0
DA:43,0
DA:44,0
DA:45,0
DA:49,0
DA:50,0
DA:51,0
DA:55,0
DA:56,0
DA:57,0
DA:61,0
DA:62,0
DA:63,0
DA:64,0
DA:67,0
DA:102,0
DA:125,0
DA:138,0
DA:147,0
DA:179,0
DA:186,0
DA:287,0
DA:297,0
DA:322,0
DA:335,0
DA:346,0
DA:357,0
DA:385,0
LF:58
LH:0
BRDA:38,0,0,0
BRDA:38,0,1,0
BRDA:50,1,0,0
BRDA:56,2,0,0
BRDA:67,3,0,0
BRDA:89,4,0,0
BRDA:105,5,0,0
BRDA:105,5,1,0
BRDA:114,6,0,0
BRDA:114,6,1,0
BRDA:154,7,0,0
BRDA:165,8,0,0
BRDA:182,9,0,0
BRDA:182,9,1,0
BRDA:188,10,0,0
BRDA:188,10,1,0
BRDA:188,11,0,0
BRDA:188,11,1,0
BRDA:363,12,0,0
BRF:19
BRH:0
end_of_record
TN:
SF:app/category/[slug]/page.tsx
FN:13,CategoryPage
FN:24,(anonymous_3)
FN:25,(anonymous_4)
FN:50,(anonymous_5)
FN:53,(anonymous_6)
FN:122,(anonymous_7)
FN:151,(anonymous_8)
FN:159,(anonymous_9)
FNF:8
FNH:0
FNDA:0,CategoryPage
FNDA:0,(anonymous_3)
FNDA:0,(anonymous_4)
FNDA:0,(anonymous_5)
FNDA:0,(anonymous_6)
FNDA:0,(anonymous_7)
FNDA:0,(anonymous_8)
FNDA:0,(anonymous_9)
DA:3,0
DA:4,0
DA:5,0
DA:6,0
DA:7,0
DA:8,0
DA:9,0
DA:10,0
DA:11,0
DA:13,0
DA:14,0
DA:15,0
DA:17,0
DA:18,0
DA:19,0
DA:20,0
DA:21,0
DA:24,0
DA:25,0
DA:26,0
DA:27,0
DA:28,0
DA:30,0
DA:31,0
DA:32,0
DA:35,0
DA:36,0
DA:38,0
DA:39,0
DA:41,0
DA:45,0
DA:46,0
DA:50,0
DA:51,0
DA:52,0
DA:53,0
DA:54,0
DA:55,0
DA:56,0
DA:58,0
DA:64,0
DA:82,0
DA:123,0
DA:152,0
DA:159,0
LF:45
LH:0
BRDA:32,0,0,0
BRDA:32,0,1,0
BRDA:39,1,0,0
BRDA:39,1,1,0
BRDA:45,2,0,0
BRDA:55,3,0,0
BRDA:55,3,1,0
BRDA:64,4,0,0
BRDA:82,5,0,0
BRDA:82,6,0,0
BRDA:82,6,1,0
BRDA:91,7,0,0
BRDA:91,7,1,0
BRDA:121,8,0,0
BRDA:120,9,0,0
BRDA:120,9,1,0
BRDA:129,10,0,0
BRDA:129,10,1,0
BRDA:147,11,0,0
BRDA:147,11,1,0
BRDA:154,12,0,0
BRDA:154,12,1,0
BRDA:160,13,0,0
BRDA:160,13,1,0
BRDA:165,14,0,0
BRDA:165,14,1,0
BRDA:166,15,0,0
BRDA:166,15,1,0
BRDA:173,16,0,0
BRDA:173,16,1,0
BRDA:173,16,2,0
BRDA:176,17,0,0
BRDA:176,17,1,0
BRDA:180,18,0,0
BRDA:180,18,1,0
BRDA:182,19,0,0
BRDA:188,20,0,0
BRF:37
BRH:0
end_of_record
TN:
SF:app/order-success/page.tsx
FN:5,OrderSuccessPage
FNF:1
FNH:0
FNDA:0,OrderSuccessPage
DA:1,0
DA:2,0
DA:3,0
DA:5,0
LF:4
LH:0
BRF:0
BRH:0
end_of_record
TN:
SF:app/product/[id]/loading.tsx
FN:1,Loading
FNF:1
FNH:0
FNDA:0,Loading
DA:1,0
DA:2,0
LF:2
LH:0
BRF:0
BRH:0
end_of_record
TN:
SF:app/product/[id]/page.tsx
FN:15,ProductDetailPage
FN:40,(anonymous_3)
FN:41,(anonymous_4)
FN:78,(anonymous_5)
FN:82,(anonymous_6)
FN:116,(anonymous_7)
FN:124,(anonymous_8)
FN:128,(anonymous_9)
FN:129,(anonymous_10)
FN:139,(anonymous_11)
FN:145,(anonymous_12)
FN:151,(anonymous_13)
FN:152,(anonymous_14)
FN:156,(anonymous_15)
FN:157,(anonymous_16)
FN:162,(anonymous_17)
FN:251,(anonymous_19)
FN:255,(anonymous_20)
FN:280,(anonymous_21)
FN:286,(anonymous_22)
FN:308,(anonymous_23)
FN:329,(anonymous_24)
FN:337,(anonymous_25)
FN:354,(anonymous_26)
FN:362,(anonymous_27)
FN:377,(anonymous_28)
FN:379,(anonymous_29)
FN:444,(anonymous_30)
FN:475,(anonymous_31)
FN:485,(anonymous_32)
FN:526,(anonymous_33)
FN:536,(anonymous_34)
FN:539,(anonymous_35)
FNF:33
FNH:0
FNDA:0,ProductDetailPage
FNDA:0,(anonymous_3)
FNDA:0,(anonymous_4)
FNDA:0,(anonymous_5)
FNDA:0,(anonymous_6)
FNDA:0,(anonymous_7)
FNDA:0,(anonymous_8)
FNDA:0,(anonymous_9)
FNDA:0,(anonymous_10)
FNDA:0,(anonymous_11)
FNDA:0,(anonymous_12)
FNDA:0,(anonymous_13)
FNDA:0,(anonymous_14)
FNDA:0,(anonymous_15)
FNDA:0,(anonymous_16)
FNDA:0,(anonymous_17)
FNDA:0,(anonymous_19)
FNDA:0,(anonymous_20)
FNDA:0,(anonymous_21)
FNDA:0,(anonymous_22)
FNDA:0,(anonymous_23)
FNDA:0,(anonymous_24)
FNDA:0,(anonymous_25)
FNDA:0,(anonymous_26)
FNDA:0,(anonymous_27)
FNDA:0,(anonymous_28)
FNDA:0,(anonymous_29)
FNDA:0,(anonymous_30)
FNDA:0,(anonymous_31)
FNDA:0,(anonymous_32)
FNDA:0,(anonymous_33)
FNDA:0,(anonymous_34)
FNDA:0,(anonymous_35)
DA:2,0
DA:3,0
DA:4,0
DA:5,0
DA:6,0
DA:7,0
DA:8,0
DA:9,0
DA:10,0
DA:11,0
DA:12,0
DA:13,0
DA:15,0
DA:16,0
DA:17,0
DA:18,0
DA:19,0
DA:20,0
DA:21,0
DA:22,0
DA:23,0
DA:24,0
DA:25,0
DA:26,0
DA:27,0
DA:29,0
DA:30,0
DA:31,0
DA:34,0
DA:35,0
DA:36,0
DA:37,0
DA:40,0
DA:41,0
DA:42,0
DA:43,0
DA:44,0
DA:47,0
DA:49,0
DA:50,0
DA:53,0
DA:54,0
DA:58,0
DA:59,0
DA:61,0
DA:62,0
DA:65,0
DA:66,0
DA:68,0
DA:72,0
DA:73,0
DA:78,0
DA:79,0
DA:82,0
DA:84,0
DA:85,0
DA:86,0
DA:88,0
DA:89,0
DA:90,0
DA:93,0
DA:95,0
DA:97,0
DA:110,0
DA:113,0
DA:116,0
DA:118,0
DA:120,0
DA:124,0
DA:125,0
DA:128,0
DA:129,0
DA:130,0
DA:131,0
DA:132,0
DA:134,0
DA:139,0
DA:140,0
DA:141,0
DA:142,0
DA:145,0
DA:146,0
DA:147,0
DA:151,0
DA:152,0
DA:156,0
DA:157,0
DA:158,0
DA:162,0
DA:163,0
DA:166,0
DA:167,0
DA:171,0
DA:189,0
DA:252,0
DA:255,0
DA:281,0
DA:286,0
DA:309,0
DA:330,0
DA:337,0
DA:355,0
DA:362,0
DA:377,0
DA:379,0
DA:445,0
DA:476,0
DA:486,0
DA:527,0
DA:537,0
DA:538,0
DA:539,0
DA:540,0
DA:541,0
DA:542,0
DA:544,0
LF:116
LH:0
BRDA:53,0,0,0
BRDA:58,1,0,0
BRDA:58,2,0,0
BRDA:58,2,1,0
BRDA:61,3,0,0
BRDA:61,4,0,0
BRDA:61,4,1,0
BRDA:66,5,0,0
BRDA:66,5,1,0
BRDA:72,6,0,0
BRDA:84,7,0,0
BRDA:88,8,0,0
BRDA:102,9,0,0
BRDA:102,9,1,0
BRDA:103,10,0,0
BRDA:103,10,1,0
BRDA:131,11,0,0
BRDA:131,11,1,0
BRDA:146,12,0,0
BRDA:166,13,0,0
BRDA:171,14,0,0
BRDA:189,15,0,0
BRDA:189,16,0,0
BRDA:189,16,1,0
BRDA:198,17,0,0
BRDA:198,17,1,0
BRDA:222,18,0,0
BRDA:222,18,1,0
BRDA:224,19,0,0
BRDA:244,20,0,0
BRDA:244,20,1,0
BRDA:245,21,0,0
BRDA:245,21,1,0
BRDA:249,22,0,0
BRDA:249,22,1,0
BRDA:254,23,0,0
BRDA:254,23,1,0
BRDA:264,24,0,0
BRDA:264,24,1,0
BRDA:271,25,0,0
BRDA:271,25,1,0
BRDA:272,26,0,0
BRDA:272,26,1,0
BRDA:278,27,0,0
BRDA:278,27,1,0
BRDA:284,28,0,0
BRDA:284,28,1,0
BRDA:289,29,0,0
BRDA:289,29,1,0
BRDA:290,30,0,0
BRDA:290,30,1,0
BRDA:282,31,0,0
BRDA:282,31,1,0
BRDA:302,32,0,0
BRDA:302,32,1,0
BRDA:305,33,0,0
BRDA:305,33,1,0
BRDA:312,34,0,0
BRDA:312,34,1,0
BRDA:312,35,0,0
BRDA:312,35,1,0
BRDA:318,36,0,0
BRDA:318,36,1,0
BRDA:318,37,0,0
BRDA:318,37,1,0
BRDA:325,38,0,0
BRDA:325,38,1,0
BRDA:333,39,0,0
BRDA:333,39,1,0
BRDA:347,40,0,0
BRDA:347,40,1,0
BRDA:351,41,0,0
BRDA:351,41,1,0
BRDA:358,42,0,0
BRDA:358,42,1,0
BRDA:377,43,0,0
BRDA:383,44,0,0
BRDA:393,45,0,0
BRDA:415,46,0,0
BRDA:415,46,1,0
BRDA:419,47,0,0
BRDA:425,48,0,0
BRDA:425,48,1,0
BRDA:434,49,0,0
BRDA:440,50,0,0
BRDA:440,50,1,0
BRDA:466,51,0,0
BRDA:466,51,1,0
BRDA:470,52,0,0
BRDA:470,52,1,0
BRDA:489,53,0,0
BRDA:489,53,1,0
BRDA:501,54,0,0
BRDA:511,55,0,0
BRDA:511,55,1,0
BRDA:515,56,0,0
BRDA:541,57,0,0
BRDA:541,57,1,0
BRDA:549,58,0,0
BRDA:549,58,1,0
BRDA:554,59,0,0
BRDA:554,59,1,0
BRDA:565,60,0,0
BRDA:586,61,0,0
BRDA:586,61,1,0
BRDA:591,62,0,0
BRDA:591,62,1,0
BRF:107
BRH:0
end_of_record
TN:
SF:app/profile/loading.tsx
FN:1,Loading
FNF:1
FNH:0
FNDA:0,Loading
DA:1,0
DA:2,0
LF:2
LH:0
BRF:0
BRH:0
end_of_record
TN:
SF:app/profile/page.tsx
FN:73,ProfilePage
FN:193,(anonymous_3)
FN:204,(anonymous_4)
FN:212,(anonymous_5)
FN:412,(anonymous_6)
FN:414,(anonymous_7)
FN:416,(anonymous_8)
FN:432,(anonymous_9)
FN:444,(anonymous_10)
FN:447,(anonymous_11)
FN:466,(anonymous_12)
FN:467,(anonymous_13)
FN:470,(anonymous_14)
FN:472,(anonymous_15)
FN:477,(anonymous_16)
FN:480,(anonymous_17)
FN:481,(anonymous_18)
FN:481,(anonymous_19)
FN:484,(anonymous_20)
FN:501,(anonymous_21)
FN:519,(anonymous_22)
FN:530,(anonymous_23)
FN:536,(anonymous_24)
FN:553,(anonymous_25)
FN:554,(anonymous_26)
FN:569,(anonymous_27)
FN:573,(anonymous_28)
FN:577,(anonymous_29)
FN:578,(anonymous_30)
FN:581,(anonymous_31)
FN:585,(anonymous_32)
FN:611,(anonymous_33)
FN:700,(anonymous_34)
FN:703,(anonymous_35)
FN:725,(anonymous_36)
FN:730,(anonymous_37)
FN:772,(anonymous_38)
FN:791,(anonymous_39)
FN:819,(anonymous_40)
FN:827,(anonymous_41)
FN:837,(anonymous_42)
FN:850,(anonymous_43)
FN:871,(anonymous_44)
FN:879,(anonymous_45)
FN:898,(anonymous_46)
FN:908,(anonymous_47)
FN:933,(anonymous_48)
FN:945,(anonymous_49)
FN:957,(anonymous_50)
FN:958,(anonymous_51)
FN:976,(anonymous_52)
FN:1006,(anonymous_53)
FN:1014,(anonymous_54)
FN:1037,(anonymous_55)
FN:1058,(anonymous_56)
FN:1072,(anonymous_57)
FN:1080,(anonymous_58)
FN:1091,(anonymous_59)
FN:1105,(anonymous_60)
FN:1125,(anonymous_61)
FN:1136,(anonymous_62)
FN:1148,(anonymous_63)
FN:1159,(anonymous_64)
FN:1170,(anonymous_65)
FN:1186,(anonymous_66)
FN:1206,(anonymous_67)
FN:1221,(anonymous_68)
FN:1229,(anonymous_69)
FN:1240,(anonymous_70)
FN:1254,(anonymous_71)
FN:1274,(anonymous_72)
FN:1292,(anonymous_73)
FN:1309,(anonymous_74)
FN:1326,(anonymous_75)
FN:1344,(anonymous_76)
FN:1366,(anonymous_77)
FN:1367,(anonymous_78)
FN:1379,(anonymous_79)
FN:1380,(anonymous_80)
FN:1397,(anonymous_81)
FN:1405,(anonymous_82)
FN:1415,(anonymous_83)
FN:1428,(anonymous_84)
FN:1432,(anonymous_85)
FN:1439,(anonymous_86)
FN:1486,(anonymous_87)
FN:1487,(anonymous_88)
FN:1507,(anonymous_89)
FN:1508,(anonymous_90)
FNF:89
FNH:0
FNDA:0,ProfilePage
FNDA:0,(anonymous_3)
FNDA:0,(anonymous_4)
FNDA:0,(anonymous_5)
FNDA:0,(anonymous_6)
FNDA:0,(anonymous_7)
FNDA:0,(anonymous_8)
FNDA:0,(anonymous_9)
FNDA:0,(anonymous_10)
FNDA:0,(anonymous_11)
FNDA:0,(anonymous_12)
FNDA:0,(anonymous_13)
FNDA:0,(anonymous_14)
FNDA:0,(anonymous_15)
FNDA:0,(anonymous_16)
FNDA:0,(anonymous_17)
FNDA:0,(anonymous_18)
FNDA:0,(anonymous_19)
FNDA:0,(anonymous_20)
FNDA:0,(anonymous_21)
FNDA:0,(anonymous_22)
FNDA:0,(anonymous_23)
FNDA:0,(anonymous_24)
FNDA:0,(anonymous_25)
FNDA:0,(anonymous_26)
FNDA:0,(anonymous_27)
FNDA:0,(anonymous_28)
FNDA:0,(anonymous_29)
FNDA:0,(anonymous_30)
FNDA:0,(anonymous_31)
FNDA:0,(anonymous_32)
FNDA:0,(anonymous_33)
FNDA:0,(anonymous_34)
FNDA:0,(anonymous_35)
FNDA:0,(anonymous_36)
FNDA:0,(anonymous_37)
FNDA:0,(anonymous_38)
FNDA:0,(anonymous_39)
FNDA:0,(anonymous_40)
FNDA:0,(anonymous_41)
FNDA:0,(anonymous_42)
FNDA:0,(anonymous_43)
FNDA:0,(anonymous_44)
FNDA:0,(anonymous_45)
FNDA:0,(anonymous_46)
FNDA:0,(anonymous_47)
FNDA:0,(anonymous_48)
FNDA:0,(anonymous_49)
FNDA:0,(anonymous_50)
FNDA:0,(anonymous_51)
FNDA:0,(anonymous_52)
FNDA:0,(anonymous_53)
FNDA:0,(anonymous_54)
FNDA:0,(anonymous_55)
FNDA:0,(anonymous_56)
FNDA:0,(anonymous_57)
FNDA:0,(anonymous_58)
FNDA:0,(anonymous_59)
FNDA:0,(anonymous_60)
FNDA:0,(anonymous_61)
FNDA:0,(anonymous_62)
FNDA:0,(anonymous_63)
FNDA:0,(anonymous_64)
FNDA:0,(anonymous_65)
FNDA:0,(anonymous_66)
FNDA:0,(anonymous_67)
FNDA:0,(anonymous_68)
FNDA:0,(anonymous_69)
FNDA:0,(anonymous_70)
FNDA:0,(anonymous_71)
FNDA:0,(anonymous_72)
FNDA:0,(anonymous_73)
FNDA:0,(anonymous_74)
FNDA:0,(anonymous_75)
FNDA:0,(anonymous_76)
FNDA:0,(anonymous_77)
FNDA:0,(anonymous_78)
FNDA:0,(anonymous_79)
FNDA:0,(anonymous_80)
FNDA:0,(anonymous_81)
FNDA:0,(anonymous_82)
FNDA:0,(anonymous_83)
FNDA:0,(anonymous_84)
FNDA:0,(anonymous_85)
FNDA:0,(anonymous_86)
FNDA:0,(anonymous_87)
FNDA:0,(anonymous_88)
FNDA:0,(anonymous_89)
FNDA:0,(anonymous_90)
DA:2,0
DA:20,0
DA:21,0
DA:22,0
DA:23,0
DA:24,0
DA:25,0
DA:26,0
DA:27,0
DA:28,0
DA:73,0
DA:74,0
DA:75,0
DA:76,0
DA:77,0
DA:78,0
DA:79,0
DA:80,0
DA:81,0
DA:82,0
DA:83,0
DA:86,0
DA:87,0
DA:88,0
DA:89,0
DA:90,0
DA:91,0
DA:103,0
DA:104,0
DA:105,0
DA:113,0
DA:129,0
DA:130,0
DA:131,0
DA:138,0
DA:139,0
DA:147,0
DA:193,0
DA:194,0
DA:196,0
DA:197,0
DA:198,0
DA:199,0
DA:200,0
DA:204,0
DA:205,0
DA:206,0
DA:207,0
DA:208,0
DA:211,0
DA:213,0
DA:214,0
DA:215,0
DA:217,0
DA:218,0
DA:223,0
DA:412,0
DA:414,0
DA:416,0
DA:417,0
DA:418,0
DA:426,0
DA:427,0
DA:428,0
DA:432,0
DA:433,0
DA:434,0
DA:441,0
DA:444,0
DA:445,0
DA:446,0
DA:448,0
DA:460,0
DA:461,0
DA:462,0
DA:466,0
DA:467,0
DA:470,0
DA:471,0
DA:472,0
DA:477,0
DA:480,0
DA:481,0
DA:484,0
DA:485,0
DA:486,0
DA:487,0
DA:489,0
DA:490,0
DA:491,0
DA:494,0
DA:495,0
DA:496,0
DA:497,0
DA:498,0
DA:501,0
DA:502,0
DA:503,0
DA:504,0
DA:506,0
DA:513,0
DA:514,0
DA:515,0
DA:519,0
DA:520,0
DA:521,0
DA:527,0
DA:530,0
DA:531,0
DA:532,0
DA:533,0
DA:535,0
DA:537,0
DA:547,0
DA:548,0
DA:549,0
DA:553,0
DA:554,0
DA:557,0
DA:565,0
DA:566,0
DA:567,0
DA:569,0
DA:570,0
DA:573,0
DA:574,0
DA:577,0
DA:578,0
DA:581,0
DA:582,0
DA:583,0
DA:585,0
DA:590,0
DA:611,0
DA:701,0
DA:703,0
DA:726,0
DA:727,0
DA:730,0
DA:772,0
DA:791,0
DA:819,0
DA:827,0
DA:838,0
DA:851,0
DA:871,0
DA:880,0
DA:881,0
DA:898,0
DA:909,0
DA:933,0
DA:945,0
DA:958,0
DA:976,0
DA:1007,0
DA:1014,0
DA:1038,0
DA:1059,0
DA:1072,0
DA:1080,0
DA:1091,0
DA:1106,0
DA:1107,0
DA:1108,0
DA:1125,0
DA:1136,0
DA:1148,0
DA:1159,0
DA:1170,0
DA:1187,0
DA:1188,0
DA:1189,0
DA:1207,0
DA:1221,0
DA:1229,0
DA:1240,0
DA:1255,0
DA:1256,0
DA:1257,0
DA:1275,0
DA:1276,0
DA:1277,0
DA:1293,0
DA:1294,0
DA:1295,0
DA:1310,0
DA:1311,0
DA:1326,0
DA:1345,0
DA:1346,0
DA:1347,0
DA:1367,0
DA:1380,0
DA:1397,0
DA:1405,0
DA:1415,0
DA:1429,0
DA:1433,0
DA:1440,0
DA:1487,0
DA:1508,0
LF:201
LH:0
BRDA:196,0,0,0
BRDA:196,0,1,0
BRDA:196,1,0,0
BRDA:196,1,1,0
BRDA:198,2,0,0
BRDA:199,3,0,0
BRDA:199,3,1,0
BRDA:199,3,2,0
BRDA:200,4,0,0
BRDA:200,4,1,0
BRDA:205,5,0,0
BRDA:206,6,0,0
BRDA:207,7,0,0
BRDA:214,8,0,0
BRDA:412,9,0,0
BRDA:412,9,1,0
BRDA:417,10,0,0
BRDA:420,11,0,0
BRDA:420,11,1,0
BRDA:437,12,0,0
BRDA:437,12,1,0
BRDA:438,13,0,0
BRDA:438,13,1,0
BRDA:439,14,0,0
BRDA:439,14,1,0
BRDA:445,15,0,0
BRDA:445,16,0,0
BRDA:445,16,1,0
BRDA:448,17,0,0
BRDA:448,17,1,0
BRDA:451,18,0,0
BRDA:451,18,1,0
BRDA:471,19,0,0
BRDA:471,19,1,0
BRDA:485,20,0,0
BRDA:489,21,0,0
BRDA:502,22,0,0
BRDA:502,23,0,0
BRDA:502,23,1,0
BRDA:502,23,2,0
BRDA:504,24,0,0
BRDA:504,24,1,0
BRDA:531,25,0,0
BRDA:531,26,0,0
BRDA:531,26,1,0
BRDA:531,26,2,0
BRDA:531,26,3,0
BRDA:533,27,0,0
BRDA:533,27,1,0
BRDA:537,28,0,0
BRDA:537,28,1,0
BRDA:582,29,0,0
BRDA:582,29,1,0
BRDA:629,30,0,0
BRDA:639,31,0,0
BRDA:639,31,1,0
BRDA:649,32,0,0
BRDA:649,32,1,0
BRDA:651,33,0,0
BRDA:651,33,1,0
BRDA:662,34,0,0
BRDA:662,34,1,0
BRDA:662,35,0,0
BRDA:662,35,1,0
BRDA:676,36,0,0
BRDA:676,36,1,0
BRDA:684,37,0,0
BRDA:684,37,1,0
BRDA:705,38,0,0
BRDA:705,38,1,0
BRDA:732,39,0,0
BRDA:732,39,1,0
BRDA:746,40,0,0
BRDA:812,41,0,0
BRDA:812,41,1,0
BRDA:812,41,2,0
BRDA:821,42,0,0
BRDA:821,42,1,0
BRDA:829,43,0,0
BRDA:829,43,1,0
BRDA:853,44,0,0
BRDA:853,44,1,0
BRDA:858,45,0,0
BRDA:874,46,0,0
BRDA:895,47,0,0
BRDA:895,47,1,0
BRDA:895,47,2,0
BRDA:911,48,0,0
BRDA:911,48,1,0
BRDA:930,49,0,0
BRDA:942,50,0,0
BRDA:942,50,1,0
BRDA:942,50,2,0
BRDA:961,51,0,0
BRDA:961,51,1,0
BRDA:1004,52,0,0
BRDA:1009,53,0,0
BRDA:1009,53,1,0
BRDA:1029,54,0,0
BRDA:1029,54,1,0
BRDA:1040,55,0,0
BRDA:1040,55,1,0
BRDA:1052,56,0,0
BRDA:1052,56,1,0
BRDA:1066,57,0,0
BRDA:1099,58,0,0
BRDA:1099,58,1,0
BRDA:1115,59,0,0
BRDA:1115,59,1,0
BRDA:1178,60,0,0
BRDA:1178,60,1,0
BRDA:1182,61,0,0
BRDA:1182,61,1,0
BRDA:1200,62,0,0
BRDA:1200,62,1,0
BRDA:1248,63,0,0
BRDA:1248,63,1,0
BRDA:1264,64,0,0
BRDA:1264,64,1,0
BRDA:1334,65,0,0
BRDA:1334,65,1,0
BRDA:1337,66,0,0
BRDA:1337,66,1,0
BRDA:1337,66,2,0
BRDA:1340,67,0,0
BRDA:1340,67,1,0
BRDA:1358,68,0,0
BRDA:1370,69,0,0
BRDA:1370,69,1,0
BRDA:1383,70,0,0
BRDA:1383,70,1,0
BRDA:1399,71,0,0
BRDA:1399,71,1,0
BRDA:1407,72,0,0
BRDA:1407,72,1,0
BRDA:1417,73,0,0
BRDA:1417,73,1,0
BRDA:1437,74,0,0
BRDA:1442,75,0,0
BRDA:1442,75,1,0
BRDA:1449,76,0,0
BRDA:1465,77,0,0
BRDA:1469,78,0,0
BRDA:1469,78,1,0
BRDA:1471,79,0,0
BRDA:1471,79,1,0
BRDA:1490,80,0,0
BRDA:1490,80,1,0
BRDA:1495,81,0,0
BRDA:1495,81,1,0
BRDA:1511,82,0,0
BRDA:1511,82,1,0
BRDA:1516,83,0,0
BRDA:1516,83,1,0
BRF:154
BRH:0
end_of_record
TN:
SF:app/search/page.tsx
FN:25,SearchPage
FN:55,(anonymous_3)
FN:58,(anonymous_4)
FN:103,(anonymous_5)
FN:106,(anonymous_6)
FN:116,(anonymous_7)
FN:117,(anonymous_8)
FN:121,(anonymous_9)
FN:178,(anonymous_10)
FN:179,(anonymous_11)
FN:188,(anonymous_12)
FN:189,(anonymous_13)
FN:201,(anonymous_14)
FN:224,(anonymous_15)
FN:228,(anonymous_16)
FN:233,(anonymous_17)
FN:236,(anonymous_18)
FN:260,(anonymous_19)
FN:265,(anonymous_20)
FN:278,(anonymous_21)
FN:318,(anonymous_22)
FN:318,(anonymous_23)
FN:325,(anonymous_24)
FN:340,(anonymous_25)
FN:356,(anonymous_26)
FN:365,(anonymous_27)
FN:365,(anonymous_28)
FN:382,(anonymous_29)
FNF:28
FNH:0
FNDA:0,SearchPage
FNDA:0,(anonymous_3)
FNDA:0,(anonymous_4)
FNDA:0,(anonymous_5)
FNDA:0,(anonymous_6)
FNDA:0,(anonymous_7)
FNDA:0,(anonymous_8)
FNDA:0,(anonymous_9)
FNDA:0,(anonymous_10)
FNDA:0,(anonymous_11)
FNDA:0,(anonymous_12)
FNDA:0,(anonymous_13)
FNDA:0,(anonymous_14)
FNDA:0,(anonymous_15)
FNDA:0,(anonymous_16)
FNDA:0,(anonymous_17)
FNDA:0,(anonymous_18)
FNDA:0,(anonymous_19)
FNDA:0,(anonymous_20)
FNDA:0,(anonymous_21)
FNDA:0,(anonymous_22)
FNDA:0,(anonymous_23)
FNDA:0,(anonymous_24)
FNDA:0,(anonymous_25)
FNDA:0,(anonymous_26)
FNDA:0,(anonymous_27)
FNDA:0,(anonymous_28)
FNDA:0,(anonymous_29)
DA:3,0
DA:4,0
DA:5,0
DA:8,0
DA:9,0
DA:10,0
DA:11,0
DA:12,0
DA:13,0
DA:14,0
DA:16,0
DA:25,0
DA:26,0
DA:27,0
DA:28,0
DA:29,0
DA:31,0
DA:34,0
DA:35,0
DA:36,0
DA:39,0
DA:44,0
DA:45,0
DA:46,0
DA:47,0
DA:48,0
DA:49,0
DA:50,0
DA:52,0
DA:55,0
DA:56,0
DA:58,0
DA:59,0
DA:60,0
DA:61,0
DA:63,0
DA:70,0
DA:71,0
DA:73,0
DA:74,0
DA:76,0
DA:77,0
DA:79,0
DA:80,0
DA:82,0
DA:83,0
DA:86,0
DA:88,0
DA:89,0
DA:90,0
DA:91,0
DA:93,0
DA:94,0
DA:96,0
DA:100,0
DA:103,0
DA:104,0
DA:105,0
DA:106,0
DA:107,0
DA:108,0
DA:109,0
DA:111,0
DA:116,0
DA:117,0
DA:121,0
DA:126,0
DA:179,0
DA:180,0
DA:189,0
DA:190,0
DA:202,0
DA:203,0
DA:204,0
DA:224,0
DA:228,0
DA:234,0
DA:237,0
DA:238,0
DA:239,0
DA:260,0
DA:266,0
DA:278,0
DA:318,0
DA:327,0
DA:328,0
DA:329,0
DA:330,0
DA:331,0
DA:332,0
DA:334,0
DA:337,0
DA:340,0
DA:356,0
DA:365,0
DA:383,0
DA:384,0
DA:385,0
LF:98
LH:0
BRDA:31,0,0,0
BRDA:31,0,1,0
BRDA:56,1,0,0
BRDA:70,2,0,0
BRDA:73,3,0,0
BRDA:76,4,0,0
BRDA:79,5,0,0
BRDA:82,6,0,0
BRDA:88,7,0,0
BRDA:88,7,1,0
BRDA:89,8,0,0
BRDA:89,8,1,0
BRDA:90,9,0,0
BRDA:90,9,1,0
BRDA:91,10,0,0
BRDA:91,10,1,0
BRDA:94,11,0,0
BRDA:94,11,1,0
BRDA:108,12,0,0
BRDA:108,12,1,0
BRDA:119,13,0,0
BRDA:119,13,1,0
BRDA:120,14,0,0
BRDA:120,14,1,0
BRDA:121,15,0,0
BRDA:121,15,1,0
BRDA:126,16,0,0
BRDA:177,17,0,0
BRDA:177,17,1,0
BRDA:179,18,0,0
BRDA:179,18,1,0
BRDA:187,19,0,0
BRDA:187,19,1,0
BRDA:189,20,0,0
BRDA:189,20,1,0
BRDA:197,21,0,0
BRDA:197,21,1,0
BRDA:197,21,2,0
BRDA:197,21,3,0
BRDA:197,21,4,0
BRDA:219,22,0,0
BRDA:219,22,1,0
BRDA:231,23,0,0
BRDA:253,24,0,0
BRDA:252,25,0,0
BRDA:252,25,1,0
BRDA:258,26,0,0
BRDA:263,27,0,0
BRDA:268,28,0,0
BRDA:268,28,1,0
BRDA:272,29,0,0
BRDA:279,30,0,0
BRDA:279,30,1,0
BRDA:284,31,0,0
BRDA:284,31,1,0
BRDA:284,31,2,0
BRDA:292,32,0,0
BRDA:292,32,1,0
BRDA:299,33,0,0
BRDA:303,34,0,0
BRDA:306,35,0,0
BRDA:315,36,0,0
BRDA:327,37,0,0
BRDA:327,37,1,0
BRDA:329,38,0,0
BRDA:329,38,1,0
BRDA:331,39,0,0
BRDA:331,39,1,0
BRDA:342,40,0,0
BRDA:342,40,1,0
BRDA:352,41,0,0
BRDA:352,41,1,0
BRF:72
BRH:0
end_of_record
TN:
SF:app/subcategory/[category]/[subcategory]/page.tsx
FN:22,SubcategoryPage
FN:54,(anonymous_3)
FN:55,(anonymous_4)
FN:113,(anonymous_5)
FN:116,(anonymous_6)
FN:126,(anonymous_7)
FN:127,(anonymous_8)
FN:131,(anonymous_9)
FN:210,(anonymous_10)
FN:210,(anonymous_11)
FN:216,(anonymous_12)
FN:216,(anonymous_13)
FN:230,(anonymous_14)
FN:233,(anonymous_15)
FN:255,(anonymous_16)
FN:259,(anonymous_17)
FN:273,(anonymous_18)
FN:277,(anonymous_19)
FN:291,(anonymous_20)
FN:312,(anonymous_21)
FN:316,(anonymous_22)
FN:321,(anonymous_23)
FN:324,(anonymous_24)
FN:348,(anonymous_25)
FN:361,(anonymous_26)
FN:401,(anonymous_27)
FN:401,(anonymous_28)
FN:408,(anonymous_29)
FN:423,(anonymous_30)
FN:439,(anonymous_31)
FN:448,(anonymous_32)
FN:448,(anonymous_33)
FN:462,(anonymous_34)
FNF:33
FNH:0
FNDA:0,SubcategoryPage
FNDA:0,(anonymous_3)
FNDA:0,(anonymous_4)
FNDA:0,(anonymous_5)
FNDA:0,(anonymous_6)
FNDA:0,(anonymous_7)
FNDA:0,(anonymous_8)
FNDA:0,(anonymous_9)
FNDA:0,(anonymous_10)
FNDA:0,(anonymous_11)
FNDA:0,(anonymous_12)
FNDA:0,(anonymous_13)
FNDA:0,(anonymous_14)
FNDA:0,(anonymous_15)
FNDA:0,(anonymous_16)
FNDA:0,(anonymous_17)
FNDA:0,(anonymous_18)
FNDA:0,(anonymous_19)
FNDA:0,(anonymous_20)
FNDA:0,(anonymous_21)
FNDA:0,(anonymous_22)
FNDA:0,(anonymous_23)
FNDA:0,(anonymous_24)
FNDA:0,(anonymous_25)
FNDA:0,(anonymous_26)
FNDA:0,(anonymous_27)
FNDA:0,(anonymous_28)
FNDA:0,(anonymous_29)
FNDA:0,(anonymous_30)
FNDA:0,(anonymous_31)
FNDA:0,(anonymous_32)
FNDA:0,(anonymous_33)
FNDA:0,(anonymous_34)
DA:3,0
DA:4,0
DA:5,0
DA:6,0
DA:7,0
DA:8,0
DA:9,0
DA:10,0
DA:11,0
DA:12,0
DA:14,0
DA:22,0
DA:27,0
DA:28,0
DA:31,0
DA:32,0
DA:33,0
DA:34,0
DA:35,0
DA:36,0
DA:39,0
DA:44,0
DA:45,0
DA:46,0
DA:47,0
DA:48,0
DA:49,0
DA:51,0
DA:54,0
DA:55,0
DA:56,0
DA:57,0
DA:58,0
DA:61,0
DA:66,0
DA:67,0
DA:68,0
DA:71,0
DA:72,0
DA:74,0
DA:75,0
DA:77,0
DA:78,0
DA:80,0
DA:81,0
DA:83,0
DA:84,0
DA:87,0
DA:88,0
DA:89,0
DA:92,0
DA:94,0
DA:95,0
DA:96,0
DA:97,0
DA:98,0
DA:99,0
DA:101,0
DA:102,0
DA:104,0
DA:108,0
DA:109,0
DA:113,0
DA:114,0
DA:115,0
DA:116,0
DA:117,0
DA:118,0
DA:119,0
DA:121,0
DA:126,0
DA:127,0
DA:131,0
DA:137,0
DA:155,0
DA:210,0
DA:216,0
DA:231,0
DA:234,0
DA:235,0
DA:256,0
DA:259,0
DA:274,0
DA:277,0
DA:292,0
DA:293,0
DA:294,0
DA:312,0
DA:316,0
DA:322,0
DA:325,0
DA:326,0
DA:327,0
DA:349,0
DA:361,0
DA:401,0
DA:410,0
DA:411,0
DA:412,0
DA:413,0
DA:414,0
DA:415,0
DA:417,0
DA:420,0
DA:423,0
DA:439,0
DA:448,0
DA:463,0
DA:464,0
DA:465,0
LF:110
LH:0
BRDA:71,0,0,0
BRDA:74,1,0,0
BRDA:77,2,0,0
BRDA:80,3,0,0
BRDA:83,4,0,0
BRDA:88,5,0,0
BRDA:96,6,0,0
BRDA:96,6,1,0
BRDA:97,7,0,0
BRDA:97,7,1,0
BRDA:98,8,0,0
BRDA:98,8,1,0
BRDA:99,9,0,0
BRDA:99,9,1,0
BRDA:102,10,0,0
BRDA:102,10,1,0
BRDA:108,11,0,0
BRDA:108,12,0,0
BRDA:108,12,1,0
BRDA:118,13,0,0
BRDA:118,13,1,0
BRDA:129,14,0,0
BRDA:129,14,1,0
BRDA:130,15,0,0
BRDA:130,15,1,0
BRDA:131,16,0,0
BRDA:131,16,1,0
BRDA:137,17,0,0
BRDA:137,18,0,0
BRDA:137,18,1,0
BRDA:155,19,0,0
BRDA:155,20,0,0
BRDA:155,20,1,0
BRDA:189,21,0,0
BRDA:189,21,1,0
BRDA:190,22,0,0
BRDA:190,22,1,0
BRDA:193,23,0,0
BRDA:193,23,1,0
BRDA:202,24,0,0
BRDA:226,25,0,0
BRDA:226,25,1,0
BRDA:238,26,0,0
BRDA:238,26,1,0
BRDA:251,27,0,0
BRDA:251,27,1,0
BRDA:269,28,0,0
BRDA:269,28,1,0
BRDA:287,29,0,0
BRDA:287,29,1,0
BRDA:287,29,2,0
BRDA:307,30,0,0
BRDA:307,30,1,0
BRDA:319,31,0,0
BRDA:341,32,0,0
BRDA:340,33,0,0
BRDA:340,33,1,0
BRDA:346,34,0,0
BRDA:351,35,0,0
BRDA:351,35,1,0
BRDA:355,36,0,0
BRDA:362,37,0,0
BRDA:362,37,1,0
BRDA:367,38,0,0
BRDA:367,38,1,0
BRDA:375,39,0,0
BRDA:375,39,1,0
BRDA:382,40,0,0
BRDA:386,41,0,0
BRDA:389,42,0,0
BRDA:398,43,0,0
BRDA:410,44,0,0
BRDA:410,44,1,0
BRDA:412,45,0,0
BRDA:412,45,1,0
BRDA:414,46,0,0
BRDA:414,46,1,0
BRDA:425,47,0,0
BRDA:425,47,1,0
BRDA:435,48,0,0
BRDA:435,48,1,0
BRF:81
BRH:0
end_of_record
TN:
SF:app/wishlist/loading.tsx
FN:1,Loading
FNF:1
FNH:0
FNDA:0,Loading
DA:1,0
DA:2,0
LF:2
LH:0
BRF:0
BRH:0
end_of_record
TN:
SF:app/wishlist/page.tsx
FN:12,WishlistPage
FN:18,(anonymous_3)
FN:46,(anonymous_4)
FN:53,(anonymous_5)
FN:61,(anonymous_6)
FNF:5
FNH:0
FNDA:0,WishlistPage
FNDA:0,(anonymous_3)
FNDA:0,(anonymous_4)
FNDA:0,(anonymous_5)
FNDA:0,(anonymous_6)
DA:2,0
DA:3,0
DA:4,0
DA:5,0
DA:6,0
DA:7,0
DA:8,0
DA:9,0
DA:10,0
DA:12,0
DA:13,0
DA:14,0
DA:15,0
DA:16,0
DA:18,0
DA:19,0
DA:22,0
DA:23,0
DA:46,0
DA:54,0
DA:61,0
LF:21
LH:0
BRDA:22,0,0,0
BRDA:35,1,0,0
BRDA:40,2,0,0
BRDA:70,3,0,0
BRDA:70,3,1,0
BRDA:88,4,0,0
BRDA:88,4,1,0
BRF:7
BRH:0
end_of_record
TN:
SF:components/AuthModals.tsx
FN:19,(anonymous_1)
FN:36,(anonymous_2)
FN:54,(anonymous_3)
FN:67,(anonymous_4)
FN:69,(anonymous_5)
FN:97,(anonymous_6)
FN:117,(anonymous_7)
FNF:7
FNH:0
FNDA:0,(anonymous_1)
FNDA:0,(anonymous_2)
FNDA:0,(anonymous_3)
FNDA:0,(anonymous_4)
FNDA:0,(anonymous_5)
FNDA:0,(anonymous_6)
FNDA:0,(anonymous_7)
DA:3,0
DA:4,0
DA:5,0
DA:6,0
DA:8,0
DA:14,0
DA:19,0
DA:36,0
DA:55,0
DA:67,0
DA:69,0
DA:98,0
DA:99,0
DA:117,0
LF:14
LH:0
BRDA:69,0,0,0
BRDA:69,0,1,0
BRDA:75,1,0,0
BRDA:75,1,1,0
BRDA:77,2,0,0
BRDA:77,2,1,0
BRDA:125,3,0,0
BRDA:125,3,1,0
BRDA:127,4,0,0
BRDA:127,4,1,0
BRF:10
BRH:0
end_of_record
TN:
SF:components/CatalogSidebar.tsx
FN:13,(anonymous_2)
FN:21,(anonymous_3)
FN:28,(anonymous_4)
FN:36,(anonymous_5)
FN:50,(anonymous_6)
FN:65,(anonymous_7)
FN:70,(anonymous_8)
FN:76,(anonymous_9)
FN:100,(anonymous_10)
FN:108,(anonymous_11)
FN:135,(anonymous_12)
FNF:11
FNH:0
FNDA:0,(anonymous_2)
FNDA:0,(anonymous_3)
FNDA:0,(anonymous_4)
FNDA:0,(anonymous_5)
FNDA:0,(anonymous_6)
FNDA:0,(anonymous_7)
FNDA:0,(anonymous_8)
FNDA:0,(anonymous_9)
FNDA:0,(anonymous_10)
FNDA:0,(anonymous_11)
FNDA:0,(anonymous_12)
DA:3,0
DA:4,0
DA:5,0
DA:6,0
DA:13,0
DA:14,0
DA:15,0
DA:16,0
DA:17,0
DA:18,0
DA:21,0
DA:22,0
DA:23,0
DA:28,0
DA:29,0
DA:30,0
DA:32,0
DA:36,0
DA:37,0
DA:38,0
DA:39,0
DA:40,0
DA:41,0
DA:44,0
DA:46,0
DA:50,0
DA:51,0
DA:52,0
DA:53,0
DA:54,0
DA:55,0
DA:58,0
DA:59,0
DA:61,0
DA:65,0
DA:66,0
DA:67,0
DA:70,0
DA:71,0
DA:74,0
DA:76,0
DA:101,0
DA:108,0
DA:136,0
LF:44
LH:0
BRDA:22,0,0,0
BRDA:22,1,0,0
BRDA:22,1,1,0
BRDA:29,2,0,0
BRDA:29,2,1,0
BRDA:40,3,0,0
BRDA:54,4,0,0
BRDA:74,5,0,0
BRDA:76,6,0,0
BRDA:76,6,1,0
BRDA:98,7,0,0
BRDA:100,8,0,0
BRDA:104,9,0,0
BRDA:104,9,1,0
BRDA:111,10,0,0
BRDA:111,10,1,0
BRDA:102,11,0,0
BRDA:102,11,1,0
BRDA:121,12,0,0
BRDA:133,13,0,0
BRDA:135,14,0,0
BRDA:147,15,0,0
BRDA:147,15,1,0
BRDA:147,15,2,0
BRDA:161,16,0,0
BRDA:161,16,1,0
BRDA:137,17,0,0
BRDA:137,17,1,0
BRF:28
BRH:0
end_of_record
TN:
SF:components/ErrorBoundary.tsx
FN:20,(anonymous_2)
FN:25,(anonymous_3)
FN:29,(anonymous_4)
FN:37,(anonymous_5)
FN:79,(anonymous_6)
FN:86,(anonymous_7)
FNF:6
FNH:0
FNDA:0,(anonymous_2)
FNDA:0,(anonymous_3)
FNDA:0,(anonymous_4)
FNDA:0,(anonymous_5)
FNDA:0,(anonymous_6)
FNDA:0,(anonymous_7)
DA:8,0
DA:9,0
DA:16,0
DA:21,0
DA:22,0
DA:26,0
DA:31,0
DA:38,0
DA:79,0
DA:86,0
DA:97,0
LF:11
LH:0
BRDA:38,0,0,0
BRDA:66,1,0,0
BRDA:66,1,1,0
BRF:3
BRH:0
end_of_record
TN:
SF:components/GlobalCatalogWrapper.tsx
FN:6,(anonymous_1)
FNF:1
FNH:0
FNDA:0,(anonymous_1)
DA:3,0
DA:4,0
DA:6,0
DA:7,0
LF:4
LH:0
BRF:0
BRH:0
end_of_record
TN:
SF:components/Header.tsx
FN:14,(anonymous_2)
FN:24,(anonymous_3)
FN:28,(anonymous_4)
FN:34,(anonymous_5)
FN:38,(anonymous_6)
FN:43,(anonymous_7)
FN:47,(anonymous_8)
FN:49,(anonymous_9)
FN:52,(anonymous_10)
FN:60,(anonymous_11)
FNF:10
FNH:0
FNDA:0,(anonymous_2)
FNDA:0,(anonymous_3)
FNDA:0,(anonymous_4)
FNDA:0,(anonymous_5)
FNDA:0,(anonymous_6)
FNDA:0,(anonymous_7)
FNDA:0,(anonymous_8)
FNDA:0,(anonymous_9)
FNDA:0,(anonymous_10)
FNDA:0,(anonymous_11)
DA:3,0
DA:4,0
DA:5,0
DA:6,0
DA:7,0
DA:8,0
DA:9,0
DA:10,0
DA:11,0
DA:12,0
DA:14,0
DA:15,0
DA:16,0
DA:17,0
DA:18,0
DA:19,0
DA:21,0
DA:22,0
DA:24,0
DA:25,0
DA:26,0
DA:28,0
DA:29,0
DA:34,0
DA:35,0
DA:38,0
DA:39,0
DA:40,0
DA:43,0
DA:44,0
DA:47,0
DA:49,0
DA:52,0
DA:53,0
DA:54,0
DA:55,0
DA:56,0
DA:60,0
DA:61,0
DA:62,0
LF:40
LH:0
BRDA:25,0,0,0
BRDA:25,0,1,0
BRDA:54,1,0,0
BRDA:61,2,0,0
BRDA:105,3,0,0
BRDA:115,4,0,0
BRDA:117,5,0,0
BRDA:117,5,1,0
BRDA:128,6,0,0
BRDA:128,6,1,0
BRDA:142,7,0,0
BRDA:150,8,0,0
BRF:12
BRH:0
end_of_record
TN:
SF:components/ProductCardSkeleton.tsx
FN:6,(anonymous_3)
FN:27,(anonymous_4)
FN:30,(anonymous_5)
FNF:3
FNH:0
FNDA:0,(anonymous_3)
FNDA:0,(anonymous_4)
FNDA:0,(anonymous_5)
DA:6,0
DA:27,0
DA:31,0
LF:3
LH:0
BRDA:27,0,0,0
BRF:1
BRH:0
end_of_record
TN:
SF:components/theme-provider.tsx
FN:9,ThemeProvider
FNF:1
FNH:0
FNDA:0,ThemeProvider
DA:3,0
DA:7,0
DA:9,0
LF:3
LH:0
BRF:0
BRH:0
end_of_record
TN:
SF:components/ui/badge.tsx
FN:25,Badge
FNF:1
FNH:0
FNDA:0,Badge
DA:2,0
DA:4,0
DA:6,0
DA:29,0
LF:4
LH:0
BRF:0
BRH:0
end_of_record
TN:
SF:components/ui/button.tsx
FN:38,Button
FNF:1
FNH:0
FNDA:0,Button
DA:1,0
DA:2,0
DA:3,0
DA:5,0
DA:7,0
DA:48,0
DA:59,0
LF:7
LH:0
BRDA:42,0,0,0
BRDA:48,1,0,0
BRDA:48,1,1,0
BRF:3
BRH:0
end_of_record
TN:
SF:components/ui/card.tsx
FN:5,Card
FN:18,CardHeader
FN:31,CardTitle
FN:41,CardDescription
FN:51,CardAction
FN:64,CardContent
FN:74,CardFooter
FNF:7
FNH:0
FNDA:0,Card
FNDA:0,CardHeader
FNDA:0,CardTitle
FNDA:0,CardDescription
FNDA:0,CardAction
FNDA:0,CardContent
FNDA:0,CardFooter
DA:1,0
DA:3,0
DA:85,0
DA:86,0
DA:87,0
DA:88,0
DA:89,0
DA:90,0
DA:91,0
LF:9
LH:0
BRF:0
BRH:0
end_of_record
TN:
SF:components/ui/checkbox.tsx
FNF:0
FNH:0
DA:3,0
DA:4,0
DA:5,0
DA:7,0
DA:26,0
DA:28,0
LF:6
LH:0
BRF:0
BRH:0
end_of_record
TN:
SF:components/ui/dialog.tsx
FNF:0
FNH:0
DA:3,0
DA:4,0
DA:5,0
DA:7,0
DA:9,0
DA:11,0
DA:13,0
DA:15,0
DA:30,0
DA:54,0
DA:59,0
DA:64,0
DA:76,0
DA:84,0
DA:87,0
DA:88,0
DA:89,0
DA:90,0
DA:91,0
DA:92,0
DA:93,0
DA:94,0
DA:95,0
DA:96,0
LF:24
LH:0
BRF:0
BRH:0
end_of_record
TN:
SF:components/ui/input.tsx
FN:5,Input
FNF:1
FNH:0
FNDA:0,Input
DA:1,0
DA:3,0
DA:21,0
LF:3
LH:0
BRF:0
BRH:0
end_of_record
TN:
SF:components/ui/label.tsx
FNF:0
FNH:0
DA:3,0
DA:4,0
DA:5,0
DA:7,0
DA:9,0
DA:17,0
DA:19,0
LF:7
LH:0
BRF:0
BRH:0
end_of_record
TN:
SF:components/ui/radio-group.tsx
FN:12,(anonymous_6)
FN:20,(anonymous_7)
FNF:2
FNH:0
FNDA:0,(anonymous_6)
FNDA:0,(anonymous_7)
DA:3,0
DA:4,0
DA:5,0
DA:7,0
DA:9,0
DA:15,0
DA:17,0
DA:36,0
DA:38,0
LF:9
LH:0
BRF:0
BRH:0
end_of_record
TN:
SF:components/ui/select.tsx
FNF:0
FNH:0
DA:3,0
DA:4,0
DA:5,0
DA:7,0
DA:9,0
DA:11,0
DA:13,0
DA:33,0
DA:47,0
DA:61,0
DA:93,0
DA:101,0
DA:124,0
DA:132,0
DA:135,0
DA:136,0
DA:137,0
DA:138,0
DA:139,0
DA:140,0
DA:141,0
DA:142,0
DA:143,0
DA:144,0
LF:24
LH:0
BRDA:66,0,0,0
BRDA:72,1,0,0
BRDA:72,1,1,0
BRDA:83,2,0,0
BRDA:83,2,1,0
BRF:5
BRH:0
end_of_record
TN:
SF:components/ui/switch.tsx
FN:8,Switch
FNF:1
FNH:0
FNDA:0,Switch
DA:3,0
DA:4,0
DA:6,0
DA:31,0
LF:4
LH:0
BRF:0
BRH:0
end_of_record
TN:
SF:components/ui/textarea.tsx
FN:7,(anonymous_4)
FNF:1
FNH:0
FNDA:0,(anonymous_4)
DA:1,0
DA:3,0
DA:7,0
DA:19,0
DA:21,0
LF:5
LH:0
BRF:0
BRH:0
end_of_record
TN:
SF:contexts/CatalogContext.tsx
FN:14,(anonymous_3)
FN:17,(anonymous_4)
FN:18,(anonymous_5)
FN:19,(anonymous_6)
FN:19,(anonymous_7)
FN:28,(anonymous_8)
FNF:6
FNH:6
FNDA:9,(anonymous_3)
FNDA:2,(anonymous_4)
FNDA:1,(anonymous_5)
FNDA:2,(anonymous_6)
FNDA:2,(anonymous_7)
FNDA:9,(anonymous_8)
DA:3,1
DA:12,1
DA:14,4
DA:15,9
DA:17,9
DA:18,9
DA:19,9
DA:28,9
DA:29,9
DA:30,9
DA:31,0
DA:33,9
LF:12
LH:11
BRDA:30,0,0,0
BRF:1
BRH:0
end_of_record
TN:
SF:hooks/useAuth.ts
FN:19,(anonymous_1)
FN:37,(anonymous_2)
FN:59,(anonymous_3)
FN:105,(anonymous_4)
FN:140,(anonymous_5)
FN:146,(anonymous_6)
FN:146,(anonymous_7)
FN:152,(anonymous_8)
FN:196,(anonymous_9)
FN:228,(anonymous_10)
FNF:10
FNH:0
FNDA:0,(anonymous_1)
FNDA:0,(anonymous_2)
FNDA:0,(anonymous_3)
FNDA:0,(anonymous_4)
FNDA:0,(anonymous_5)
FNDA:0,(anonymous_6)
FNDA:0,(anonymous_7)
FNDA:0,(anonymous_8)
FNDA:0,(anonymous_9)
FNDA:0,(anonymous_10)
DA:1,0
DA:2,0
DA:3,0
DA:19,0
DA:20,0
DA:21,0
DA:28,0
DA:29,0
DA:30,0
DA:31,0
DA:32,0
DA:33,0
DA:34,0
DA:35,0
DA:37,0
DA:38,0
DA:39,0
DA:40,0
DA:41,0
DA:42,0
DA:43,0
DA:44,0
DA:45,0
DA:47,0
DA:54,0
DA:56,0
DA:59,0
DA:60,0
DA:61,0
DA:62,0
DA:63,0
DA:64,0
DA:66,0
DA:67,0
DA:68,0
DA:69,0
DA:71,0
DA:72,0
DA:78,0
DA:79,0
DA:82,0
DA:89,0
DA:96,0
DA:97,0
DA:105,0
DA:106,0
DA:107,0
DA:108,0
DA:110,0
DA:111,0
DA:112,0
DA:113,0
DA:114,0
DA:115,0
DA:116,0
DA:117,0
DA:119,0
DA:125,0
DA:128,0
DA:131,0
DA:132,0
DA:133,0
DA:136,0
DA:140,0
DA:141,0
DA:142,0
DA:144,0
DA:146,0
DA:148,0
DA:152,0
DA:153,0
DA:154,0
DA:155,0
DA:158,0
DA:159,0
DA:161,0
DA:163,0
DA:164,0
DA:171,0
DA:172,0
DA:173,0
DA:175,0
DA:176,0
DA:177,0
DA:179,0
DA:180,0
DA:181,0
DA:183,0
DA:185,0
DA:186,0
DA:189,0
DA:190,0
DA:192,0
DA:196,0
DA:197,0
DA:199,0
DA:200,0
DA:201,0
DA:202,0
DA:209,0
DA:210,0
DA:211,0
DA:212,0
DA:214,0
DA:215,0
DA:216,0
DA:217,0
DA:219,0
DA:222,0
DA:224,0
DA:228,0
DA:229,0
DA:232,0
LF:113
LH:0
BRDA:66,0,0,0
BRDA:66,0,1,0
BRDA:66,1,0,0
BRDA:66,1,1,0
BRDA:66,1,2,0
BRDA:67,2,0,0
BRDA:67,2,1,0
BRDA:71,3,0,0
BRDA:71,3,1,0
BRDA:107,4,0,0
BRDA:107,4,1,0
BRDA:110,5,0,0
BRDA:110,5,1,0
BRDA:111,6,0,0
BRDA:111,6,1,0
BRDA:112,7,0,0
BRDA:112,7,1,0
BRDA:114,8,0,0
BRDA:114,8,1,0
BRDA:131,9,0,0
BRDA:141,10,0,0
BRDA:141,10,1,0
BRDA:144,11,0,0
BRDA:153,12,0,0
BRDA:175,13,0,0
BRDA:175,13,1,0
BRDA:185,14,0,0
BRDA:185,14,1,0
BRDA:197,15,0,0
BRDA:209,16,0,0
BRDA:209,16,1,0
BRDA:211,17,0,0
BRDA:211,18,0,0
BRDA:211,18,1,0
BRF:34
BRH:0
end_of_record
TN:
SF:hooks/useCart.ts
FN:18,(anonymous_1)
FN:24,(anonymous_2)
FN:32,(anonymous_3)
FN:45,(anonymous_4)
FN:57,(anonymous_5)
FN:68,(anonymous_6)
FN:71,(anonymous_7)
FN:79,(anonymous_8)
FN:97,(anonymous_9)
FN:98,(anonymous_10)
FN:106,(anonymous_11)
FN:124,(anonymous_12)
FN:142,(anonymous_13)
FN:143,(anonymous_14)
FN:153,(anonymous_15)
FN:174,(anonymous_16)
FN:175,(anonymous_17)
FN:186,(anonymous_18)
FN:205,(anonymous_19)
FN:252,(anonymous_20)
FN:253,(anonymous_21)
FN:270,(anonymous_22)
FN:275,(anonymous_23)
FN:276,(anonymous_24)
FN:281,(anonymous_25)
FN:290,(anonymous_26)
FNF:26
FNH:11
FNDA:26,(anonymous_1)
FNDA:10,(anonymous_2)
FNDA:0,(anonymous_3)
FNDA:0,(anonymous_4)
FNDA:0,(anonymous_5)
FNDA:5,(anonymous_6)
FNDA:6,(anonymous_7)
FNDA:5,(anonymous_8)
FNDA:5,(anonymous_9)
FNDA:2,(anonymous_10)
FNDA:1,(anonymous_11)
FNDA:0,(anonymous_12)
FNDA:0,(anonymous_13)
FNDA:0,(anonymous_14)
FNDA:0,(anonymous_15)
FNDA:0,(anonymous_16)
FNDA:0,(anonymous_17)
FNDA:0,(anonymous_18)
FNDA:0,(anonymous_19)
FNDA:0,(anonymous_20)
FNDA:0,(anonymous_21)
FNDA:10,(anonymous_22)
FNDA:10,(anonymous_23)
FNDA:0,(anonymous_24)
FNDA:0,(anonymous_25)
FNDA:10,(anonymous_26)
DA:1,1
DA:2,1
DA:3,1
DA:18,26
DA:19,26
DA:20,26
DA:21,26
DA:24,26
DA:25,10
DA:26,10
DA:28,10
DA:30,0
DA:31,0
DA:32,0
DA:44,0
DA:45,0
DA:46,0
DA:47,0
DA:49,0
DA:55,10
DA:56,10
DA:57,10
DA:58,10
DA:59,10
DA:61,0
DA:62,0
DA:63,0
DA:68,26
DA:69,5
DA:70,5
DA:71,6
DA:72,5
DA:74,0
DA:79,26
DA:80,5
DA:82,5
DA:84,0
DA:85,0
DA:87,0
DA:88,0
DA:90,0
DA:91,0
DA:97,5
DA:98,5
DA:99,2
DA:105,5
DA:106,1
DA:107,1
DA:114,4
DA:117,5
DA:118,5
DA:119,5
DA:124,26
DA:125,0
DA:127,0
DA:129,0
DA:130,0
DA:132,0
DA:133,0
DA:135,0
DA:136,0
DA:142,0
DA:143,0
DA:144,0
DA:146,0
DA:147,0
DA:148,0
DA:153,26
DA:154,0
DA:155,0
DA:156,0
DA:159,0
DA:161,0
DA:163,0
DA:164,0
DA:166,0
DA:168,0
DA:174,0
DA:175,0
DA:176,0
DA:180,0
DA:181,0
DA:186,26
DA:187,0
DA:189,0
DA:191,0
DA:192,0
DA:194,0
DA:199,0
DA:200,0
DA:201,0
DA:205,26
DA:206,0
DA:207,0
DA:208,0
DA:211,0
DA:213,0
DA:215,0
DA:216,0
DA:221,0
DA:222,0
DA:224,0
DA:225,0
DA:229,0
DA:230,0
DA:231,0
DA:232,0
DA:234,0
DA:240,0
DA:243,0
DA:245,0
DA:247,0
DA:252,26
DA:253,0
DA:254,0
DA:255,0
DA:256,0
DA:257,0
DA:259,0
DA:270,26
DA:271,10
DA:275,26
DA:276,10
DA:277,0
DA:278,0
DA:281,10
DA:282,0
DA:283,0
DA:287,10
DA:288,10
DA:290,10
DA:291,10
DA:292,10
DA:296,26
LF:134
LH:50
BRDA:28,0,0,0
BRDA:37,1,0,0
BRDA:37,1,1,0
BRDA:38,2,0,0
BRDA:38,2,1,0
BRDA:45,3,0,0
BRDA:45,3,1,0
BRDA:55,4,0,10
BRDA:55,4,1,10
BRDA:82,5,0,0
BRDA:82,6,0,5
BRDA:82,6,1,0
BRDA:99,7,0,2
BRDA:99,7,1,2
BRDA:99,7,2,1
BRDA:105,8,0,1
BRDA:105,8,1,4
BRDA:107,9,0,1
BRDA:107,9,1,0
BRDA:107,10,0,1
BRDA:107,10,1,1
BRDA:107,10,2,1
BRDA:127,11,0,0
BRDA:127,12,0,0
BRDA:127,12,1,0
BRDA:144,13,0,0
BRDA:144,13,1,0
BRDA:144,13,2,0
BRDA:154,14,0,0
BRDA:161,15,0,0
BRDA:161,16,0,0
BRDA:161,16,1,0
BRDA:176,17,0,0
BRDA:176,17,1,0
BRDA:176,18,0,0
BRDA:176,18,1,0
BRDA:176,18,2,0
BRDA:189,19,0,0
BRDA:189,20,0,0
BRDA:189,20,1,0
BRDA:208,21,0,0
BRDA:211,22,0,0
BRDA:211,22,1,0
BRDA:213,23,0,0
BRDA:230,24,0,0
BRDA:254,25,0,0
BRDA:254,25,1,0
BRF:47
BRH:12
end_of_record
TN:
SF:hooks/useWishlist.ts
FN:7,(anonymous_1)
FN:12,(anonymous_2)
FN:17,(anonymous_3)
FN:25,(anonymous_4)
FN:35,(anonymous_5)
FN:67,(anonymous_6)
FN:77,(anonymous_7)
FN:96,(anonymous_8)
FN:97,(anonymous_9)
FN:106,(anonymous_10)
FN:126,(anonymous_11)
FN:126,(anonymous_12)
FN:130,(anonymous_13)
FN:133,(anonymous_14)
FN:137,(anonymous_15)
FN:174,(anonymous_16)
FN:175,(anonymous_17)
FN:180,(anonymous_18)
FN:189,(anonymous_19)
FNF:19
FNH:11
FNDA:22,(anonymous_1)
FNDA:9,(anonymous_2)
FNDA:9,(anonymous_3)
FNDA:0,(anonymous_4)
FNDA:0,(anonymous_5)
FNDA:22,(anonymous_6)
FNDA:3,(anonymous_7)
FNDA:3,(anonymous_8)
FNDA:1,(anonymous_9)
FNDA:2,(anonymous_10)
FNDA:2,(anonymous_11)
FNDA:0,(anonymous_12)
FNDA:0,(anonymous_13)
FNDA:0,(anonymous_14)
FNDA:0,(anonymous_15)
FNDA:9,(anonymous_16)
FNDA:0,(anonymous_17)
FNDA:0,(anonymous_18)
FNDA:9,(anonymous_19)
DA:2,1
DA:4,1
DA:5,1
DA:7,22
DA:8,22
DA:9,22
DA:10,22
DA:12,22
DA:13,9
DA:14,9
DA:17,22
DA:18,9
DA:19,9
DA:21,9
DA:23,0
DA:24,0
DA:25,0
DA:26,0
DA:27,0
DA:35,0
DA:47,0
DA:48,0
DA:49,0
DA:51,0
DA:57,9
DA:58,9
DA:59,0
DA:61,9
DA:63,0
DA:67,22
DA:68,22
DA:69,13
DA:70,13
DA:72,0
DA:77,22
DA:78,3
DA:80,3
DA:82,0
DA:83,0
DA:84,0
DA:86,0
DA:87,0
DA:89,0
DA:90,0
DA:96,3
DA:97,3
DA:98,1
DA:101,2
DA:102,2
DA:106,22
DA:107,2
DA:109,2
DA:111,0
DA:112,0
DA:113,0
DA:115,0
DA:116,0
DA:118,0
DA:119,0
DA:125,2
DA:126,2
DA:127,2
DA:130,22
DA:132,0
DA:133,0
DA:137,22
DA:138,0
DA:139,0
DA:140,0
DA:143,0
DA:145,0
DA:147,0
DA:148,0
DA:152,0
DA:153,0
DA:154,0
DA:155,0
DA:157,0
DA:162,0
DA:165,0
DA:167,0
DA:169,0
DA:174,22
DA:175,9
DA:176,0
DA:177,0
DA:180,9
DA:181,0
DA:182,0
DA:186,9
DA:187,9
DA:189,9
DA:190,9
DA:191,9
DA:195,22
LF:95
LH:46
BRDA:21,0,0,0
BRDA:28,1,0,0
BRDA:28,1,1,0
BRDA:29,2,0,0
BRDA:29,2,1,0
BRDA:30,3,0,0
BRDA:30,3,1,0
BRDA:30,3,2,0
BRDA:31,4,0,0
BRDA:31,4,1,0
BRDA:35,5,0,0
BRDA:35,5,1,0
BRDA:36,6,0,0
BRDA:36,6,1,0
BRDA:37,7,0,0
BRDA:37,7,1,0
BRDA:42,8,0,0
BRDA:42,8,1,0
BRDA:58,9,0,0
BRDA:68,10,0,13
BRDA:80,11,0,0
BRDA:83,12,0,0
BRDA:83,12,1,0
BRDA:97,13,0,1
BRDA:109,14,0,0
BRDA:109,15,0,2
BRDA:109,15,1,0
BRDA:112,16,0,0
BRDA:112,16,1,0
BRDA:140,17,0,0
BRDA:143,18,0,0
BRDA:143,18,1,0
BRDA:145,19,0,0
BRDA:154,20,0,0
BRDA:154,20,1,0
BRF:35
BRH:3
end_of_record
TN:
SF:lib/api.ts
FN:14,(anonymous_9)
FN:27,apiRequest
FN:39,(anonymous_11)
FN:88,(anonymous_12)
FN:131,(anonymous_13)
FN:140,(anonymous_14)
FN:161,(anonymous_15)
FN:171,(anonymous_16)
FN:180,(anonymous_17)
FN:185,(anonymous_18)
FN:214,(anonymous_19)
FN:220,(anonymous_20)
FN:223,(anonymous_21)
FN:226,(anonymous_22)
FN:229,(anonymous_23)
FN:251,(anonymous_24)
FN:260,(anonymous_25)
FN:267,(anonymous_26)
FN:274,(anonymous_27)
FN:280,(anonymous_28)
FN:289,(anonymous_29)
FN:296,(anonymous_30)
FN:303,(anonymous_31)
FN:309,(anonymous_32)
FN:319,(anonymous_33)
FN:325,(anonymous_34)
FN:329,(anonymous_35)
FN:334,(anonymous_36)
FN:339,(anonymous_37)
FN:355,(anonymous_38)
FN:360,(anonymous_39)
FN:367,(anonymous_40)
FN:373,(anonymous_41)
FNF:33
FNH:8
FNDA:10,(anonymous_9)
FNDA:10,apiRequest
FNDA:7,(anonymous_11)
FNDA:0,(anonymous_12)
FNDA:0,(anonymous_13)
FNDA:0,(anonymous_14)
FNDA:0,(anonymous_15)
FNDA:0,(anonymous_16)
FNDA:1,(anonymous_17)
FNDA:1,(anonymous_18)
FNDA:1,(anonymous_19)
FNDA:1,(anonymous_20)
FNDA:0,(anonymous_21)
FNDA:0,(anonymous_22)
FNDA:0,(anonymous_23)
FNDA:0,(anonymous_24)
FNDA:0,(anonymous_25)
FNDA:0,(anonymous_26)
FNDA:0,(anonymous_27)
FNDA:0,(anonymous_28)
FNDA:0,(anonymous_29)
FNDA:0,(anonymous_30)
FNDA:0,(anonymous_31)
FNDA:0,(anonymous_32)
FNDA:1,(anonymous_33)
FNDA:0,(anonymous_34)
FNDA:0,(anonymous_35)
FNDA:0,(anonymous_36)
FNDA:0,(anonymous_37)
FNDA:0,(anonymous_38)
FNDA:0,(anonymous_39)
FNDA:0,(anonymous_40)
FNDA:0,(anonymous_41)
DA:6,3
DA:15,10
DA:16,10
DA:17,10
DA:19,10
DA:20,10
DA:27,7
DA:31,10
DA:34,10
DA:37,10
DA:38,2
DA:39,2
DA:40,7
DA:41,4
DA:44,2
DA:45,2
DA:46,2
DA:51,10
DA:57,10
DA:58,0
DA:62,10
DA:63,1
DA:64,1
DA:65,1
DA:67,0
DA:71,9
DA:72,9
DA:80,8
DA:81,1
DA:83,0
DA:84,0
DA:87,0
DA:88,0
DA:89,0
DA:93,0
DA:101,0
DA:108,7
DA:109,0
DA:110,0
DA:113,0
DA:115,9
DA:116,0
DA:120,9
DA:121,9
DA:130,3
DA:132,0
DA:141,0
DA:162,0
DA:172,0
DA:179,5
DA:181,1
DA:197,1
DA:215,1
DA:219,3
DA:221,1
DA:224,0
DA:227,0
DA:243,0
DA:250,3
DA:252,0
DA:261,0
DA:268,0
DA:275,0
DA:281,0
DA:288,3
DA:290,0
DA:297,0
DA:304,0
DA:310,0
DA:317,3
DA:320,1
DA:326,0
DA:330,0
DA:335,0
DA:349,0
DA:356,0
DA:361,0
DA:368,0
DA:374,0
DA:382,2
LF:80
LH:43
BRDA:29,0,0,6
BRDA:31,1,0,9
BRDA:37,2,0,2
BRDA:40,3,0,4
BRDA:40,4,0,7
BRDA:40,4,1,7
BRDA:45,5,0,2
BRDA:57,6,0,0
BRDA:62,7,0,1
BRDA:64,8,0,1
BRDA:80,9,0,1
BRDA:83,10,0,0
BRDA:87,11,0,0
BRDA:95,12,0,0
BRDA:95,12,1,0
BRDA:95,12,2,0
BRDA:109,13,0,0
BRDA:115,14,0,0
BRDA:182,15,0,1
BRDA:182,15,1,0
BRF:20
BRH:11
end_of_record
TN:
SF:lib/config.ts
FNF:0
FNH:0
DA:2,15
DA:43,3
DA:53,3
DA:60,3
LF:4
LH:4
BRDA:3,0,0,3
BRDA:3,0,1,3
BRDA:44,1,0,3
BRDA:44,1,1,3
BRF:4
BRH:4
end_of_record
TN:
SF:lib/products.ts
FN:284,(anonymous_10)
FN:285,(anonymous_11)
FN:290,(anonymous_12)
FN:291,(anonymous_13)
FN:297,(anonymous_14)
FN:299,(anonymous_15)
FN:304,(anonymous_16)
FN:306,(anonymous_17)
FN:315,(anonymous_18)
FN:316,(anonymous_19)
FN:320,(anonymous_20)
FN:325,(anonymous_21)
FN:330,(anonymous_22)
FNF:13
FNH:0
FNDA:0,(anonymous_10)
FNDA:0,(anonymous_11)
FNDA:0,(anonymous_12)
FNDA:0,(anonymous_13)
FNDA:0,(anonymous_14)
FNDA:0,(anonymous_15)
FNDA:0,(anonymous_16)
FNDA:0,(anonymous_17)
FNDA:0,(anonymous_18)
FNDA:0,(anonymous_19)
FNDA:0,(anonymous_20)
FNDA:0,(anonymous_21)
FNDA:0,(anonymous_22)
DA:25,0
DA:284,0
DA:285,0
DA:286,0
DA:290,0
DA:291,0
DA:292,0
DA:297,0
DA:298,0
DA:299,0
DA:304,0
DA:305,0
DA:306,0
DA:307,0
DA:315,0
DA:316,0
DA:320,0
DA:321,0
DA:325,0
DA:326,0
DA:330,0
DA:331,0
LF:22
LH:0
BRDA:286,0,0,0
BRDA:286,0,1,0
BRDA:297,1,0,0
BRDA:299,2,0,0
BRDA:299,2,1,0
BRDA:307,3,0,0
BRDA:307,3,1,0
BRDA:307,3,2,0
BRDA:307,3,3,0
BRDA:307,3,4,0
BRDA:325,4,0,0
BRDA:331,5,0,0
BRDA:331,5,1,0
BRF:13
BRH:0
end_of_record
TN:
SF:lib/toast.ts
FN:9,(anonymous_1)
FN:15,(anonymous_2)
FN:21,(anonymous_3)
FN:25,(anonymous_4)
FN:31,(anonymous_5)
FNF:5
FNH:0
FNDA:0,(anonymous_1)
FNDA:0,(anonymous_2)
FNDA:0,(anonymous_3)
FNDA:0,(anonymous_4)
FNDA:0,(anonymous_5)
DA:6,2
DA:8,2
DA:10,0
DA:16,0
DA:21,0
DA:26,0
DA:32,0
LF:7
LH:2
BRF:0
BRH:0
end_of_record
TN:
SF:lib/utils.ts
FN:4,cn
FNF:1
FNH:0
FNDA:0,cn
DA:1,0
DA:2,0
DA:4,0
DA:5,0
LF:4
LH:0
BRF:0
BRH:0
end_of_record
